#
# There is insufficient memory for the Java Runtime Environment to continue.
# Native memory allocation (mmap) failed to map 22020096 bytes. Error detail: G1 virtual space
# Possible reasons:
#   The system is out of physical RAM or swap space
#   This process is running with CompressedOops enabled, and the Java Heap may be blocking the growth of the native heap
# Possible solutions:
#   Reduce memory load on the system
#   Increase physical memory or swap space
#   Check if swap backing store is full
#   Decrease Java heap size (-Xmx/-Xms)
#   Decrease number of Java threads
#   Decrease Java thread stack sizes (-Xss)
#   Set larger code cache with -XX:ReservedCodeCacheSize=
#   JVM is running with Unscaled Compressed Oops mode in which the Java heap is
#     placed in the first 4GB address space. The Java Heap base address is the
#     maximum limit for the native heap growth. Please use -XX:HeapBaseMinAddress
#     to set the Java Heap base and to place the Java Heap above 4GB virtual address.
# This output file may be truncated or incomplete.
#
#  Out of Memory Error (os_windows.cpp:3815), pid=10248, tid=22256
#
# JRE version: OpenJDK Runtime Environment (21.0.3) (build 21.0.3+-12282718-b509.11)
# Java VM: OpenJDK 64-Bit Server VM (21.0.3+-12282718-b509.11, mixed mode, tiered, compressed oops, compressed class ptrs, g1 gc, windows-amd64)
# No core dump will be written. Minidumps are not enabled by default on client versions of Windows
#

---------------  S U M M A R Y ------------

Command Line: --add-opens=java.base/java.util=ALL-UNNAMED --add-opens=java.base/java.lang=ALL-UNNAMED --add-opens=java.base/java.lang.invoke=ALL-UNNAMED --add-opens=java.prefs/java.util.prefs=ALL-UNNAMED --add-exports=jdk.compiler/com.sun.tools.javac.api=ALL-UNNAMED --add-exports=jdk.compiler/com.sun.tools.javac.util=ALL-UNNAMED --add-opens=java.base/java.nio.charset=ALL-UNNAMED --add-opens=java.base/java.net=ALL-UNNAMED --add-opens=java.base/java.util.concurrent.atomic=ALL-UNNAMED -Xmx2048m -Dfile.encoding=UTF-8 -Duser.country=US -Duser.language=en -Duser.variant -javaagent:C:\Users\Akira\.gradle\wrapper\dists\gradle-8.9-bin\90cnw93cvbtalezasaz0blq0a\gradle-8.9\lib\agents\gradle-instrumentation-agent-8.9.jar org.gradle.launcher.daemon.bootstrap.GradleDaemon 8.9

Host: AMD Ryzen 3 3250U with Radeon Graphics         , 4 cores, 3G,  Windows 11 , 64 bit Build 22621 (10.0.22621.3958)
Time: Sat Oct 12 13:57:59 2024 Eastern Daylight Time elapsed time: 30.938832 seconds (0d 0h 0m 30s)

---------------  T H R E A D  ---------------

Current thread (0x00000204e6742970):  VMThread "VM Thread"          [id=22256, stack(0x0000000dc4800000,0x0000000dc4900000) (1024K)]

Stack: [0x0000000dc4800000,0x0000000dc4900000]
Native frames: (J=compiled Java code, j=interpreted, Vv=VM code, C=native code)
V  [jvm.dll+0x6cafb9]
V  [jvm.dll+0x858523]
V  [jvm.dll+0x85aa7e]
V  [jvm.dll+0x85b163]
V  [jvm.dll+0x27d356]
V  [jvm.dll+0x6c7865]
V  [jvm.dll+0x6bbd3a]
V  [jvm.dll+0x35199b]
V  [jvm.dll+0x3595d6]
V  [jvm.dll+0x3aa826]
V  [jvm.dll+0x3aaaf8]
V  [jvm.dll+0x3240bc]
V  [jvm.dll+0x324147]
V  [jvm.dll+0x36a00c]
V  [jvm.dll+0x36879e]
V  [jvm.dll+0x3237c1]
V  [jvm.dll+0x367eb0]
V  [jvm.dll+0x860ac8]
V  [jvm.dll+0x861bc4]
V  [jvm.dll+0x862100]
V  [jvm.dll+0x862393]
V  [jvm.dll+0x800d78]
V  [jvm.dll+0x6c98cd]
C  [ucrtbase.dll+0x29333]
C  [KERNEL32.DLL+0x1257d]
C  [ntdll.dll+0x5af28]

VM_Operation (0x0000000dc5cf48a0): G1CollectForAllocation, mode: safepoint, requested by thread 0x0000020485a62fb0


---------------  P R O C E S S  ---------------

Threads class SMR info:
_java_thread_list=0x000002048608bbd0, length=40, elements={
0x00000204e6773610, 0x00000204ff8e9b10, 0x00000204ff8cc230, 0x00000204ff8ceb70,
0x00000204ff8cf890, 0x00000204ff8eb6e0, 0x00000204ff8ec140, 0x00000204ff8f82e0,
0x00000204ff8faec0, 0x00000204ff961e00, 0x000002048401c8b0, 0x0000020484d59780,
0x0000020484d79c50, 0x00000204855b6a70, 0x0000020484bf41d0, 0x00000204ffbe7300,
0x000002048564d490, 0x0000020485a62fb0, 0x0000020485a64360, 0x0000020485a62920,
0x0000020485a63640, 0x0000020485a63cd0, 0x0000020485a649f0, 0x0000020485a61570,
0x0000020485a62290, 0x0000020487064130, 0x0000020487066f20, 0x00000204870654e0,
0x00000204870626f0, 0x0000020487067c40, 0x00000204870647c0, 0x0000020487064e50,
0x0000020487063410, 0x00000204870675b0, 0x0000020487061340, 0x0000020487068960,
0x0000020487063aa0, 0x00000204870619d0, 0x0000020487066200, 0x0000020487066890
}

Java Threads: ( => current thread )
  0x00000204e6773610 JavaThread "main"                              [_thread_blocked, id=5912, stack(0x0000000dc4100000,0x0000000dc4200000) (1024K)]
  0x00000204ff8e9b10 JavaThread "Reference Handler"          daemon [_thread_blocked, id=17040, stack(0x0000000dc4900000,0x0000000dc4a00000) (1024K)]
  0x00000204ff8cc230 JavaThread "Finalizer"                  daemon [_thread_blocked, id=12384, stack(0x0000000dc4a00000,0x0000000dc4b00000) (1024K)]
  0x00000204ff8ceb70 JavaThread "Signal Dispatcher"          daemon [_thread_blocked, id=9020, stack(0x0000000dc4b00000,0x0000000dc4c00000) (1024K)]
  0x00000204ff8cf890 JavaThread "Attach Listener"            daemon [_thread_blocked, id=8636, stack(0x0000000dc4c00000,0x0000000dc4d00000) (1024K)]
  0x00000204ff8eb6e0 JavaThread "Service Thread"             daemon [_thread_blocked, id=24792, stack(0x0000000dc4d00000,0x0000000dc4e00000) (1024K)]
  0x00000204ff8ec140 JavaThread "Monitor Deflation Thread"   daemon [_thread_blocked, id=16132, stack(0x0000000dc4e00000,0x0000000dc4f00000) (1024K)]
  0x00000204ff8f82e0 JavaThread "C2 CompilerThread0"         daemon [_thread_blocked, id=15204, stack(0x0000000dc4f00000,0x0000000dc5000000) (1024K)]
  0x00000204ff8faec0 JavaThread "C1 CompilerThread0"         daemon [_thread_blocked, id=15856, stack(0x0000000dc5000000,0x0000000dc5100000) (1024K)]
  0x00000204ff961e00 JavaThread "Common-Cleaner"             daemon [_thread_blocked, id=16424, stack(0x0000000dc5100000,0x0000000dc5200000) (1024K)]
  0x000002048401c8b0 JavaThread "Notification Thread"        daemon [_thread_blocked, id=17756, stack(0x0000000dc5200000,0x0000000dc5300000) (1024K)]
  0x0000020484d59780 JavaThread "Daemon health stats"               [_thread_blocked, id=11996, stack(0x0000000dc5600000,0x0000000dc5700000) (1024K)]
  0x0000020484d79c50 JavaThread "Incoming local TCP Connector on port 57451"        [_thread_in_native, id=21044, stack(0x0000000dc5700000,0x0000000dc5800000) (1024K)]
  0x00000204855b6a70 JavaThread "Daemon periodic checks"            [_thread_blocked, id=21096, stack(0x0000000dc5800000,0x0000000dc5900000) (1024K)]
  0x0000020484bf41d0 JavaThread "Daemon"                            [_thread_blocked, id=19536, stack(0x0000000dc5900000,0x0000000dc5a00000) (1024K)]
  0x00000204ffbe7300 JavaThread "Handler for socket connection from /127.0.0.1:57451 to /127.0.0.1:57452"        [_thread_in_native, id=8700, stack(0x0000000dc5a00000,0x0000000dc5b00000) (1024K)]
  0x000002048564d490 JavaThread "Cancel handler"                    [_thread_blocked, id=18532, stack(0x0000000dc5b00000,0x0000000dc5c00000) (1024K)]
  0x0000020485a62fb0 JavaThread "Daemon worker"                     [_thread_blocked, id=2012, stack(0x0000000dc5c00000,0x0000000dc5d00000) (1024K)]
  0x0000020485a64360 JavaThread "Asynchronous log dispatcher for DefaultDaemonConnection: socket connection from /127.0.0.1:57451 to /127.0.0.1:57452"        [_thread_blocked, id=10260, stack(0x0000000dc5d00000,0x0000000dc5e00000) (1024K)]
  0x0000020485a62920 JavaThread "Stdin handler"                     [_thread_blocked, id=17300, stack(0x0000000dc5e00000,0x0000000dc5f00000) (1024K)]
  0x0000020485a63640 JavaThread "Daemon client event forwarder"        [_thread_blocked, id=11688, stack(0x0000000dc5f00000,0x0000000dc6000000) (1024K)]
  0x0000020485a63cd0 JavaThread "Cache worker for journal cache (C:\Users\Akira\.gradle\caches\journal-1)"        [_thread_blocked, id=22108, stack(0x0000000dc6000000,0x0000000dc6100000) (1024K)]
  0x0000020485a649f0 JavaThread "File lock request listener"        [_thread_in_native, id=10184, stack(0x0000000dc6100000,0x0000000dc6200000) (1024K)]
  0x0000020485a61570 JavaThread "Cache worker for file hash cache (C:\Users\Akira\.gradle\caches\8.9\fileHashes)"        [_thread_blocked, id=20504, stack(0x0000000dc6200000,0x0000000dc6300000) (1024K)]
  0x0000020485a62290 JavaThread "Cache worker for file hash cache (C:\Users\Akira\AndroidStudioProjects\HappyBirthday\.gradle\8.9\fileHashes)"        [_thread_blocked, id=324, stack(0x0000000dc6300000,0x0000000dc6400000) (1024K)]
  0x0000020487064130 JavaThread "Cache worker for Build Output Cleanup Cache (C:\Users\Akira\AndroidStudioProjects\HappyBirthday\.gradle\buildOutputCleanup)"        [_thread_blocked, id=14012, stack(0x0000000dc6400000,0x0000000dc6500000) (1024K)]
  0x0000020487066f20 JavaThread "File watcher server"        daemon [_thread_in_native, id=14464, stack(0x0000000dc6500000,0x0000000dc6600000) (1024K)]
  0x00000204870654e0 JavaThread "File watcher consumer"      daemon [_thread_blocked, id=23896, stack(0x0000000dc6600000,0x0000000dc6700000) (1024K)]
  0x00000204870626f0 JavaThread "jar transforms"                    [_thread_blocked, id=22060, stack(0x0000000dc6700000,0x0000000dc6800000) (1024K)]
  0x0000020487067c40 JavaThread "jar transforms Thread 2"           [_thread_blocked, id=17208, stack(0x0000000dc6800000,0x0000000dc6900000) (1024K)]
  0x00000204870647c0 JavaThread "jar transforms Thread 3"           [_thread_blocked, id=8208, stack(0x0000000dc6900000,0x0000000dc6a00000) (1024K)]
  0x0000020487064e50 JavaThread "jar transforms Thread 4"           [_thread_blocked, id=17640, stack(0x0000000dc6a00000,0x0000000dc6b00000) (1024K)]
  0x0000020487063410 JavaThread "Cache worker for checksums cache (C:\Users\Akira\AndroidStudioProjects\HappyBirthday\.gradle\8.9\checksums)"        [_thread_blocked, id=24056, stack(0x0000000dc6b00000,0x0000000dc6c00000) (1024K)]
  0x00000204870675b0 JavaThread "Cache worker for file content cache (C:\Users\Akira\.gradle\caches\8.9\fileContent)"        [_thread_blocked, id=16572, stack(0x0000000dc6c00000,0x0000000dc6d00000) (1024K)]
  0x0000020487061340 JavaThread "Cache worker for cache directory md-rule (C:\Users\Akira\.gradle\caches\8.9\md-rule)"        [_thread_blocked, id=17036, stack(0x0000000dc6d00000,0x0000000dc6e00000) (1024K)]
  0x0000020487068960 JavaThread "Cache worker for cache directory md-supplier (C:\Users\Akira\.gradle\caches\8.9\md-supplier)"        [_thread_blocked, id=24640, stack(0x0000000dc6e00000,0x0000000dc6f00000) (1024K)]
  0x0000020487063aa0 JavaThread "Unconstrained build operations"        [_thread_blocked, id=21420, stack(0x0000000dc6f00000,0x0000000dc7000000) (1024K)]
  0x00000204870619d0 JavaThread "Unconstrained build operations Thread 2"        [_thread_blocked, id=13836, stack(0x0000000dc7000000,0x0000000dc7100000) (1024K)]
  0x0000020487066200 JavaThread "Unconstrained build operations Thread 3"        [_thread_blocked, id=18632, stack(0x0000000dc7100000,0x0000000dc7200000) (1024K)]
  0x0000020487066890 JavaThread "Unconstrained build operations Thread 4"        [_thread_blocked, id=22628, stack(0x0000000dc7200000,0x0000000dc7300000) (1024K)]
Total: 40

Other Threads:
=>0x00000204e6742970 VMThread "VM Thread"                           [id=22256, stack(0x0000000dc4800000,0x0000000dc4900000) (1024K)]
  0x00000204ff6c38f0 WatcherThread "VM Periodic Task Thread"        [id=14108, stack(0x0000000dc4700000,0x0000000dc4800000) (1024K)]
  0x00000204e67437f0 WorkerThread "GC Thread#0"                     [id=15932, stack(0x0000000dc4200000,0x0000000dc4300000) (1024K)]
  0x00000204e6743f30 WorkerThread "GC Thread#1"                     [id=16624, stack(0x0000000dc5300000,0x0000000dc5400000) (1024K)]
  0x00000204e6742d10 WorkerThread "GC Thread#2"                     [id=20016, stack(0x0000000dc5400000,0x0000000dc5500000) (1024K)]
  0x00000204e67430b0 WorkerThread "GC Thread#3"                     [id=20740, stack(0x0000000dc5500000,0x0000000dc5600000) (1024K)]
  0x00000204e896e4e0 ConcurrentGCThread "G1 Main Marker"            [id=13960, stack(0x0000000dc4300000,0x0000000dc4400000) (1024K)]
  0x00000204e6743450 WorkerThread "G1 Conc#0"                       [id=8060, stack(0x0000000dc4400000,0x0000000dc4500000) (1024K)]
  0x00000204ff57a0d0 ConcurrentGCThread "G1 Refine#0"               [id=21576, stack(0x0000000dc4500000,0x0000000dc4600000) (1024K)]
  0x00000204e899c5a0 ConcurrentGCThread "G1 Service"                [id=25212, stack(0x0000000dc4600000,0x0000000dc4700000) (1024K)]
Total: 10

Threads with active compile tasks:
Total: 0

VM state: at safepoint (normal execution)

VM Mutex/Monitor currently owned by a thread:  ([mutex/lock_event])
[0x00007fff8fd620c8] Threads_lock - owner thread: 0x00000204e6742970
[0x00007fff8fd621c8] Heap_lock - owner thread: 0x0000020485a62fb0

Heap address: 0x0000000080000000, size: 2048 MB, Compressed Oops mode: 32-bit

CDS archive(s) not mapped
Compressed class space mapped at: 0x0000000100000000-0x0000000140000000, reserved size: 1073741824
Narrow klass base: 0x0000000000000000, Narrow klass shift: 3, Narrow klass range: 0x140000000

GC Precious Log:
 CardTable entry size: 512
 Card Set container configuration: InlinePtr #cards 5 size 8 Array Of Cards #cards 12 size 40 Howl #buckets 4 coarsen threshold 1843 Howl Bitmap #cards 512 size 80 coarsen threshold 460 Card regions per heap region 1 cards per card region 2048
 CPUs: 4 total, 4 available
 Memory: 3503M
 Large Page Support: Disabled
 NUMA Support: Disabled
 Compressed Oops: Enabled (32-bit)
 Heap Region Size: 1M
 Heap Min Capacity: 8M
 Heap Initial Capacity: 56M
 Heap Max Capacity: 2G
 Pre-touch: Disabled
 Parallel Workers: 4
 Concurrent Workers: 1
 Concurrent Refinement Workers: 4
 Periodic GC: Disabled

Heap:
 garbage-first heap   total 106496K, used 63610K [0x0000000080000000, 0x0000000100000000)
  region size 1024K, 4 young (4096K), 4 survivors (4096K)
 Metaspace       used 62022K, committed 63552K, reserved 1114112K
  class space    used 8547K, committed 9280K, reserved 1048576K

Heap Regions: E=young(eden), S=young(survivor), O=old, HS=humongous(starts), HC=humongous(continues), CS=collection set, F=free, TAMS=top-at-mark-start, PB=parsable bottom
|   0|0x0000000080000000, 0x0000000080100000, 0x0000000080100000|100%|HS|  |TAMS 0x0000000080000000| PB 0x0000000080000000| Complete 
|   1|0x0000000080100000, 0x0000000080200000, 0x0000000080200000|100%|HC|  |TAMS 0x0000000080100000| PB 0x0000000080100000| Complete 
|   2|0x0000000080200000, 0x0000000080300000, 0x0000000080300000|100%|HC|  |TAMS 0x0000000080200000| PB 0x0000000080200000| Complete 
|   3|0x0000000080300000, 0x0000000080400000, 0x0000000080400000|100%|HC|  |TAMS 0x0000000080300000| PB 0x0000000080300000| Complete 
|   4|0x0000000080400000, 0x0000000080500000, 0x0000000080500000|100%| O|  |TAMS 0x0000000080400000| PB 0x0000000080400000| Untracked 
|   5|0x0000000080500000, 0x0000000080600000, 0x0000000080600000|100%| O|  |TAMS 0x0000000080500000| PB 0x0000000080500000| Untracked 
|   6|0x0000000080600000, 0x0000000080700000, 0x0000000080700000|100%| O|  |TAMS 0x0000000080600000| PB 0x0000000080600000| Untracked 
|   7|0x0000000080700000, 0x0000000080800000, 0x0000000080800000|100%| O|  |TAMS 0x0000000080700000| PB 0x0000000080700000| Untracked 
|   8|0x0000000080800000, 0x0000000080900000, 0x0000000080900000|100%| O|  |TAMS 0x0000000080800000| PB 0x0000000080800000| Untracked 
|   9|0x0000000080900000, 0x0000000080a00000, 0x0000000080a00000|100%| O|  |TAMS 0x0000000080900000| PB 0x0000000080900000| Untracked 
|  10|0x0000000080a00000, 0x0000000080b00000, 0x0000000080b00000|100%| O|  |TAMS 0x0000000080a00000| PB 0x0000000080a00000| Untracked 
|  11|0x0000000080b00000, 0x0000000080c00000, 0x0000000080c00000|100%| O|  |TAMS 0x0000000080b00000| PB 0x0000000080b00000| Untracked 
|  12|0x0000000080c00000, 0x0000000080d00000, 0x0000000080d00000|100%|HS|  |TAMS 0x0000000080c00000| PB 0x0000000080c00000| Complete 
|  13|0x0000000080d00000, 0x0000000080e00000, 0x0000000080e00000|100%| O|  |TAMS 0x0000000080d00000| PB 0x0000000080d00000| Untracked 
|  14|0x0000000080e00000, 0x0000000080f00000, 0x0000000080f00000|100%| O|  |TAMS 0x0000000080e00000| PB 0x0000000080e00000| Untracked 
|  15|0x0000000080f00000, 0x0000000080f00000, 0x0000000081000000|  0%| F|  |TAMS 0x0000000080f00000| PB 0x0000000080f00000| Untracked 
|  16|0x0000000081000000, 0x0000000081100000, 0x0000000081100000|100%| O|  |TAMS 0x0000000081000000| PB 0x0000000081000000| Untracked 
|  17|0x0000000081100000, 0x0000000081200000, 0x0000000081200000|100%| O|  |TAMS 0x0000000081100000| PB 0x0000000081100000| Untracked 
|  18|0x0000000081200000, 0x0000000081300000, 0x0000000081300000|100%| O|  |TAMS 0x0000000081200000| PB 0x0000000081200000| Untracked 
|  19|0x0000000081300000, 0x0000000081400000, 0x0000000081400000|100%| O|  |TAMS 0x0000000081300000| PB 0x0000000081300000| Untracked 
|  20|0x0000000081400000, 0x0000000081500000, 0x0000000081500000|100%| O|  |TAMS 0x0000000081400000| PB 0x0000000081400000| Untracked 
|  21|0x0000000081500000, 0x0000000081600000, 0x0000000081600000|100%| O|  |TAMS 0x0000000081500000| PB 0x0000000081500000| Untracked 
|  22|0x0000000081600000, 0x0000000081700000, 0x0000000081700000|100%| O|  |TAMS 0x0000000081600000| PB 0x0000000081600000| Untracked 
|  23|0x0000000081700000, 0x0000000081800000, 0x0000000081800000|100%| O|  |TAMS 0x0000000081700000| PB 0x0000000081700000| Untracked 
|  24|0x0000000081800000, 0x0000000081900000, 0x0000000081900000|100%|HS|  |TAMS 0x0000000081800000| PB 0x0000000081800000| Complete 
|  25|0x0000000081900000, 0x0000000081a00000, 0x0000000081a00000|100%|HC|  |TAMS 0x0000000081900000| PB 0x0000000081900000| Complete 
|  26|0x0000000081a00000, 0x0000000081b00000, 0x0000000081b00000|100%|HC|  |TAMS 0x0000000081a00000| PB 0x0000000081a00000| Complete 
|  27|0x0000000081b00000, 0x0000000081c00000, 0x0000000081c00000|100%|HC|  |TAMS 0x0000000081b00000| PB 0x0000000081b00000| Complete 
|  28|0x0000000081c00000, 0x0000000081d00000, 0x0000000081d00000|100%|HC|  |TAMS 0x0000000081c00000| PB 0x0000000081c00000| Complete 
|  29|0x0000000081d00000, 0x0000000081e00000, 0x0000000081e00000|100%|HC|  |TAMS 0x0000000081d00000| PB 0x0000000081d00000| Complete 
|  30|0x0000000081e00000, 0x0000000081f00000, 0x0000000081f00000|100%| O|  |TAMS 0x0000000081e00000| PB 0x0000000081e00000| Untracked 
|  31|0x0000000081f00000, 0x0000000082000000, 0x0000000082000000|100%| O|  |TAMS 0x0000000081f00000| PB 0x0000000081f00000| Untracked 
|  32|0x0000000082000000, 0x0000000082100000, 0x0000000082100000|100%|HS|  |TAMS 0x0000000082000000| PB 0x0000000082000000| Complete 
|  33|0x0000000082100000, 0x0000000082200000, 0x0000000082200000|100%|HC|  |TAMS 0x0000000082100000| PB 0x0000000082100000| Complete 
|  34|0x0000000082200000, 0x0000000082300000, 0x0000000082300000|100%|HC|  |TAMS 0x0000000082200000| PB 0x0000000082200000| Complete 
|  35|0x0000000082300000, 0x0000000082400000, 0x0000000082400000|100%|HS|  |TAMS 0x0000000082300000| PB 0x0000000082300000| Complete 
|  36|0x0000000082400000, 0x0000000082500000, 0x0000000082500000|100%|HC|  |TAMS 0x0000000082400000| PB 0x0000000082400000| Complete 
|  37|0x0000000082500000, 0x0000000082600000, 0x0000000082600000|100%|HS|  |TAMS 0x0000000082500000| PB 0x0000000082500000| Complete 
|  38|0x0000000082600000, 0x0000000082700000, 0x0000000082700000|100%| O|  |TAMS 0x0000000082600000| PB 0x0000000082600000| Untracked 
|  39|0x0000000082700000, 0x0000000082800000, 0x0000000082800000|100%| O|  |TAMS 0x0000000082700000| PB 0x0000000082700000| Untracked 
|  40|0x0000000082800000, 0x0000000082900000, 0x0000000082900000|100%| O|  |TAMS 0x0000000082800000| PB 0x0000000082800000| Untracked 
|  41|0x0000000082900000, 0x0000000082a00000, 0x0000000082a00000|100%| O|  |TAMS 0x0000000082900000| PB 0x0000000082900000| Untracked 
|  42|0x0000000082a00000, 0x0000000082b00000, 0x0000000082b00000|100%| O|  |TAMS 0x0000000082a00000| PB 0x0000000082a00000| Untracked 
|  43|0x0000000082b00000, 0x0000000082c00000, 0x0000000082c00000|100%| O|  |TAMS 0x0000000082b00000| PB 0x0000000082b00000| Untracked 
|  44|0x0000000082c00000, 0x0000000082d00000, 0x0000000082d00000|100%| O|  |TAMS 0x0000000082c00000| PB 0x0000000082c00000| Untracked 
|  45|0x0000000082d00000, 0x0000000082e00000, 0x0000000082e00000|100%| O|  |TAMS 0x0000000082d00000| PB 0x0000000082d00000| Untracked 
|  46|0x0000000082e00000, 0x0000000082f00000, 0x0000000082f00000|100%| O|  |TAMS 0x0000000082e00000| PB 0x0000000082e00000| Untracked 
|  47|0x0000000082f00000, 0x0000000083000000, 0x0000000083000000|100%| O|  |TAMS 0x0000000082f00000| PB 0x0000000082f00000| Untracked 
|  48|0x0000000083000000, 0x0000000083100000, 0x0000000083100000|100%| O|  |TAMS 0x0000000083000000| PB 0x0000000083000000| Untracked 
|  49|0x0000000083100000, 0x0000000083200000, 0x0000000083200000|100%|HS|  |TAMS 0x0000000083100000| PB 0x0000000083100000| Complete 
|  50|0x0000000083200000, 0x0000000083300000, 0x0000000083300000|100%|HC|  |TAMS 0x0000000083200000| PB 0x0000000083200000| Complete 
|  51|0x0000000083300000, 0x0000000083400000, 0x0000000083400000|100%| O|  |TAMS 0x0000000083300000| PB 0x0000000083300000| Untracked 
|  52|0x0000000083400000, 0x0000000083500000, 0x0000000083500000|100%| O|  |TAMS 0x0000000083400000| PB 0x0000000083400000| Untracked 
|  53|0x0000000083500000, 0x0000000083600000, 0x0000000083600000|100%| O|  |TAMS 0x0000000083500000| PB 0x0000000083500000| Untracked 
|  54|0x0000000083600000, 0x0000000083700000, 0x0000000083700000|100%| O|  |TAMS 0x0000000083600000| PB 0x0000000083600000| Untracked 
|  55|0x0000000083700000, 0x0000000083800000, 0x0000000083800000|100%| O|  |TAMS 0x0000000083700000| PB 0x0000000083700000| Untracked 
|  56|0x0000000083800000, 0x0000000083900000, 0x0000000083900000|100%| O|  |TAMS 0x0000000083800000| PB 0x0000000083800000| Untracked 
|  57|0x0000000083900000, 0x0000000083a00000, 0x0000000083a00000|100%| O|  |TAMS 0x0000000083900000| PB 0x0000000083900000| Untracked 
|  58|0x0000000083a00000, 0x0000000083b00000, 0x0000000083b00000|100%| O|  |TAMS 0x0000000083a00000| PB 0x0000000083a00000| Untracked 
|  59|0x0000000083b00000, 0x0000000083be0dd0, 0x0000000083c00000| 87%| O|  |TAMS 0x0000000083b00000| PB 0x0000000083b00000| Untracked 
|  60|0x0000000083c00000, 0x0000000083c00000, 0x0000000083d00000|  0%| F|  |TAMS 0x0000000083c00000| PB 0x0000000083c00000| Untracked 
|  61|0x0000000083d00000, 0x0000000083d00000, 0x0000000083e00000|  0%| F|  |TAMS 0x0000000083d00000| PB 0x0000000083d00000| Untracked 
|  62|0x0000000083e00000, 0x0000000083e00000, 0x0000000083f00000|  0%| F|  |TAMS 0x0000000083e00000| PB 0x0000000083e00000| Untracked 
|  63|0x0000000083f00000, 0x0000000083f00000, 0x0000000084000000|  0%| F|  |TAMS 0x0000000083f00000| PB 0x0000000083f00000| Untracked 
|  64|0x0000000084000000, 0x000000008403dd60, 0x0000000084100000| 24%| S|CS|TAMS 0x0000000084000000| PB 0x0000000084000000| Complete 
|  65|0x0000000084100000, 0x0000000084200000, 0x0000000084200000|100%| S|CS|TAMS 0x0000000084100000| PB 0x0000000084100000| Complete 
|  66|0x0000000084200000, 0x0000000084300000, 0x0000000084300000|100%| S|CS|TAMS 0x0000000084200000| PB 0x0000000084200000| Complete 
|  67|0x0000000084300000, 0x0000000084400000, 0x0000000084400000|100%| S|CS|TAMS 0x0000000084300000| PB 0x0000000084300000| Complete 
|  68|0x0000000084400000, 0x0000000084400000, 0x0000000084500000|  0%| F|  |TAMS 0x0000000084400000| PB 0x0000000084400000| Untracked 
|  69|0x0000000084500000, 0x0000000084500000, 0x0000000084600000|  0%| F|  |TAMS 0x0000000084500000| PB 0x0000000084500000| Untracked 
|  70|0x0000000084600000, 0x0000000084600000, 0x0000000084700000|  0%| F|  |TAMS 0x0000000084600000| PB 0x0000000084600000| Untracked 
|  71|0x0000000084700000, 0x0000000084700000, 0x0000000084800000|  0%| F|  |TAMS 0x0000000084700000| PB 0x0000000084700000| Untracked 
|  72|0x0000000084800000, 0x0000000084800000, 0x0000000084900000|  0%| F|  |TAMS 0x0000000084800000| PB 0x0000000084800000| Untracked 
|  73|0x0000000084900000, 0x0000000084900000, 0x0000000084a00000|  0%| F|  |TAMS 0x0000000084900000| PB 0x0000000084900000| Untracked 
|  74|0x0000000084a00000, 0x0000000084a00000, 0x0000000084b00000|  0%| F|  |TAMS 0x0000000084a00000| PB 0x0000000084a00000| Untracked 
|  75|0x0000000084b00000, 0x0000000084b00000, 0x0000000084c00000|  0%| F|  |TAMS 0x0000000084b00000| PB 0x0000000084b00000| Untracked 
|  76|0x0000000084c00000, 0x0000000084c00000, 0x0000000084d00000|  0%| F|  |TAMS 0x0000000084c00000| PB 0x0000000084c00000| Untracked 
|  77|0x0000000084d00000, 0x0000000084d00000, 0x0000000084e00000|  0%| F|  |TAMS 0x0000000084d00000| PB 0x0000000084d00000| Untracked 
|  78|0x0000000084e00000, 0x0000000084e00000, 0x0000000084f00000|  0%| F|  |TAMS 0x0000000084e00000| PB 0x0000000084e00000| Untracked 
|  79|0x0000000084f00000, 0x0000000084f00000, 0x0000000085000000|  0%| F|  |TAMS 0x0000000084f00000| PB 0x0000000084f00000| Untracked 
|  80|0x0000000085000000, 0x0000000085000000, 0x0000000085100000|  0%| F|  |TAMS 0x0000000085000000| PB 0x0000000085000000| Untracked 
|  81|0x0000000085100000, 0x0000000085100000, 0x0000000085200000|  0%| F|  |TAMS 0x0000000085100000| PB 0x0000000085100000| Untracked 
|  82|0x0000000085200000, 0x0000000085200000, 0x0000000085300000|  0%| F|  |TAMS 0x0000000085200000| PB 0x0000000085200000| Untracked 
|  83|0x0000000085300000, 0x0000000085300000, 0x0000000085400000|  0%| F|  |TAMS 0x0000000085300000| PB 0x0000000085300000| Untracked 
|  84|0x0000000085400000, 0x0000000085400000, 0x0000000085500000|  0%| F|  |TAMS 0x0000000085400000| PB 0x0000000085400000| Untracked 
|  85|0x0000000085500000, 0x0000000085500000, 0x0000000085600000|  0%| F|  |TAMS 0x0000000085500000| PB 0x0000000085500000| Untracked 
|  86|0x0000000085600000, 0x0000000085600000, 0x0000000085700000|  0%| F|  |TAMS 0x0000000085600000| PB 0x0000000085600000| Untracked 
|  87|0x0000000085700000, 0x0000000085700000, 0x0000000085800000|  0%| F|  |TAMS 0x0000000085700000| PB 0x0000000085700000| Untracked 
|  88|0x0000000085800000, 0x0000000085800000, 0x0000000085900000|  0%| F|  |TAMS 0x0000000085800000| PB 0x0000000085800000| Untracked 
|  89|0x0000000085900000, 0x0000000085900000, 0x0000000085a00000|  0%| F|  |TAMS 0x0000000085900000| PB 0x0000000085900000| Untracked 
|  90|0x0000000085a00000, 0x0000000085a00000, 0x0000000085b00000|  0%| F|  |TAMS 0x0000000085a00000| PB 0x0000000085a00000| Untracked 
|  91|0x0000000085b00000, 0x0000000085b00000, 0x0000000085c00000|  0%| F|  |TAMS 0x0000000085b00000| PB 0x0000000085b00000| Untracked 
|  92|0x0000000085c00000, 0x0000000085c00000, 0x0000000085d00000|  0%| F|  |TAMS 0x0000000085c00000| PB 0x0000000085c00000| Untracked 
|  93|0x0000000085d00000, 0x0000000085d00000, 0x0000000085e00000|  0%| F|  |TAMS 0x0000000085d00000| PB 0x0000000085d00000| Untracked 
|  94|0x0000000085e00000, 0x0000000085e00000, 0x0000000085f00000|  0%| F|  |TAMS 0x0000000085e00000| PB 0x0000000085e00000| Untracked 
|  95|0x0000000085f00000, 0x0000000085f00000, 0x0000000086000000|  0%| F|  |TAMS 0x0000000085f00000| PB 0x0000000085f00000| Untracked 
|  96|0x0000000086000000, 0x0000000086000000, 0x0000000086100000|  0%| F|  |TAMS 0x0000000086000000| PB 0x0000000086000000| Untracked 
|  97|0x0000000086100000, 0x0000000086100000, 0x0000000086200000|  0%| F|  |TAMS 0x0000000086100000| PB 0x0000000086100000| Untracked 
|  98|0x0000000086200000, 0x0000000086200000, 0x0000000086300000|  0%| F|  |TAMS 0x0000000086200000| PB 0x0000000086200000| Untracked 
|  99|0x0000000086300000, 0x0000000086300000, 0x0000000086400000|  0%| F|  |TAMS 0x0000000086300000| PB 0x0000000086300000| Untracked 
| 100|0x0000000086400000, 0x0000000086400000, 0x0000000086500000|  0%| F|  |TAMS 0x0000000086400000| PB 0x0000000086400000| Untracked 
| 101|0x0000000086500000, 0x0000000086500000, 0x0000000086600000|  0%| F|  |TAMS 0x0000000086500000| PB 0x0000000086500000| Untracked 
| 102|0x0000000086600000, 0x0000000086600000, 0x0000000086700000|  0%| F|  |TAMS 0x0000000086600000| PB 0x0000000086600000| Untracked 
| 103|0x0000000086700000, 0x0000000086700000, 0x0000000086800000|  0%| F|  |TAMS 0x0000000086700000| PB 0x0000000086700000| Untracked 

Card table byte_map: [0x00000204fae20000,0x00000204fb220000] _byte_map_base: 0x00000204faa20000

Marking Bits: (CMBitMap*) 0x00000204e895dc00
 Bits: [0x00000204fb220000, 0x00000204fd220000)

Polling page: 0x00000204e80a0000

Metaspace:

Usage:
  Non-class:     52.22 MB used.
      Class:      8.35 MB used.
       Both:     60.57 MB used.

Virtual space:
  Non-class space:       64.00 MB reserved,      53.00 MB ( 83%) committed,  1 nodes.
      Class space:        1.00 GB reserved,       9.06 MB ( <1%) committed,  1 nodes.
             Both:        1.06 GB reserved,      62.06 MB (  6%) committed. 

Chunk freelists:
   Non-Class:  10.67 MB
       Class:  6.89 MB
        Both:  17.57 MB

MaxMetaspaceSize: unlimited
CompressedClassSpaceSize: 1.00 GB
Initial GC threshold: 21.00 MB
Current GC threshold: 103.25 MB
CDS: off
 - commit_granule_bytes: 65536.
 - commit_granule_words: 8192.
 - virtual_space_node_default_size: 8388608.
 - enlarge_chunks_in_place: 1.
 - use_allocation_guard: 0.


Internal statistics:

num_allocs_failed_limit: 3.
num_arena_births: 2712.
num_arena_deaths: 0.
num_vsnodes_births: 2.
num_vsnodes_deaths: 0.
num_space_committed: 993.
num_space_uncommitted: 0.
num_chunks_returned_to_freelist: 3.
num_chunks_taken_from_freelist: 5122.
num_chunk_merges: 3.
num_chunk_splits: 3305.
num_chunks_enlarged: 2087.
num_inconsistent_stats: 0.

CodeHeap 'non-profiled nmethods': size=120000Kb used=2961Kb max_used=2961Kb free=117038Kb
 bounds [0x00000204f34f0000, 0x00000204f37e0000, 0x00000204faa20000]
CodeHeap 'profiled nmethods': size=120000Kb used=10395Kb max_used=10395Kb free=109604Kb
 bounds [0x00000204eba20000, 0x00000204ec460000, 0x00000204f2f50000]
CodeHeap 'non-nmethods': size=5760Kb used=2714Kb max_used=2749Kb free=3045Kb
 bounds [0x00000204f2f50000, 0x00000204f3210000, 0x00000204f34f0000]
 total_blobs=6251 nmethods=5387 adapters=768
 compilation: enabled
              stopped_count=0, restarted_count=0
 full_count=0

Compilation events (20 events):
Event: 30.775 Thread 0x00000204ff8f82e0 6250       4       java.util.LinkedList$ListItr::next (56 bytes)
Event: 30.778 Thread 0x00000204ff8f82e0 nmethod 6250 0x00000204f37d3710 code [0x00000204f37d38a0, 0x00000204f37d3ba8]
Event: 30.795 Thread 0x00000204ff8faec0 6258       3       java.util.Arrays::sort (47 bytes)
Event: 30.796 Thread 0x00000204ff8faec0 nmethod 6258 0x00000204ebf56890 code [0x00000204ebf56a60, 0x00000204ebf56cb0]
Event: 30.818 Thread 0x00000204ff8faec0 6259       3       org.apache.groovy.parser.antlr4.GroovyParser$PostfixExpressionContext::<init> (7 bytes)
Event: 30.818 Thread 0x00000204ff8faec0 nmethod 6259 0x00000204ebdbb510 code [0x00000204ebdbb6e0, 0x00000204ebdbba00]
Event: 30.818 Thread 0x00000204ff8faec0 6260   !   3       org.apache.groovy.parser.antlr4.GroovyParser::pathExpression (332 bytes)
Event: 30.820 Thread 0x00000204ff8faec0 nmethod 6260 0x00000204ec458090 code [0x00000204ec458420, 0x00000204ec459e50]
Event: 30.838 Thread 0x00000204ff8faec0 6261       3       java.util.HashMap$TreeNode::moveRootToFront (124 bytes)
Event: 30.839 Thread 0x00000204ff8faec0 nmethod 6261 0x00000204ec082f10 code [0x00000204ec083100, 0x00000204ec083890]
Event: 30.839 Thread 0x00000204ff8f82e0 6262       4       java.util.ArrayList::hashCodeRange (68 bytes)
Event: 30.845 Thread 0x00000204ff8f82e0 nmethod 6262 0x00000204f37d3d10 code [0x00000204f37d3ec0, 0x00000204f37d4298]
Event: 30.867 Thread 0x00000204ff8faec0 6263       3       groovyjarjarantlr4.v4.runtime.dfa.EmptyEdgeMap::put (40 bytes)
Event: 30.867 Thread 0x00000204ff8faec0 nmethod 6263 0x00000204ebd5cf10 code [0x00000204ebd5d0c0, 0x00000204ebd5d340]
Event: 30.867 Thread 0x00000204ff8faec0 6264       3       groovyjarjarantlr4.v4.runtime.dfa.SingletonEdgeMap::<init> (41 bytes)
Event: 30.867 Thread 0x00000204ff8faec0 nmethod 6264 0x00000204ebda9e10 code [0x00000204ebda9fc0, 0x00000204ebdaa248]
Event: 30.867 Thread 0x00000204ff8faec0 6265       3       java.util.ArrayList::sort (45 bytes)
Event: 30.868 Thread 0x00000204ff8faec0 nmethod 6265 0x00000204ebf09890 code [0x00000204ebf09a60, 0x00000204ebf09ce0]
Event: 30.873 Thread 0x00000204ff8faec0 6266       3       java.util.HashMap::newTreeNode (13 bytes)
Event: 30.874 Thread 0x00000204ff8faec0 nmethod 6266 0x00000204ec19ca90 code [0x00000204ec19cc40, 0x00000204ec19cdf8]

GC Heap History (20 events):
Event: 22.307 GC heap after
{Heap after GC invocations=18 (full 0):
 garbage-first heap   total 76800K, used 45089K [0x0000000080000000, 0x0000000100000000)
  region size 1024K, 3 young (3072K), 3 survivors (3072K)
 Metaspace       used 42320K, committed 43584K, reserved 1114112K
  class space    used 5972K, committed 6592K, reserved 1048576K
}
Event: 23.897 GC heap before
{Heap before GC invocations=18 (full 0):
 garbage-first heap   total 76800K, used 65569K [0x0000000080000000, 0x0000000100000000)
  region size 1024K, 23 young (23552K), 3 survivors (3072K)
 Metaspace       used 47354K, committed 48640K, reserved 1114112K
  class space    used 6516K, committed 7168K, reserved 1048576K
}
Event: 23.911 GC heap after
{Heap after GC invocations=19 (full 0):
 garbage-first heap   total 76800K, used 47227K [0x0000000080000000, 0x0000000100000000)
  region size 1024K, 3 young (3072K), 3 survivors (3072K)
 Metaspace       used 47354K, committed 48640K, reserved 1114112K
  class space    used 6516K, committed 7168K, reserved 1048576K
}
Event: 24.324 GC heap before
{Heap before GC invocations=19 (full 0):
 garbage-first heap   total 76800K, used 65659K [0x0000000080000000, 0x0000000100000000)
  region size 1024K, 22 young (22528K), 3 survivors (3072K)
 Metaspace       used 48910K, committed 50176K, reserved 1114112K
  class space    used 6673K, committed 7296K, reserved 1048576K
}
Event: 24.333 GC heap after
{Heap after GC invocations=20 (full 0):
 garbage-first heap   total 76800K, used 50150K [0x0000000080000000, 0x0000000100000000)
  region size 1024K, 3 young (3072K), 3 survivors (3072K)
 Metaspace       used 48910K, committed 50176K, reserved 1114112K
  class space    used 6673K, committed 7296K, reserved 1048576K
}
Event: 24.756 GC heap before
{Heap before GC invocations=21 (full 0):
 garbage-first heap   total 97280K, used 71654K [0x0000000080000000, 0x0000000100000000)
  region size 1024K, 19 young (19456K), 3 survivors (3072K)
 Metaspace       used 50211K, committed 51520K, reserved 1114112K
  class space    used 6752K, committed 7424K, reserved 1048576K
}
Event: 24.763 GC heap after
{Heap after GC invocations=22 (full 0):
 garbage-first heap   total 97280K, used 50637K [0x0000000080000000, 0x0000000100000000)
  region size 1024K, 2 young (2048K), 2 survivors (2048K)
 Metaspace       used 50211K, committed 51520K, reserved 1114112K
  class space    used 6752K, committed 7424K, reserved 1048576K
}
Event: 25.784 GC heap before
{Heap before GC invocations=22 (full 0):
 garbage-first heap   total 97280K, used 81357K [0x0000000080000000, 0x0000000100000000)
  region size 1024K, 33 young (33792K), 2 survivors (2048K)
 Metaspace       used 54053K, committed 55488K, reserved 1114112K
  class space    used 7380K, committed 8128K, reserved 1048576K
}
Event: 25.796 GC heap after
{Heap after GC invocations=23 (full 0):
 garbage-first heap   total 97280K, used 52503K [0x0000000080000000, 0x0000000100000000)
  region size 1024K, 4 young (4096K), 4 survivors (4096K)
 Metaspace       used 54053K, committed 55488K, reserved 1114112K
  class space    used 7380K, committed 8128K, reserved 1048576K
}
Event: 26.435 GC heap before
{Heap before GC invocations=23 (full 0):
 garbage-first heap   total 97280K, used 69911K [0x0000000080000000, 0x0000000100000000)
  region size 1024K, 22 young (22528K), 4 survivors (4096K)
 Metaspace       used 56143K, committed 57600K, reserved 1114112K
  class space    used 7745K, committed 8448K, reserved 1048576K
}
Event: 26.447 GC heap after
{Heap after GC invocations=24 (full 0):
 garbage-first heap   total 97280K, used 54768K [0x0000000080000000, 0x0000000100000000)
  region size 1024K, 5 young (5120K), 5 survivors (5120K)
 Metaspace       used 56143K, committed 57600K, reserved 1114112K
  class space    used 7745K, committed 8448K, reserved 1048576K
}
Event: 27.179 GC heap before
{Heap before GC invocations=25 (full 0):
 garbage-first heap   total 104448K, used 85488K [0x0000000080000000, 0x0000000100000000)
  region size 1024K, 34 young (34816K), 5 survivors (5120K)
 Metaspace       used 58822K, committed 60288K, reserved 1114112K
  class space    used 8191K, committed 8896K, reserved 1048576K
}
Event: 27.190 GC heap after
{Heap after GC invocations=26 (full 0):
 garbage-first heap   total 104448K, used 58519K [0x0000000080000000, 0x0000000100000000)
  region size 1024K, 4 young (4096K), 4 survivors (4096K)
 Metaspace       used 58822K, committed 60288K, reserved 1114112K
  class space    used 8191K, committed 8896K, reserved 1048576K
}
Event: 28.322 GC heap before
{Heap before GC invocations=26 (full 0):
 garbage-first heap   total 104448K, used 92311K [0x0000000080000000, 0x0000000100000000)
  region size 1024K, 37 young (37888K), 4 survivors (4096K)
 Metaspace       used 61884K, committed 63424K, reserved 1114112K
  class space    used 8546K, committed 9280K, reserved 1048576K
}
Event: 28.331 GC heap after
{Heap after GC invocations=27 (full 0):
 garbage-first heap   total 104448K, used 60168K [0x0000000080000000, 0x0000000100000000)
  region size 1024K, 5 young (5120K), 5 survivors (5120K)
 Metaspace       used 61884K, committed 63424K, reserved 1114112K
  class space    used 8546K, committed 9280K, reserved 1048576K
}
Event: 28.820 GC heap before
{Heap before GC invocations=27 (full 0):
 garbage-first heap   total 104448K, used 91912K [0x0000000080000000, 0x0000000100000000)
  region size 1024K, 36 young (36864K), 5 survivors (5120K)
 Metaspace       used 61935K, committed 63424K, reserved 1114112K
  class space    used 8546K, committed 9280K, reserved 1048576K
}
Event: 28.834 GC heap after
{Heap after GC invocations=28 (full 0):
 garbage-first heap   total 104448K, used 62039K [0x0000000080000000, 0x0000000100000000)
  region size 1024K, 4 young (4096K), 4 survivors (4096K)
 Metaspace       used 61935K, committed 63424K, reserved 1114112K
  class space    used 8546K, committed 9280K, reserved 1048576K
}
Event: 29.379 GC heap before
{Heap before GC invocations=29 (full 0):
 garbage-first heap   total 106496K, used 93783K [0x0000000080000000, 0x0000000100000000)
  region size 1024K, 35 young (35840K), 4 survivors (4096K)
 Metaspace       used 61946K, committed 63488K, reserved 1114112K
  class space    used 8546K, committed 9280K, reserved 1048576K
}
Event: 29.387 GC heap after
{Heap after GC invocations=30 (full 0):
 garbage-first heap   total 106496K, used 62876K [0x0000000080000000, 0x0000000100000000)
  region size 1024K, 3 young (3072K), 3 survivors (3072K)
 Metaspace       used 61946K, committed 63488K, reserved 1114112K
  class space    used 8546K, committed 9280K, reserved 1048576K
}
Event: 30.878 GC heap before
{Heap before GC invocations=30 (full 0):
 garbage-first heap   total 106496K, used 96668K [0x0000000080000000, 0x0000000100000000)
  region size 1024K, 36 young (36864K), 3 survivors (3072K)
 Metaspace       used 62022K, committed 63552K, reserved 1114112K
  class space    used 8547K, committed 9280K, reserved 1048576K
}

Dll operation events (3 events):
Event: 0.126 Loaded shared library C:\Program Files\Android\Android Studio2\jbr\bin\java.dll
Event: 0.145 Loaded shared library C:\Program Files\Android\Android Studio2\jbr\bin\zip.dll
Event: 2.747 Loaded shared library C:\Program Files\Android\Android Studio2\jbr\bin\verify.dll

Deoptimization events (20 events):
Event: 29.176 Thread 0x0000020485a62fb0 DEOPT PACKING pc=0x00000204ebefe70b sp=0x0000000dc5cf4c60
Event: 29.176 Thread 0x0000020485a62fb0 DEOPT UNPACKING pc=0x00000204f2fa4e42 sp=0x0000000dc5cf4100 mode 0
Event: 29.186 Thread 0x0000020485a62fb0 DEOPT PACKING pc=0x00000204ebefe70b sp=0x0000000dc5cf4810
Event: 29.186 Thread 0x0000020485a62fb0 DEOPT UNPACKING pc=0x00000204f2fa4e42 sp=0x0000000dc5cf3cb0 mode 0
Event: 29.203 Thread 0x0000020485a62fb0 DEOPT PACKING pc=0x00000204ebefe70b sp=0x0000000dc5cf4b80
Event: 29.203 Thread 0x0000020485a62fb0 DEOPT UNPACKING pc=0x00000204f2fa4e42 sp=0x0000000dc5cf4020 mode 0
Event: 29.210 Thread 0x0000020485a62fb0 DEOPT PACKING pc=0x00000204ebefe70b sp=0x0000000dc5cf4a10
Event: 29.210 Thread 0x0000020485a62fb0 DEOPT UNPACKING pc=0x00000204f2fa4e42 sp=0x0000000dc5cf3eb0 mode 0
Event: 29.255 Thread 0x0000020485a62fb0 DEOPT PACKING pc=0x00000204ebefe70b sp=0x0000000dc5cf5000
Event: 29.255 Thread 0x0000020485a62fb0 DEOPT UNPACKING pc=0x00000204f2fa4e42 sp=0x0000000dc5cf44a0 mode 0
Event: 29.266 Thread 0x0000020485a62fb0 DEOPT PACKING pc=0x00000204ec31087f sp=0x0000000dc5cf4ec0
Event: 29.266 Thread 0x0000020485a62fb0 DEOPT UNPACKING pc=0x00000204f2fa4e42 sp=0x0000000dc5cf43a8 mode 0
Event: 29.286 Thread 0x0000020485a62fb0 DEOPT PACKING pc=0x00000204ec323e0e sp=0x0000000dc5cf5370
Event: 29.286 Thread 0x0000020485a62fb0 DEOPT UNPACKING pc=0x00000204f2fa4e42 sp=0x0000000dc5cf48a8 mode 0
Event: 30.810 Thread 0x0000020485a62fb0 Uncommon trap: trap_request=0xffffffde fr.pc=0x00000204f37b6bb4 relative=0x0000000000002734
Event: 30.810 Thread 0x0000020485a62fb0 Uncommon trap: reason=class_check action=maybe_recompile pc=0x00000204f37b6bb4 method=groovyjarjarantlr4.v4.runtime.atn.ParserATNSimulator.isConflicted(Lgroovyjarjarantlr4/v4/runtime/atn/ATNConfigSet;Lgroovyjarjarantlr4/v4/runtime/atn/PredictionContextCac
Event: 30.810 Thread 0x0000020485a62fb0 DEOPT PACKING pc=0x00000204f37b6bb4 sp=0x0000000dc5cf58e0
Event: 30.810 Thread 0x0000020485a62fb0 DEOPT UNPACKING pc=0x00000204f2fa46a2 sp=0x0000000dc5cf5850 mode 2
Event: 30.839 Thread 0x0000020485a62fb0 DEOPT PACKING pc=0x00000204ec2ce0cb sp=0x0000000dc5cf51b0
Event: 30.840 Thread 0x0000020485a62fb0 DEOPT UNPACKING pc=0x00000204f2fa4e42 sp=0x0000000dc5cf4630 mode 0

Classes loaded (20 events):
Event: 27.600 Loading class jdk/internal/vm/annotation/ForceInline
Event: 27.600 Loading class jdk/internal/vm/annotation/ForceInline done
Event: 27.633 Loading class java/lang/NegativeArraySizeException
Event: 27.633 Loading class java/lang/NegativeArraySizeException done
Event: 27.761 Loading class java/security/PermissionsEnumerator
Event: 27.762 Loading class java/security/PermissionsEnumerator done
Event: 27.789 Loading class java/util/stream/ReduceOps$5
Event: 27.790 Loading class java/util/stream/ReduceOps$5 done
Event: 27.791 Loading class java/util/stream/ReduceOps$CountingSink$OfRef
Event: 27.791 Loading class java/util/stream/ReduceOps$CountingSink$OfRef done
Event: 28.052 Loading class java/io/CharArrayWriter
Event: 28.052 Loading class java/io/CharArrayWriter done
Event: 28.148 Loading class java/nio/file/StandardCopyOption
Event: 28.149 Loading class java/nio/file/StandardCopyOption done
Event: 28.149 Loading class sun/nio/fs/WindowsFileCopy
Event: 28.150 Loading class sun/nio/fs/WindowsFileCopy done
Event: 28.233 Loading class java/lang/ThreadDeath
Event: 28.233 Loading class java/lang/ThreadDeath done
Event: 28.234 Loading class sun/misc/SharedSecrets
Event: 28.234 Loading class sun/misc/SharedSecrets done

Classes unloaded (0 events):
No events

Classes redefined (0 events):
No events

Internal exceptions (20 events):
Event: 27.951 Thread 0x0000020485a62fb0 Exception <a 'sun/nio/fs/WindowsException'{0x0000000084b44128}> (0x0000000084b44128) 
thrown [s\src\hotspot\share\prims\jni.cpp, line 535]
Event: 27.994 Thread 0x0000020485a62fb0 Exception <a 'sun/nio/fs/WindowsException'{0x0000000084a309b8}> (0x0000000084a309b8) 
thrown [s\src\hotspot\share\prims\jni.cpp, line 535]
Event: 28.000 Thread 0x0000020485a62fb0 Exception <a 'sun/nio/fs/WindowsException'{0x0000000084a440c0}> (0x0000000084a440c0) 
thrown [s\src\hotspot\share\prims\jni.cpp, line 535]
Event: 28.006 Thread 0x0000020485a62fb0 Exception <a 'sun/nio/fs/WindowsException'{0x0000000084a52288}> (0x0000000084a52288) 
thrown [s\src\hotspot\share\prims\jni.cpp, line 535]
Event: 28.178 Thread 0x0000020487067c40 Exception <a 'sun/nio/fs/WindowsException'{0x00000000848491c8}> (0x00000000848491c8) 
thrown [s\src\hotspot\share\prims\jni.cpp, line 535]
Event: 28.179 Thread 0x0000020487067c40 Exception <a 'sun/nio/fs/WindowsException'{0x00000000848498a8}> (0x00000000848498a8) 
thrown [s\src\hotspot\share\prims\jni.cpp, line 535]
Event: 28.182 Thread 0x0000020487067c40 Exception <a 'sun/nio/fs/WindowsException'{0x0000000084859530}> (0x0000000084859530) 
thrown [s\src\hotspot\share\prims\jni.cpp, line 535]
Event: 28.188 Thread 0x0000020487067c40 Exception <a 'sun/nio/fs/WindowsException'{0x0000000084869370}> (0x0000000084869370) 
thrown [s\src\hotspot\share\prims\jni.cpp, line 535]
Event: 28.194 Thread 0x0000020487067c40 Exception <a 'sun/nio/fs/WindowsException'{0x0000000084876e50}> (0x0000000084876e50) 
thrown [s\src\hotspot\share\prims\jni.cpp, line 535]
Event: 28.220 Thread 0x0000020485a62fb0 Exception <a 'java/lang/ClassNotFoundException'{0x00000000848eb658}: sync_studio_tooling481_iur31jzfsalix3m6ufab7zw5BeanInfo> (0x00000000848eb658) 
thrown [s\src\hotspot\share\classfile\systemDictionary.cpp, line 312]
Event: 28.221 Thread 0x0000020485a62fb0 Exception <a 'java/lang/ClassNotFoundException'{0x00000000848f20f0}: sync_studio_tooling481_iur31jzfsalix3m6ufab7zw5Customizer> (0x00000000848f20f0) 
thrown [s\src\hotspot\share\classfile\systemDictionary.cpp, line 312]
Event: 28.234 Thread 0x0000020485a62fb0 Exception <a 'java/lang/ClassNotFoundException'{0x000000008472dbf0}: sun/misc/SharedSecrets> (0x000000008472dbf0) 
thrown [s\src\hotspot\share\classfile\systemDictionary.cpp, line 312]
Event: 28.234 Thread 0x0000020485a62fb0 Exception <a 'java/lang/ClassNotFoundException'{0x000000008472ef38}: org/gradle/util/GradleVersionBeanInfo> (0x000000008472ef38) 
thrown [s\src\hotspot\share\classfile\systemDictionary.cpp, line 312]
Event: 28.235 Thread 0x0000020485a62fb0 Exception <a 'java/lang/ClassNotFoundException'{0x000000008473f0a8}: org/gradle/util/GradleVersionCustomizer> (0x000000008473f0a8) 
thrown [s\src\hotspot\share\classfile\systemDictionary.cpp, line 312]
Event: 28.246 Thread 0x0000020485a62fb0 Exception <a 'java/lang/ClassNotFoundException'{0x0000000084781e40}: org/gradle/util/internal/DefaultGradleVersionBeanInfo> (0x0000000084781e40) 
thrown [s\src\hotspot\share\classfile\systemDictionary.cpp, line 312]
Event: 28.247 Thread 0x0000020485a62fb0 Exception <a 'java/lang/ClassNotFoundException'{0x00000000847924f0}: org/gradle/util/internal/DefaultGradleVersionCustomizer> (0x00000000847924f0) 
thrown [s\src\hotspot\share\classfile\systemDictionary.cpp, line 312]
Event: 28.265 Thread 0x0000020485a62fb0 Exception <a 'java/lang/ClassNotFoundException'{0x00000000846092b0}: org/gradle/invocation/DefaultGradle$DefaultGradleLifecycle_DecoratedBeanInfo> (0x00000000846092b0) 
thrown [s\src\hotspot\share\classfile\systemDictionary.cpp, line 312]
Event: 28.266 Thread 0x0000020485a62fb0 Exception <a 'java/lang/ClassNotFoundException'{0x0000000084619af0}: org/gradle/invocation/DefaultGradle$DefaultGradleLifecycleBeanInfo> (0x0000000084619af0) 
thrown [s\src\hotspot\share\classfile\systemDictionary.cpp, line 312]
Event: 28.267 Thread 0x0000020485a62fb0 Exception <a 'java/lang/ClassNotFoundException'{0x000000008462a328}: org/gradle/invocation/DefaultGradle$DefaultGradleLifecycleCustomizer> (0x000000008462a328) 
thrown [s\src\hotspot\share\classfile\systemDictionary.cpp, line 312]
Event: 28.270 Thread 0x0000020485a62fb0 Exception <a 'java/lang/ClassNotFoundException'{0x000000008463f230}: org/gradle/invocation/DefaultGradle$DefaultGradleLifecycle_DecoratedCustomizer> (0x000000008463f230) 
thrown [s\src\hotspot\share\classfile\systemDictionary.cpp, line 312]

ZGC Phase Switch (0 events):
No events

VM Operations (20 events):
Event: 27.190 Executing VM operation: G1CollectForAllocation (G1 Evacuation Pause) done
Event: 27.529 Executing VM operation: HandshakeAllThreads (Deoptimize)
Event: 27.529 Executing VM operation: HandshakeAllThreads (Deoptimize) done
Event: 27.611 Executing VM operation: HandshakeAllThreads (Deoptimize)
Event: 27.611 Executing VM operation: HandshakeAllThreads (Deoptimize) done
Event: 27.987 Executing VM operation: ICBufferFull
Event: 27.987 Executing VM operation: ICBufferFull done
Event: 28.322 Executing VM operation: G1CollectForAllocation (G1 Evacuation Pause)
Event: 28.331 Executing VM operation: G1CollectForAllocation (G1 Evacuation Pause) done
Event: 28.820 Executing VM operation: G1CollectForAllocation (G1 Evacuation Pause)
Event: 28.834 Executing VM operation: G1CollectForAllocation (G1 Evacuation Pause) done
Event: 28.939 Executing VM operation: G1PauseRemark
Event: 28.946 Executing VM operation: G1PauseRemark done
Event: 28.995 Executing VM operation: G1PauseCleanup
Event: 28.996 Executing VM operation: G1PauseCleanup done
Event: 29.378 Executing VM operation: G1CollectForAllocation (G1 Evacuation Pause)
Event: 29.387 Executing VM operation: G1CollectForAllocation (G1 Evacuation Pause) done
Event: 30.389 Executing VM operation: Cleanup
Event: 30.411 Executing VM operation: Cleanup done
Event: 30.878 Executing VM operation: G1CollectForAllocation (G1 Evacuation Pause)

Events (20 events):
Event: 28.945 Thread 0x00000204e6742970 flushing nmethod 0x00000204eba8a190
Event: 28.945 Thread 0x00000204e6742970 flushing nmethod 0x00000204eba89310
Event: 28.945 Thread 0x00000204e6742970 flushing nmethod 0x00000204eba70510
Event: 28.945 Thread 0x00000204e6742970 flushing nmethod 0x00000204eba61790
Event: 28.945 Thread 0x00000204e6742970 flushing nmethod 0x00000204eba56d90
Event: 28.945 Thread 0x00000204e6742970 flushing nmethod 0x00000204eba57610
Event: 28.945 Thread 0x00000204e6742970 flushing nmethod 0x00000204eba2ad10
Event: 28.945 Thread 0x00000204e6742970 flushing nmethod 0x00000204f36d5510
Event: 28.945 Thread 0x00000204e6742970 flushing nmethod 0x00000204f36c2010
Event: 28.945 Thread 0x00000204e6742970 flushing nmethod 0x00000204f36bc710
Event: 28.945 Thread 0x00000204e6742970 flushing nmethod 0x00000204f3632f90
Event: 28.945 Thread 0x00000204e6742970 flushing nmethod 0x00000204f3630b10
Event: 28.945 Thread 0x00000204e6742970 flushing nmethod 0x00000204f3626e90
Event: 28.945 Thread 0x00000204e6742970 flushing nmethod 0x00000204f366d390
Event: 28.945 Thread 0x00000204e6742970 flushing nmethod 0x00000204f363aa90
Event: 28.945 Thread 0x00000204e6742970 flushing nmethod 0x00000204f35f5a90
Event: 28.945 Thread 0x00000204e6742970 flushing nmethod 0x00000204f35eec90
Event: 28.945 Thread 0x00000204e6742970 flushing nmethod 0x00000204f35ee610
Event: 28.945 Thread 0x00000204e6742970 flushing nmethod 0x00000204f35caf90
Event: 28.945 Thread 0x00000204e6742970 flushing nmethod 0x00000204f352c310


Dynamic libraries:
0x00007ff672a60000 - 0x00007ff672a6a000 	C:\Program Files\Android\Android Studio2\jbr\bin\java.exe
0x00007ff81b170000 - 0x00007ff81b387000 	C:\WINDOWS\SYSTEM32\ntdll.dll
0x00007ff819b60000 - 0x00007ff819c24000 	C:\WINDOWS\System32\KERNEL32.DLL
0x00007ff818780000 - 0x00007ff818b2d000 	C:\WINDOWS\System32\KERNELBASE.dll
0x000000005fa50000 - 0x000000005fd7e000 	C:\Program Files\Norton Security\NortonData\22.23.6.5\Definitions\IPSDefs\20241011.001\IPSEng64.dll
0x00007ff81a940000 - 0x00007ff81a9f2000 	C:\WINDOWS\System32\ADVAPI32.dll
0x00007ff8197c0000 - 0x00007ff819867000 	C:\WINDOWS\System32\msvcrt.dll
0x00007ff81ae90000 - 0x00007ff81af39000 	C:\WINDOWS\System32\sechost.dll
0x00007ff818750000 - 0x00007ff818778000 	C:\WINDOWS\System32\bcrypt.dll
0x00007ff81a700000 - 0x00007ff81a814000 	C:\WINDOWS\System32\RPCRT4.dll
0x00007ff819ec0000 - 0x00007ff819ec8000 	C:\WINDOWS\System32\PSAPI.DLL
0x00007ff818c60000 - 0x00007ff818d71000 	C:\WINDOWS\System32\ucrtbase.dll
0x00007ff806ae0000 - 0x00007ff806af8000 	C:\Program Files\Android\Android Studio2\jbr\bin\jli.dll
0x00007ffffe9d0000 - 0x00007ffffe9eb000 	C:\Program Files\Android\Android Studio2\jbr\bin\VCRUNTIME140.dll
0x00007ff819910000 - 0x00007ff819abe000 	C:\WINDOWS\System32\USER32.dll
0x00007ff8185b0000 - 0x00007ff8185d6000 	C:\WINDOWS\System32\win32u.dll
0x00007ff81af40000 - 0x00007ff81af69000 	C:\WINDOWS\System32\GDI32.dll
0x00007ff818d80000 - 0x00007ff818e99000 	C:\WINDOWS\System32\gdi32full.dll
0x00007ffffbfd0000 - 0x00007ffffc263000 	C:\WINDOWS\WinSxS\amd64_microsoft.windows.common-controls_6595b64144ccf1df_6.0.22621.3672_none_2713b9d173822955\COMCTL32.dll
0x00007ff818510000 - 0x00007ff8185aa000 	C:\WINDOWS\System32\msvcp_win.dll
0x00007ff819ac0000 - 0x00007ff819af1000 	C:\WINDOWS\System32\IMM32.DLL
0x00007ff812490000 - 0x00007ff81249c000 	C:\Program Files\Android\Android Studio2\jbr\bin\vcruntime140_1.dll
0x00007ffff06b0000 - 0x00007ffff073d000 	C:\Program Files\Android\Android Studio2\jbr\bin\msvcp140.dll
0x00007fff8f1c0000 - 0x00007fff8fe3d000 	C:\Program Files\Android\Android Studio2\jbr\bin\server\jvm.dll
0x00007ff819e40000 - 0x00007ff819eb1000 	C:\WINDOWS\System32\WS2_32.dll
0x00007ff811220000 - 0x00007ff811254000 	C:\WINDOWS\SYSTEM32\WINMM.dll
0x00007ff80f350000 - 0x00007ff80f35a000 	C:\WINDOWS\SYSTEM32\VERSION.dll
0x00007ff818360000 - 0x00007ff8183ad000 	C:\WINDOWS\SYSTEM32\POWRPROF.dll
0x00007ff818340000 - 0x00007ff818353000 	C:\WINDOWS\SYSTEM32\UMPDC.dll
0x00007ff8174e0000 - 0x00007ff8174f8000 	C:\WINDOWS\SYSTEM32\kernel.appcore.dll
0x00007ff80a070000 - 0x00007ff80a07a000 	C:\Program Files\Android\Android Studio2\jbr\bin\jimage.dll
0x00007ff80fd20000 - 0x00007ff80ff52000 	C:\WINDOWS\SYSTEM32\DBGHELP.DLL
0x00007ff81ab00000 - 0x00007ff81ae8e000 	C:\WINDOWS\System32\combase.dll
0x00007ff81a590000 - 0x00007ff81a667000 	C:\WINDOWS\System32\OLEAUT32.dll
0x00007ff80f510000 - 0x00007ff80f542000 	C:\WINDOWS\SYSTEM32\dbgcore.DLL
0x00007ff818490000 - 0x00007ff81850b000 	C:\WINDOWS\System32\bcryptPrimitives.dll
0x00007ffffbe50000 - 0x00007ffffbe5e000 	C:\Program Files\Android\Android Studio2\jbr\bin\instrument.dll
0x00007ffffd8d0000 - 0x00007ffffd8ef000 	C:\Program Files\Android\Android Studio2\jbr\bin\java.dll
0x00007ffffd860000 - 0x00007ffffd878000 	C:\Program Files\Android\Android Studio2\jbr\bin\zip.dll
0x00007ff818ea0000 - 0x00007ff819707000 	C:\WINDOWS\System32\SHELL32.dll
0x00007ff816410000 - 0x00007ff816d0f000 	C:\WINDOWS\SYSTEM32\windows.storage.dll
0x00007ff8162d0000 - 0x00007ff81640f000 	C:\WINDOWS\SYSTEM32\wintypes.dll
0x00007ff81aa00000 - 0x00007ff81aaf9000 	C:\WINDOWS\System32\SHCORE.dll
0x00007ff819ed0000 - 0x00007ff819f2e000 	C:\WINDOWS\System32\shlwapi.dll
0x00007ff8183c0000 - 0x00007ff8183e7000 	C:\WINDOWS\SYSTEM32\profapi.dll
0x00007ffffe470000 - 0x00007ffffe480000 	C:\Program Files\Android\Android Studio2\jbr\bin\net.dll
0x00007ff812020000 - 0x00007ff812156000 	C:\WINDOWS\SYSTEM32\WINHTTP.dll
0x00007ff817950000 - 0x00007ff8179b9000 	C:\WINDOWS\system32\mswsock.dll
0x00007ffffd830000 - 0x00007ffffd846000 	C:\Program Files\Android\Android Studio2\jbr\bin\nio.dll
0x00007ffffc8e0000 - 0x00007ffffc8f0000 	C:\Program Files\Android\Android Studio2\jbr\bin\verify.dll
0x00007ffffd9b0000 - 0x00007ffffd9d7000 	C:\Users\Akira\.gradle\native\c067742578af261105cb4f569cf0c3c89f3d7b1fecec35dd04571415982c5e48\windows-amd64\native-platform.dll
0x00007fffe1a30000 - 0x00007fffe1b74000 	C:\Users\Akira\.gradle\native\100fb08df4bc3b14c8652ba06237920a3bd2aa13389f12d3474272988ae205f9\windows-amd64\native-platform-file-events.dll
0x00007ffffd9a0000 - 0x00007ffffd9a9000 	C:\Program Files\Android\Android Studio2\jbr\bin\management.dll
0x00007ffffd960000 - 0x00007ffffd96b000 	C:\Program Files\Android\Android Studio2\jbr\bin\management_ext.dll
0x00007ff817bb0000 - 0x00007ff817bcb000 	C:\WINDOWS\SYSTEM32\CRYPTSP.dll
0x00007ff817440000 - 0x00007ff817475000 	C:\WINDOWS\system32\rsaenh.dll
0x00007ff817a40000 - 0x00007ff817a68000 	C:\WINDOWS\SYSTEM32\USERENV.dll
0x00007ff817ba0000 - 0x00007ff817bac000 	C:\WINDOWS\SYSTEM32\CRYPTBASE.dll
0x00007ff816f70000 - 0x00007ff816f9d000 	C:\WINDOWS\SYSTEM32\IPHLPAPI.DLL
0x00007ff819e30000 - 0x00007ff819e39000 	C:\WINDOWS\System32\NSI.dll
0x00007ffffe070000 - 0x00007ffffe079000 	C:\Program Files\Android\Android Studio2\jbr\bin\extnet.dll
0x00007fffe44f0000 - 0x00007fffe44f8000 	C:\WINDOWS\system32\wshunix.dll

dbghelp: loaded successfully - version: 4.0.5 - missing functions: none
symbol engine: initialized successfully - sym options: 0x614 - pdb path: .;C:\Program Files\Android\Android Studio2\jbr\bin;C:\WINDOWS\SYSTEM32;C:\Program Files\Norton Security\NortonData\22.23.6.5\Definitions\IPSDefs\20241011.001;C:\WINDOWS\WinSxS\amd64_microsoft.windows.common-controls_6595b64144ccf1df_6.0.22621.3672_none_2713b9d173822955;C:\Program Files\Android\Android Studio2\jbr\bin\server;C:\Users\Akira\.gradle\native\c067742578af261105cb4f569cf0c3c89f3d7b1fecec35dd04571415982c5e48\windows-amd64;C:\Users\Akira\.gradle\native\100fb08df4bc3b14c8652ba06237920a3bd2aa13389f12d3474272988ae205f9\windows-amd64

VM Arguments:
jvm_args: --add-opens=java.base/java.util=ALL-UNNAMED --add-opens=java.base/java.lang=ALL-UNNAMED --add-opens=java.base/java.lang.invoke=ALL-UNNAMED --add-opens=java.prefs/java.util.prefs=ALL-UNNAMED --add-exports=jdk.compiler/com.sun.tools.javac.api=ALL-UNNAMED --add-exports=jdk.compiler/com.sun.tools.javac.util=ALL-UNNAMED --add-opens=java.base/java.nio.charset=ALL-UNNAMED --add-opens=java.base/java.net=ALL-UNNAMED --add-opens=java.base/java.util.concurrent.atomic=ALL-UNNAMED -Xmx2048m -Dfile.encoding=UTF-8 -Duser.country=US -Duser.language=en -Duser.variant -javaagent:C:\Users\Akira\.gradle\wrapper\dists\gradle-8.9-bin\90cnw93cvbtalezasaz0blq0a\gradle-8.9\lib\agents\gradle-instrumentation-agent-8.9.jar 
java_command: org.gradle.launcher.daemon.bootstrap.GradleDaemon 8.9
java_class_path (initial): C:\Users\Akira\.gradle\wrapper\dists\gradle-8.9-bin\90cnw93cvbtalezasaz0blq0a\gradle-8.9\lib\gradle-daemon-main-8.9.jar
Launcher Type: SUN_STANDARD

[Global flags]
     intx CICompilerCount                          = 3                                         {product} {ergonomic}
     uint ConcGCThreads                            = 1                                         {product} {ergonomic}
     uint G1ConcRefinementThreads                  = 4                                         {product} {ergonomic}
   size_t G1HeapRegionSize                         = 1048576                                   {product} {ergonomic}
    uintx GCDrainStackTargetSize                   = 64                                        {product} {ergonomic}
   size_t InitialHeapSize                          = 58720256                                  {product} {ergonomic}
   size_t MarkStackSize                            = 4194304                                   {product} {ergonomic}
   size_t MaxHeapSize                              = 2147483648                                {product} {command line}
   size_t MaxNewSize                               = 1287651328                                {product} {ergonomic}
   size_t MinHeapDeltaBytes                        = 1048576                                   {product} {ergonomic}
   size_t MinHeapSize                              = 8388608                                   {product} {ergonomic}
    uintx NonNMethodCodeHeapSize                   = 5832780                                {pd product} {ergonomic}
    uintx NonProfiledCodeHeapSize                  = 122912730                              {pd product} {ergonomic}
    uintx ProfiledCodeHeapSize                     = 122912730                              {pd product} {ergonomic}
    uintx ReservedCodeCacheSize                    = 251658240                              {pd product} {ergonomic}
     bool SegmentedCodeCache                       = true                                      {product} {ergonomic}
   size_t SoftMaxHeapSize                          = 2147483648                             {manageable} {ergonomic}
     bool UseCompressedOops                        = true                           {product lp64_product} {ergonomic}
     bool UseG1GC                                  = true                                      {product} {ergonomic}
     bool UseLargePagesIndividualAllocation        = false                                  {pd product} {ergonomic}

Logging:
Log output configuration:
 #0: stdout all=warning uptime,level,tags foldmultilines=false
 #1: stderr all=off uptime,level,tags foldmultilines=false

Environment Variables:
PATH=C:\app\Akira\product\21c\dbhomeXE\bin;C:\WINDOWS\system32;C:\WINDOWS;C:\WINDOWS\System32\Wbem;C:\WINDOWS\System32\WindowsPowerShell\v1.0\;C:\WINDOWS\System32\OpenSSH\;C:\Program Files\HP\HP One Agent;C:\Program Files\Git\cmd;C:\Users\Akira\AppData\Local\Microsoft\WindowsApps;C:\Users\Akira\AppData\Local\Programs\Microsoft VS Code\bin;C:\ProgramData\Akira\GitHubDesktop\bin;C:\Users\Akira\AppData\Local\GitHubDesktop\bin
USERNAME=Akira
OS=Windows_NT
PROCESSOR_IDENTIFIER=AMD64 Family 23 Model 24 Stepping 1, AuthenticAMD
TMP=C:\Users\Akira\AppData\Local\Temp
TEMP=C:\Users\Akira\AppData\Local\Temp




Periodic native trim disabled

JNI global refs:
JNI global refs: 25, weak refs: 0

JNI global refs memory usage: 835, weak refs: 833

Process memory usage:
Resident Set Size: 223176K (6% of 3587736K total physical memory with 155096K free physical memory)

OOME stack traces (most recent first):
Classloader memory used:
Loader org.gradle.internal.classloader.VisitableURLClassLoader                         : 31672K
Loader bootstrap                                                                       : 22319K
Loader org.gradle.initialization.MixInLegacyTypesClassLoader                           : 6361K
Loader org.gradle.internal.classloader.VisitableURLClassLoader                         : 704K
Loader jdk.internal.loader.ClassLoaders$PlatformClassLoader                            : 500K
Loader jdk.internal.loader.ClassLoaders$AppClassLoader                                 : 230K
Loader jdk.internal.reflect.DelegatingClassLoader                                      : 154K
Loader org.gradle.groovy.scripts.internal.DefaultScriptCompilationHandler$ScriptClassLoader: 51368B
Loader org.codehaus.groovy.runtime.callsite.CallSiteClassLoader                        : 18504B
Loader groovy.lang.GroovyClassLoader$InnerLoader                                       : 12328B

Classes loaded by more than one classloader:
Class org.gradle.api.GradleException                                                  : loaded 3 times (x 79B)
Class org.gradle.internal.classloader.ClassLoaderHierarchy                            : loaded 2 times (x 67B)
Class org.gradle.api.internal.classpath.ManifestUtil                                  : loaded 2 times (x 68B)
Class org.gradle.internal.operations.MultipleBuildOperationFailures                   : loaded 2 times (x 92B)
Class org.gradle.internal.classloader.DefaultClassLoaderFactory                       : loaded 2 times (x 79B)
Class kotlin.collections.AbstractList$Companion                                       : loaded 2 times (x 68B)
Class org.gradle.internal.classloader.ClassLoaderVisitor                              : loaded 2 times (x 73B)
Class org.gradle.api.internal.classpath.EffectiveClassPath                            : loaded 2 times (x 87B)
Class org.gradle.api.internal.DefaultClassPathProvider                                : loaded 2 times (x 73B)
Class [Lorg.gradle.api.internal.ClassPathProvider;                                    : loaded 2 times (x 66B)
Class org.gradle.api.internal.ClassPathProvider                                       : loaded 2 times (x 67B)
Class org.gradle.internal.service.UnknownServiceException                             : loaded 2 times (x 80B)
Class org.gradle.internal.classpath.TransformedClassPath                              : loaded 2 times (x 93B)
Class kotlin.enums.EnumEntriesList                                                    : loaded 2 times (x 220B)
Class org.gradle.internal.service.ServiceLocator                                      : loaded 2 times (x 67B)
Class org.gradle.internal.InternalTransformer                                         : loaded 2 times (x 67B)
Class org.gradle.internal.time.DefaultTimer                                           : loaded 2 times (x 77B)
Class org.gradle.internal.classloader.ClasspathUtil$1                                 : loaded 2 times (x 73B)
Class org.gradle.api.internal.classpath.DefaultModuleRegistry$DefaultModule           : loaded 2 times (x 83B)
Class org.gradle.internal.time.DefaultCountdownTimer                                  : loaded 2 times (x 85B)
Class kotlin.Function                                                                 : loaded 2 times (x 67B)
Class org.gradle.api.internal.classpath.Module                                        : loaded 2 times (x 67B)
Class org.gradle.api.internal.classpath.UnknownModuleException                        : loaded 2 times (x 79B)
Class org.gradle.api.internal.DefaultClassPathRegistry                                : loaded 2 times (x 73B)
Class org.gradle.api.internal.ClassPathRegistry                                       : loaded 2 times (x 67B)
Class org.gradle.internal.classpath.DefaultClassPath$ImmutableUniqueList              : loaded 2 times (x 196B)
Class org.gradle.internal.classpath.ClassPath                                         : loaded 2 times (x 67B)
Class org.gradle.api.UncheckedIOException                                             : loaded 2 times (x 79B)
Class kotlin.UninitializedPropertyAccessException                                     : loaded 2 times (x 79B)
Class org.gradle.internal.installation.GradleInstallation$1                           : loaded 2 times (x 72B)
Class org.gradle.api.internal.classpath.ModuleRegistry                                : loaded 2 times (x 67B)
Class org.gradle.api.internal.classpath.DefaultModuleRegistry                         : loaded 2 times (x 80B)
Class org.gradle.internal.time.MonotonicClock                                         : loaded 2 times (x 74B)
Class org.gradle.internal.service.ServiceLookupException                              : loaded 2 times (x 79B)
Class org.gradle.internal.classloader.ClassLoaderFactory                              : loaded 2 times (x 67B)
Class org.gradle.internal.service.CachingServiceLocator                               : loaded 2 times (x 79B)
Class org.gradle.internal.time.TimeSource                                             : loaded 2 times (x 67B)
Class kotlin.enums.EnumEntries                                                        : loaded 2 times (x 67B)
Class org.gradle.internal.exceptions.ResolutionProvider                               : loaded 2 times (x 67B)
Class org.gradle.internal.classloader.ClasspathUtil                                   : loaded 2 times (x 68B)
Class org.gradle.internal.time.TimeSource$1                                           : loaded 2 times (x 74B)
Class org.gradle.api.specs.Spec                                                       : loaded 2 times (x 67B)
Class org.gradle.internal.time.Clock                                                  : loaded 2 times (x 67B)
Class kotlin.collections.AbstractList                                                 : loaded 2 times (x 194B)
Class kotlin.collections.AbstractCollection                                           : loaded 2 times (x 114B)
Class org.gradle.internal.classloader.VisitableURLClassLoader$InstrumentingVisitableURLClassLoader: loaded 2 times (x 120B)
Class org.gradle.internal.classloader.VisitableURLClassLoader$Spec                    : loaded 2 times (x 71B)
Class org.gradle.internal.classpath.DefaultClassPath                                  : loaded 2 times (x 87B)
Class org.gradle.internal.classloader.ClassLoaderSpec                                 : loaded 2 times (x 68B)
Class org.gradle.internal.classloader.VisitableURLClassLoader                         : loaded 2 times (x 114B)
Class org.gradle.internal.Cast                                                        : loaded 2 times (x 68B)
Class org.gradle.api.Action                                                           : loaded 2 times (x 67B)
Class org.gradle.internal.agents.InstrumentingClassLoader                             : loaded 2 times (x 67B)
Class org.gradle.internal.classpath.DefaultClassPath$ImmutableUniqueList$Builder      : loaded 2 times (x 72B)
Class org.gradle.internal.classloader.FilteringClassLoader                            : loaded 2 times (x 102B)
Class org.gradle.internal.exceptions.NonGradleCauseExceptionsHolder                   : loaded 2 times (x 67B)
Class kotlin.enums.EnumEntriesKt                                                      : loaded 2 times (x 68B)
Class org.gradle.internal.IoActions                                                   : loaded 2 times (x 68B)
Class org.gradle.internal.classloader.SystemClassLoaderSpec                           : loaded 2 times (x 68B)
Class org.gradle.internal.exceptions.MultiCauseException                              : loaded 2 times (x 67B)
Class org.gradle.internal.time.CountdownTimer                                         : loaded 2 times (x 67B)
Class kotlin.jvm.internal.Intrinsics                                                  : loaded 2 times (x 68B)
Class org.gradle.tooling.model.ProjectModel                                           : loaded 2 times (x 67B)
Class kotlin.KotlinNullPointerException                                               : loaded 2 times (x 80B)
Class org.gradle.internal.exceptions.DefaultMultiCauseException                       : loaded 2 times (x 92B)
Class org.gradle.internal.time.Time                                                   : loaded 2 times (x 68B)
Class org.gradle.internal.time.Timer                                                  : loaded 2 times (x 67B)
Class kotlin.jvm.internal.markers.KMappedMarker                                       : loaded 2 times (x 67B)
Class org.gradle.internal.installation.CurrentGradleInstallationLocator               : loaded 2 times (x 68B)
Class org.gradle.internal.service.DefaultServiceLocator                               : loaded 2 times (x 80B)
Class org.gradle.util.GradleVersion                                                   : loaded 2 times (x 80B)
Class org.gradle.internal.installation.CurrentGradleInstallation                      : loaded 2 times (x 70B)
Class sync_studio_tooling481_iur31jzfsalix3m6ufab7zw5                                 : loaded 2 times (x 176B)
Class org.gradle.util.internal.GUtil                                                  : loaded 2 times (x 68B)
Class org.gradle.internal.installation.GradleInstallation                             : loaded 2 times (x 72B)

---------------  S Y S T E M  ---------------

OS:
 Windows 11 , 64 bit Build 22621 (10.0.22621.3958)
OS uptime: 20 days 23:54 hours

CPU: total 4 (initial active 4) (4 cores per cpu, 2 threads per core) family 23 model 24 stepping 1 microcode 0x0, cx8, cmov, fxsr, ht, mmx, 3dnowpref, sse, sse2, sse3, ssse3, sse4a, sse4.1, sse4.2, popcnt, lzcnt, tsc, tscinvbit, avx, avx2, aes, clmul, bmi1, bmi2, adx, sha, fma, vzeroupper, clflush, clflushopt, rdtscp, f16c
Processor Information for all 4 processors :
  Max Mhz: 2600, Current Mhz: 2600, Mhz Limit: 2600

Memory: 4k page, system-wide physical 3503M (144M free)
TotalPageFile size 14255M (AvailPageFile size 18M)
current process WorkingSet (physical memory assigned to process): 218M, peak: 235M
current process commit charge ("private bytes"): 309M, peak: 331M

vm_info: OpenJDK 64-Bit Server VM (21.0.3+-12282718-b509.11) for windows-amd64 JRE (21.0.3+-12282718-b509.11), built on 2024-08-27T17:34:15Z by "builder" with MS VC++ 16.10 / 16.11 (VS2019)

END.
