#
# There is insufficient memory for the Java Runtime Environment to continue.
# Native memory allocation (malloc) failed to allocate 32744 bytes. Error detail: Chunk::new
# Possible reasons:
#   The system is out of physical RAM or swap space
#   This process is running with CompressedOops enabled, and the Java Heap may be blocking the growth of the native heap
# Possible solutions:
#   Reduce memory load on the system
#   Increase physical memory or swap space
#   Check if swap backing store is full
#   Decrease Java heap size (-Xmx/-Xms)
#   Decrease number of Java threads
#   Decrease Java thread stack sizes (-Xss)
#   Set larger code cache with -XX:ReservedCodeCacheSize=
#   JVM is running with Unscaled Compressed Oops mode in which the Java heap is
#     placed in the first 4GB address space. The Java Heap base address is the
#     maximum limit for the native heap growth. Please use -XX:HeapBaseMinAddress
#     to set the Java Heap base and to place the Java Heap above 4GB virtual address.
# This output file may be truncated or incomplete.
#
#  Out of Memory Error (arena.cpp:168), pid=21800, tid=20444
#
# JRE version: OpenJDK Runtime Environment (21.0.3) (build 21.0.3+-12282718-b509.11)
# Java VM: OpenJDK 64-Bit Server VM (21.0.3+-12282718-b509.11, mixed mode, tiered, compressed oops, compressed class ptrs, g1 gc, windows-amd64)
# No core dump will be written. Minidumps are not enabled by default on client versions of Windows
#

---------------  S U M M A R Y ------------

Command Line: --add-opens=java.base/java.util=ALL-UNNAMED --add-opens=java.base/java.lang=ALL-UNNAMED --add-opens=java.base/java.lang.invoke=ALL-UNNAMED --add-opens=java.prefs/java.util.prefs=ALL-UNNAMED --add-exports=jdk.compiler/com.sun.tools.javac.api=ALL-UNNAMED --add-exports=jdk.compiler/com.sun.tools.javac.util=ALL-UNNAMED --add-opens=java.base/java.nio.charset=ALL-UNNAMED --add-opens=java.base/java.net=ALL-UNNAMED --add-opens=java.base/java.util.concurrent.atomic=ALL-UNNAMED -Xmx2048m -Dfile.encoding=UTF-8 -Duser.country=US -Duser.language=en -Duser.variant -javaagent:C:\Users\Akira\.gradle\wrapper\dists\gradle-8.9-bin\90cnw93cvbtalezasaz0blq0a\gradle-8.9\lib\agents\gradle-instrumentation-agent-8.9.jar org.gradle.launcher.daemon.bootstrap.GradleDaemon 8.9

Host: AMD Ryzen 3 3250U with Radeon Graphics         , 4 cores, 3G,  Windows 11 , 64 bit Build 22621 (10.0.22621.3958)
Time: Sat Oct 12 13:51:43 2024 Eastern Daylight Time elapsed time: 24.839430 seconds (0d 0h 0m 24s)

---------------  T H R E A D  ---------------

Current thread (0x000001f9e75455b0):  JavaThread "C2 CompilerThread0" daemon [_thread_in_native, id=20444, stack(0x00000066fbd00000,0x00000066fbe00000) (1024K)]


Current CompileTask:
C2:  24839 3387       4       java.lang.invoke.MethodType::makeImpl (109 bytes)

Stack: [0x00000066fbd00000,0x00000066fbe00000]
Native frames: (J=compiled Java code, j=interpreted, Vv=VM code, C=native code)
V  [jvm.dll+0x6cafb9]
V  [jvm.dll+0x858523]
V  [jvm.dll+0x85aa7e]
V  [jvm.dll+0x85b163]
V  [jvm.dll+0x27d356]
V  [jvm.dll+0xbf93d]
V  [jvm.dll+0xbfe73]
V  [jvm.dll+0x3b6fd8]
V  [jvm.dll+0x5d6376]
V  [jvm.dll+0x37e7b6]
V  [jvm.dll+0x37dbfa]
V  [jvm.dll+0x246b02]
V  [jvm.dll+0x2460d1]
V  [jvm.dll+0x1c5804]
V  [jvm.dll+0x25575c]
V  [jvm.dll+0x253c36]
V  [jvm.dll+0x3ec996]
V  [jvm.dll+0x800d78]
V  [jvm.dll+0x6c98cd]
C  [ucrtbase.dll+0x29333]
C  [KERNEL32.DLL+0x1257d]
C  [ntdll.dll+0x5af28]


---------------  P R O C E S S  ---------------

Threads class SMR info:
_java_thread_list=0x000001f9ee36e1a0, length=32, elements={
0x000001f9ce143c70, 0x000001f9e74d6770, 0x000001f9e751b190, 0x000001f9e7529630,
0x000001f9e75437a0, 0x000001f9e75040c0, 0x000001f9e7544b50, 0x000001f9e75455b0,
0x000001f9e75520f0, 0x000001f9e7697fe0, 0x000001f9e78288c0, 0x000001f9edc8b880,
0x000001f9edb9dbe0, 0x000001f9eda37d70, 0x000001f9edc69950, 0x000001f9edc538d0,
0x000001f9edc53f40, 0x000001f9e77401e0, 0x000001f9e77422b0, 0x000001f9e7742940,
0x000001f9e7741590, 0x000001f9e773fb50, 0x000001f9e7740870, 0x000001f9e7741c20,
0x000001f9ef49b4a0, 0x000001f9ef49c1c0, 0x000001f9ef49e920, 0x000001f9ef4a09f0,
0x000001f9ef49cee0, 0x000001f9ef49efb0, 0x000001f9ef49d570, 0x000001f9ef49c850
}

Java Threads: ( => current thread )
  0x000001f9ce143c70 JavaThread "main"                              [_thread_blocked, id=3836, stack(0x00000066faf00000,0x00000066fb000000) (1024K)]
  0x000001f9e74d6770 JavaThread "Reference Handler"          daemon [_thread_blocked, id=18256, stack(0x00000066fb700000,0x00000066fb800000) (1024K)]
  0x000001f9e751b190 JavaThread "Finalizer"                  daemon [_thread_blocked, id=23060, stack(0x00000066fb800000,0x00000066fb900000) (1024K)]
  0x000001f9e7529630 JavaThread "Signal Dispatcher"          daemon [_thread_blocked, id=22860, stack(0x00000066fb900000,0x00000066fba00000) (1024K)]
  0x000001f9e75437a0 JavaThread "Attach Listener"            daemon [_thread_blocked, id=14316, stack(0x00000066fba00000,0x00000066fbb00000) (1024K)]
  0x000001f9e75040c0 JavaThread "Service Thread"             daemon [_thread_blocked, id=1612, stack(0x00000066fbb00000,0x00000066fbc00000) (1024K)]
  0x000001f9e7544b50 JavaThread "Monitor Deflation Thread"   daemon [_thread_blocked, id=19740, stack(0x00000066fbc00000,0x00000066fbd00000) (1024K)]
=>0x000001f9e75455b0 JavaThread "C2 CompilerThread0"         daemon [_thread_in_native, id=20444, stack(0x00000066fbd00000,0x00000066fbe00000) (1024K)]
  0x000001f9e75520f0 JavaThread "C1 CompilerThread0"         daemon [_thread_blocked, id=20168, stack(0x00000066fbe00000,0x00000066fbf00000) (1024K)]
  0x000001f9e7697fe0 JavaThread "Common-Cleaner"             daemon [_thread_blocked, id=12568, stack(0x00000066fbf00000,0x00000066fc000000) (1024K)]
  0x000001f9e78288c0 JavaThread "Notification Thread"        daemon [_thread_blocked, id=17428, stack(0x00000066fc000000,0x00000066fc100000) (1024K)]
  0x000001f9edc8b880 JavaThread "Daemon health stats"               [_thread_blocked, id=14908, stack(0x00000066fc400000,0x00000066fc500000) (1024K)]
  0x000001f9edb9dbe0 JavaThread "Incoming local TCP Connector on port 57408"        [_thread_in_native, id=10768, stack(0x00000066fc500000,0x00000066fc600000) (1024K)]
  0x000001f9eda37d70 JavaThread "Daemon periodic checks"            [_thread_blocked, id=22776, stack(0x00000066fc600000,0x00000066fc700000) (1024K)]
  0x000001f9edc69950 JavaThread "Daemon"                            [_thread_blocked, id=18212, stack(0x00000066fc700000,0x00000066fc800000) (1024K)]
  0x000001f9edc538d0 JavaThread "Handler for socket connection from /127.0.0.1:57408 to /127.0.0.1:57409"        [_thread_in_native, id=22896, stack(0x00000066fc800000,0x00000066fc900000) (1024K)]
  0x000001f9edc53f40 JavaThread "Cancel handler"                    [_thread_blocked, id=21620, stack(0x00000066fc900000,0x00000066fca00000) (1024K)]
  0x000001f9e77401e0 JavaThread "Daemon worker"                     [_thread_in_vm, id=17232, stack(0x00000066fca00000,0x00000066fcb00000) (1024K)]
  0x000001f9e77422b0 JavaThread "Asynchronous log dispatcher for DefaultDaemonConnection: socket connection from /127.0.0.1:57408 to /127.0.0.1:57409"        [_thread_blocked, id=7004, stack(0x00000066fcb00000,0x00000066fcc00000) (1024K)]
  0x000001f9e7742940 JavaThread "Stdin handler"                     [_thread_blocked, id=7648, stack(0x00000066fcc00000,0x00000066fcd00000) (1024K)]
  0x000001f9e7741590 JavaThread "Daemon client event forwarder"        [_thread_blocked, id=14672, stack(0x00000066fcd00000,0x00000066fce00000) (1024K)]
  0x000001f9e773fb50 JavaThread "Cache worker for journal cache (C:\Users\Akira\.gradle\caches\journal-1)"        [_thread_blocked, id=25260, stack(0x00000066fce00000,0x00000066fcf00000) (1024K)]
  0x000001f9e7740870 JavaThread "File lock request listener"        [_thread_in_native, id=11488, stack(0x00000066fcf00000,0x00000066fd000000) (1024K)]
  0x000001f9e7741c20 JavaThread "Cache worker for file hash cache (C:\Users\Akira\.gradle\caches\8.9\fileHashes)"        [_thread_blocked, id=4056, stack(0x00000066fd000000,0x00000066fd100000) (1024K)]
  0x000001f9ef49b4a0 JavaThread "Cache worker for file hash cache (C:\Users\Akira\AndroidStudioProjects\HappyBirthday\.gradle\8.9\fileHashes)"        [_thread_blocked, id=19552, stack(0x00000066fd100000,0x00000066fd200000) (1024K)]
  0x000001f9ef49c1c0 JavaThread "Cache worker for Build Output Cleanup Cache (C:\Users\Akira\AndroidStudioProjects\HappyBirthday\.gradle\buildOutputCleanup)"        [_thread_blocked, id=19544, stack(0x00000066fd200000,0x00000066fd300000) (1024K)]
  0x000001f9ef49e920 JavaThread "File watcher server"        daemon [_thread_in_native, id=16736, stack(0x00000066fd300000,0x00000066fd400000) (1024K)]
  0x000001f9ef4a09f0 JavaThread "File watcher consumer"      daemon [_thread_blocked, id=24916, stack(0x00000066fd400000,0x00000066fd500000) (1024K)]
  0x000001f9ef49cee0 JavaThread "jar transforms"                    [_thread_blocked, id=2984, stack(0x00000066fd500000,0x00000066fd600000) (1024K)]
  0x000001f9ef49efb0 JavaThread "jar transforms Thread 2"           [_thread_blocked, id=20400, stack(0x00000066fd600000,0x00000066fd700000) (1024K)]
  0x000001f9ef49d570 JavaThread "jar transforms Thread 3"           [_thread_blocked, id=18684, stack(0x00000066fd700000,0x00000066fd800000) (1024K)]
  0x000001f9ef49c850 JavaThread "jar transforms Thread 4"           [_thread_blocked, id=9668, stack(0x00000066fd800000,0x00000066fd900000) (1024K)]
Total: 32

Other Threads:
  0x000001f9e727f0e0 VMThread "VM Thread"                           [id=6720, stack(0x00000066fb600000,0x00000066fb700000) (1024K)]
  0x000001f9e71e3b50 WatcherThread "VM Periodic Task Thread"        [id=4588, stack(0x00000066fb500000,0x00000066fb600000) (1024K)]
  0x000001f9ce1edfe0 WorkerThread "GC Thread#0"                     [id=20920, stack(0x00000066fb000000,0x00000066fb100000) (1024K)]
  0x000001f9ec135ec0 WorkerThread "GC Thread#1"                     [id=10036, stack(0x00000066fc100000,0x00000066fc200000) (1024K)]
  0x000001f9ec13cd90 WorkerThread "GC Thread#2"                     [id=23644, stack(0x00000066fc200000,0x00000066fc300000) (1024K)]
  0x000001f9ec94cf40 WorkerThread "GC Thread#3"                     [id=8324, stack(0x00000066fc300000,0x00000066fc400000) (1024K)]
  0x000001f9d04b1310 ConcurrentGCThread "G1 Main Marker"            [id=20580, stack(0x00000066fb100000,0x00000066fb200000) (1024K)]
  0x000001f9d04b20f0 WorkerThread "G1 Conc#0"                       [id=19868, stack(0x00000066fb200000,0x00000066fb300000) (1024K)]
  0x000001f9e70bb0e0 ConcurrentGCThread "G1 Refine#0"               [id=23660, stack(0x00000066fb300000,0x00000066fb400000) (1024K)]
  0x000001f9d04da8b0 ConcurrentGCThread "G1 Service"                [id=19472, stack(0x00000066fb400000,0x00000066fb500000) (1024K)]
Total: 10

Threads with active compile tasks:
C2 CompilerThread0    24915 3387       4       java.lang.invoke.MethodType::makeImpl (109 bytes)
Total: 1

VM state: not at safepoint (normal execution)

VM Mutex/Monitor currently owned by a thread: None

Heap address: 0x0000000080000000, size: 2048 MB, Compressed Oops mode: 32-bit

CDS archive(s) not mapped
Compressed class space mapped at: 0x0000000100000000-0x0000000140000000, reserved size: 1073741824
Narrow klass base: 0x0000000000000000, Narrow klass shift: 3, Narrow klass range: 0x140000000

GC Precious Log:
 CardTable entry size: 512
 Card Set container configuration: InlinePtr #cards 5 size 8 Array Of Cards #cards 12 size 40 Howl #buckets 4 coarsen threshold 1843 Howl Bitmap #cards 512 size 80 coarsen threshold 460 Card regions per heap region 1 cards per card region 2048
 CPUs: 4 total, 4 available
 Memory: 3503M
 Large Page Support: Disabled
 NUMA Support: Disabled
 Compressed Oops: Enabled (32-bit)
 Heap Region Size: 1M
 Heap Min Capacity: 8M
 Heap Initial Capacity: 56M
 Heap Max Capacity: 2G
 Pre-touch: Disabled
 Parallel Workers: 4
 Concurrent Workers: 1
 Concurrent Refinement Workers: 4
 Periodic GC: Disabled

Heap:
 garbage-first heap   total 63488K, used 40674K [0x0000000080000000, 0x0000000100000000)
  region size 1024K, 5 young (5120K), 2 survivors (2048K)
 Metaspace       used 34746K, committed 35584K, reserved 1114112K
  class space    used 4715K, committed 5120K, reserved 1048576K

Heap Regions: E=young(eden), S=young(survivor), O=old, HS=humongous(starts), HC=humongous(continues), CS=collection set, F=free, TAMS=top-at-mark-start, PB=parsable bottom
|   0|0x0000000080000000, 0x0000000080100000, 0x0000000080100000|100%|HS|  |TAMS 0x0000000080000000| PB 0x0000000080000000| Complete 
|   1|0x0000000080100000, 0x0000000080200000, 0x0000000080200000|100%|HC|  |TAMS 0x0000000080100000| PB 0x0000000080100000| Complete 
|   2|0x0000000080200000, 0x0000000080300000, 0x0000000080300000|100%|HC|  |TAMS 0x0000000080200000| PB 0x0000000080200000| Complete 
|   3|0x0000000080300000, 0x0000000080400000, 0x0000000080400000|100%|HC|  |TAMS 0x0000000080300000| PB 0x0000000080300000| Complete 
|   4|0x0000000080400000, 0x0000000080500000, 0x0000000080500000|100%| O|  |TAMS 0x0000000080400000| PB 0x0000000080400000| Untracked 
|   5|0x0000000080500000, 0x0000000080600000, 0x0000000080600000|100%| O|  |TAMS 0x0000000080500000| PB 0x0000000080500000| Untracked 
|   6|0x0000000080600000, 0x0000000080700000, 0x0000000080700000|100%| O|  |TAMS 0x0000000080600000| PB 0x0000000080600000| Untracked 
|   7|0x0000000080700000, 0x0000000080800000, 0x0000000080800000|100%| O|  |TAMS 0x0000000080700000| PB 0x0000000080700000| Untracked 
|   8|0x0000000080800000, 0x0000000080900000, 0x0000000080900000|100%| O|  |TAMS 0x0000000080800000| PB 0x0000000080800000| Untracked 
|   9|0x0000000080900000, 0x0000000080a00000, 0x0000000080a00000|100%| O|  |TAMS 0x0000000080900000| PB 0x0000000080900000| Untracked 
|  10|0x0000000080a00000, 0x0000000080b00000, 0x0000000080b00000|100%| O|  |TAMS 0x0000000080a00000| PB 0x0000000080a00000| Untracked 
|  11|0x0000000080b00000, 0x0000000080c00000, 0x0000000080c00000|100%| O|  |TAMS 0x0000000080b00000| PB 0x0000000080b00000| Untracked 
|  12|0x0000000080c00000, 0x0000000080d00000, 0x0000000080d00000|100%|HS|  |TAMS 0x0000000080c00000| PB 0x0000000080c00000| Complete 
|  13|0x0000000080d00000, 0x0000000080e00000, 0x0000000080e00000|100%| O|  |TAMS 0x0000000080d00000| PB 0x0000000080d00000| Untracked 
|  14|0x0000000080e00000, 0x0000000080f00000, 0x0000000080f00000|100%| O|  |TAMS 0x0000000080e00000| PB 0x0000000080e00000| Untracked 
|  15|0x0000000080f00000, 0x0000000081000000, 0x0000000081000000|100%| O|  |TAMS 0x0000000080f00000| PB 0x0000000080f00000| Untracked 
|  16|0x0000000081000000, 0x0000000081100000, 0x0000000081100000|100%| O|  |TAMS 0x0000000081000000| PB 0x0000000081000000| Untracked 
|  17|0x0000000081100000, 0x0000000081200000, 0x0000000081200000|100%| O|  |TAMS 0x0000000081100000| PB 0x0000000081100000| Untracked 
|  18|0x0000000081200000, 0x0000000081300000, 0x0000000081300000|100%| O|  |TAMS 0x0000000081200000| PB 0x0000000081200000| Untracked 
|  19|0x0000000081300000, 0x0000000081400000, 0x0000000081400000|100%| O|  |TAMS 0x0000000081300000| PB 0x0000000081300000| Untracked 
|  20|0x0000000081400000, 0x0000000081500000, 0x0000000081500000|100%| O|Cm|TAMS 0x0000000081400000| PB 0x0000000081400000| Complete 
|  21|0x0000000081500000, 0x0000000081600000, 0x0000000081600000|100%| O|  |TAMS 0x0000000081500000| PB 0x0000000081500000| Untracked 
|  22|0x0000000081600000, 0x0000000081700000, 0x0000000081700000|100%| O|  |TAMS 0x0000000081600000| PB 0x0000000081600000| Untracked 
|  23|0x0000000081700000, 0x0000000081800000, 0x0000000081800000|100%|HS|  |TAMS 0x0000000081700000| PB 0x0000000081700000| Complete 
|  24|0x0000000081800000, 0x0000000081900000, 0x0000000081900000|100%|HC|  |TAMS 0x0000000081800000| PB 0x0000000081800000| Complete 
|  25|0x0000000081900000, 0x0000000081a00000, 0x0000000081a00000|100%|HC|  |TAMS 0x0000000081900000| PB 0x0000000081900000| Complete 
|  26|0x0000000081a00000, 0x0000000081b00000, 0x0000000081b00000|100%|HC|  |TAMS 0x0000000081a00000| PB 0x0000000081a00000| Complete 
|  27|0x0000000081b00000, 0x0000000081c00000, 0x0000000081c00000|100%|HC|  |TAMS 0x0000000081b00000| PB 0x0000000081b00000| Complete 
|  28|0x0000000081c00000, 0x0000000081d00000, 0x0000000081d00000|100%|HC|  |TAMS 0x0000000081c00000| PB 0x0000000081c00000| Complete 
|  29|0x0000000081d00000, 0x0000000081e00000, 0x0000000081e00000|100%| O|  |TAMS 0x0000000081d00000| PB 0x0000000081d00000| Untracked 
|  30|0x0000000081e00000, 0x0000000081ebcf30, 0x0000000081f00000| 73%| O|  |TAMS 0x0000000081e00000| PB 0x0000000081e00000| Untracked 
|  31|0x0000000081f00000, 0x0000000082000000, 0x0000000082000000|100%|HS|  |TAMS 0x0000000081f00000| PB 0x0000000081f00000| Complete 
|  32|0x0000000082000000, 0x0000000082100000, 0x0000000082100000|100%|HC|  |TAMS 0x0000000082000000| PB 0x0000000082000000| Complete 
|  33|0x0000000082100000, 0x0000000082200000, 0x0000000082200000|100%|HC|  |TAMS 0x0000000082100000| PB 0x0000000082100000| Complete 
|  34|0x0000000082200000, 0x0000000082300000, 0x0000000082300000|100%|HS|  |TAMS 0x0000000082200000| PB 0x0000000082200000| Complete 
|  35|0x0000000082300000, 0x0000000082400000, 0x0000000082400000|100%|HC|  |TAMS 0x0000000082300000| PB 0x0000000082300000| Complete 
|  36|0x0000000082400000, 0x0000000082400000, 0x0000000082500000|  0%| F|  |TAMS 0x0000000082400000| PB 0x0000000082400000| Untracked 
|  37|0x0000000082500000, 0x0000000082500000, 0x0000000082600000|  0%| F|  |TAMS 0x0000000082500000| PB 0x0000000082500000| Untracked 
|  38|0x0000000082600000, 0x0000000082600000, 0x0000000082700000|  0%| F|  |TAMS 0x0000000082600000| PB 0x0000000082600000| Untracked 
|  39|0x0000000082700000, 0x0000000082700000, 0x0000000082800000|  0%| F|  |TAMS 0x0000000082700000| PB 0x0000000082700000| Untracked 
|  40|0x0000000082800000, 0x0000000082800000, 0x0000000082900000|  0%| F|  |TAMS 0x0000000082800000| PB 0x0000000082800000| Untracked 
|  41|0x0000000082900000, 0x0000000082900000, 0x0000000082a00000|  0%| F|  |TAMS 0x0000000082900000| PB 0x0000000082900000| Untracked 
|  42|0x0000000082a00000, 0x0000000082a00000, 0x0000000082b00000|  0%| F|  |TAMS 0x0000000082a00000| PB 0x0000000082a00000| Untracked 
|  43|0x0000000082b00000, 0x0000000082b00000, 0x0000000082c00000|  0%| F|  |TAMS 0x0000000082b00000| PB 0x0000000082b00000| Untracked 
|  44|0x0000000082c00000, 0x0000000082c00000, 0x0000000082d00000|  0%| F|  |TAMS 0x0000000082c00000| PB 0x0000000082c00000| Untracked 
|  45|0x0000000082d00000, 0x0000000082d00000, 0x0000000082e00000|  0%| F|  |TAMS 0x0000000082d00000| PB 0x0000000082d00000| Untracked 
|  46|0x0000000082e00000, 0x0000000082e00000, 0x0000000082f00000|  0%| F|  |TAMS 0x0000000082e00000| PB 0x0000000082e00000| Untracked 
|  47|0x0000000082f00000, 0x0000000082f00000, 0x0000000083000000|  0%| F|  |TAMS 0x0000000082f00000| PB 0x0000000082f00000| Untracked 
|  48|0x0000000083000000, 0x0000000083000000, 0x0000000083100000|  0%| F|  |TAMS 0x0000000083000000| PB 0x0000000083000000| Untracked 
|  49|0x0000000083100000, 0x0000000083100000, 0x0000000083200000|  0%| F|  |TAMS 0x0000000083100000| PB 0x0000000083100000| Untracked 
|  50|0x0000000083200000, 0x0000000083200000, 0x0000000083300000|  0%| F|  |TAMS 0x0000000083200000| PB 0x0000000083200000| Untracked 
|  51|0x0000000083300000, 0x0000000083300000, 0x0000000083400000|  0%| F|  |TAMS 0x0000000083300000| PB 0x0000000083300000| Untracked 
|  52|0x0000000083400000, 0x00000000834fba50, 0x0000000083500000| 98%| S|CS|TAMS 0x0000000083400000| PB 0x0000000083400000| Complete 
|  53|0x0000000083500000, 0x0000000083600000, 0x0000000083600000|100%| S|CS|TAMS 0x0000000083500000| PB 0x0000000083500000| Complete 
|  54|0x0000000083600000, 0x0000000083600000, 0x0000000083700000|  0%| F|  |TAMS 0x0000000083600000| PB 0x0000000083600000| Untracked 
|  55|0x0000000083700000, 0x0000000083800000, 0x0000000083800000|100%| E|CS|TAMS 0x0000000083700000| PB 0x0000000083700000| Complete 
|  56|0x0000000083800000, 0x0000000083800000, 0x0000000083900000|  0%| F|  |TAMS 0x0000000083800000| PB 0x0000000083800000| Untracked 
|  57|0x0000000083900000, 0x0000000083900000, 0x0000000083a00000|  0%| F|  |TAMS 0x0000000083900000| PB 0x0000000083900000| Untracked 
|  58|0x0000000083a00000, 0x0000000083a00000, 0x0000000083b00000|  0%| F|  |TAMS 0x0000000083a00000| PB 0x0000000083a00000| Untracked 
|  59|0x0000000083b00000, 0x0000000083b5f058, 0x0000000083c00000| 37%| E|  |TAMS 0x0000000083b00000| PB 0x0000000083b00000| Complete 
|  60|0x0000000083c00000, 0x0000000083d00000, 0x0000000083d00000|100%| E|CS|TAMS 0x0000000083c00000| PB 0x0000000083c00000| Complete 
|  61|0x0000000083d00000, 0x0000000083e00000, 0x0000000083e00000|100%| E|CS|TAMS 0x0000000083d00000| PB 0x0000000083d00000| Complete 

Card table byte_map: [0x000001f9e2960000,0x000001f9e2d60000] _byte_map_base: 0x000001f9e2560000

Marking Bits: (CMBitMap*) 0x000001f9ce1ee6e0
 Bits: [0x000001f9e2d60000, 0x000001f9e4d60000)

Polling page: 0x000001f9ce340000

Metaspace:

Usage:
  Non-class:     29.34 MB used.
      Class:      4.61 MB used.
       Both:     33.94 MB used.

Virtual space:
  Non-class space:       64.00 MB reserved,      29.75 MB ( 46%) committed,  1 nodes.
      Class space:        1.00 GB reserved,       5.00 MB ( <1%) committed,  1 nodes.
             Both:        1.06 GB reserved,      34.75 MB (  3%) committed. 

Chunk freelists:
   Non-Class:  2.20 MB
       Class:  10.81 MB
        Both:  13.01 MB

MaxMetaspaceSize: unlimited
CompressedClassSpaceSize: 1.00 GB
Initial GC threshold: 21.00 MB
Current GC threshold: 57.75 MB
CDS: off
 - commit_granule_bytes: 65536.
 - commit_granule_words: 8192.
 - virtual_space_node_default_size: 8388608.
 - enlarge_chunks_in_place: 1.
 - use_allocation_guard: 0.


Internal statistics:

num_allocs_failed_limit: 3.
num_arena_births: 1376.
num_arena_deaths: 0.
num_vsnodes_births: 2.
num_vsnodes_deaths: 0.
num_space_committed: 556.
num_space_uncommitted: 0.
num_chunks_returned_to_freelist: 3.
num_chunks_taken_from_freelist: 2493.
num_chunk_merges: 3.
num_chunk_splits: 1600.
num_chunks_enlarged: 1008.
num_inconsistent_stats: 0.

CodeHeap 'non-profiled nmethods': size=120000Kb used=1515Kb max_used=1787Kb free=118484Kb
 bounds [0x000001f9db030000, 0x000001f9db2a0000, 0x000001f9e2560000]
CodeHeap 'profiled nmethods': size=120000Kb used=6236Kb max_used=7056Kb free=113763Kb
 bounds [0x000001f9d3560000, 0x000001f9d3c50000, 0x000001f9daa90000]
CodeHeap 'non-nmethods': size=5760Kb used=1479Kb max_used=1511Kb free=4280Kb
 bounds [0x000001f9daa90000, 0x000001f9dad00000, 0x000001f9db030000]
 total_blobs=3666 nmethods=3091 adapters=478
 compilation: enabled
              stopped_count=0, restarted_count=0
 full_count=0

Compilation events (20 events):
Event: 24.666 Thread 0x000001f9e75520f0 3424       3       java.lang.ref.ReferenceQueue::remove0 (64 bytes)
Event: 24.667 Thread 0x000001f9e75520f0 nmethod 3424 0x000001f9d3c3af10 code [0x000001f9d3c3b120, 0x000001f9d3c3b5b0]
Event: 24.667 Thread 0x000001f9e75520f0 3425       3       java.lang.invoke.MethodHandleNatives$CallSiteContext::run (5 bytes)
Event: 24.667 Thread 0x000001f9e75520f0 nmethod 3425 0x000001f9d3c3b710 code [0x000001f9d3c3b8c0, 0x000001f9d3c3b9f8]
Event: 24.734 Thread 0x000001f9e75520f0 3429       3       java.lang.reflect.Constructor::copy (72 bytes)
Event: 24.735 Thread 0x000001f9e75520f0 nmethod 3429 0x000001f9d3c3ba90 code [0x000001f9d3c3bc60, 0x000001f9d3c3c000]
Event: 24.735 Thread 0x000001f9e75520f0 3430       3       jdk.internal.reflect.ClassFileAssembler::emitConstantPoolMethodref (28 bytes)
Event: 24.736 Thread 0x000001f9e75520f0 nmethod 3430 0x000001f9d3c3c110 code [0x000001f9d3c3c360, 0x000001f9d3c3ca08]
Event: 24.737 Thread 0x000001f9e75520f0 3431       3       java.net.URL::toURI (54 bytes)
Event: 24.738 Thread 0x000001f9e75520f0 nmethod 3431 0x000001f9d3c3cd90 code [0x000001f9d3c3d080, 0x000001f9d3c3e048]
Event: 24.744 Thread 0x000001f9e75520f0 3432       3       jdk.internal.reflect.ClassFileAssembler::emitConstantPoolNameAndType (28 bytes)
Event: 24.745 Thread 0x000001f9e75520f0 nmethod 3432 0x000001f9d3c3e610 code [0x000001f9d3c3e860, 0x000001f9d3c3ef08]
Event: 24.745 Thread 0x000001f9e75520f0 3433   !   2       java.lang.ClassLoader::loadClass (121 bytes)
Event: 24.747 Thread 0x000001f9e75520f0 nmethod 3433 0x000001f9d3c3f290 code [0x000001f9d3c3f4e0, 0x000001f9d3c3fa90]
Event: 24.748 Thread 0x000001f9e75520f0 3434       3       java.net.URI::percentNormalizedComparison (215 bytes)
Event: 24.757 Thread 0x000001f9e75520f0 nmethod 3434 0x000001f9d3c3ff90 code [0x000001f9d3c40480, 0x000001f9d3c42d38]
Event: 24.757 Thread 0x000001f9e75520f0 3435       3       java.nio.file.Files::provider (10 bytes)
Event: 24.757 Thread 0x000001f9e75520f0 nmethod 3435 0x000001f9d3c43b90 code [0x000001f9d3c43d40, 0x000001f9d3c43f10]
Event: 24.809 Thread 0x000001f9e75520f0 3436   !   3       sun.nio.fs.WindowsFileAttributes::get (275 bytes)
Event: 24.812 Thread 0x000001f9e75520f0 nmethod 3436 0x000001f9d359a710 code [0x000001f9d359abc0, 0x000001f9d359ca50]

GC Heap History (20 events):
Event: 4.280 GC heap before
{Heap before GC invocations=1 (full 0):
 garbage-first heap   total 57344K, used 29056K [0x0000000080000000, 0x0000000100000000)
  region size 1024K, 26 young (26624K), 2 survivors (2048K)
 Metaspace       used 11974K, committed 12224K, reserved 1114112K
  class space    used 1277K, committed 1408K, reserved 1048576K
}
Event: 4.292 GC heap after
{Heap after GC invocations=2 (full 0):
 garbage-first heap   total 57344K, used 11715K [0x0000000080000000, 0x0000000100000000)
  region size 1024K, 4 young (4096K), 4 survivors (4096K)
 Metaspace       used 11974K, committed 12224K, reserved 1114112K
  class space    used 1277K, committed 1408K, reserved 1048576K
}
Event: 5.331 GC heap before
{Heap before GC invocations=2 (full 0):
 garbage-first heap   total 57344K, used 37315K [0x0000000080000000, 0x0000000100000000)
  region size 1024K, 29 young (29696K), 4 survivors (4096K)
 Metaspace       used 12051K, committed 12288K, reserved 1114112K
  class space    used 1278K, committed 1408K, reserved 1048576K
}
Event: 5.341 GC heap after
{Heap after GC invocations=3 (full 0):
 garbage-first heap   total 57344K, used 12476K [0x0000000080000000, 0x0000000100000000)
  region size 1024K, 1 young (1024K), 1 survivors (1024K)
 Metaspace       used 12051K, committed 12288K, reserved 1114112K
  class space    used 1278K, committed 1408K, reserved 1048576K
}
Event: 6.683 GC heap before
{Heap before GC invocations=3 (full 0):
 garbage-first heap   total 57344K, used 41148K [0x0000000080000000, 0x0000000100000000)
  region size 1024K, 28 young (28672K), 1 survivors (1024K)
 Metaspace       used 12619K, committed 12864K, reserved 1114112K
  class space    used 1377K, committed 1536K, reserved 1048576K
}
Event: 6.690 GC heap after
{Heap after GC invocations=4 (full 0):
 garbage-first heap   total 57344K, used 17584K [0x0000000080000000, 0x0000000100000000)
  region size 1024K, 4 young (4096K), 4 survivors (4096K)
 Metaspace       used 12619K, committed 12864K, reserved 1114112K
  class space    used 1377K, committed 1536K, reserved 1048576K
}
Event: 12.459 GC heap before
{Heap before GC invocations=4 (full 0):
 garbage-first heap   total 57344K, used 42160K [0x0000000080000000, 0x0000000100000000)
  region size 1024K, 28 young (28672K), 4 survivors (4096K)
 Metaspace       used 21000K, committed 21312K, reserved 1114112K
  class space    used 2458K, committed 2560K, reserved 1048576K
}
Event: 12.468 GC heap after
{Heap after GC invocations=5 (full 0):
 garbage-first heap   total 57344K, used 20953K [0x0000000080000000, 0x0000000100000000)
  region size 1024K, 4 young (4096K), 4 survivors (4096K)
 Metaspace       used 21000K, committed 21312K, reserved 1114112K
  class space    used 2458K, committed 2560K, reserved 1048576K
}
Event: 12.505 GC heap before
{Heap before GC invocations=5 (full 0):
 garbage-first heap   total 57344K, used 20953K [0x0000000080000000, 0x0000000100000000)
  region size 1024K, 6 young (6144K), 4 survivors (4096K)
 Metaspace       used 21232K, committed 21504K, reserved 1114112K
  class space    used 2494K, committed 2624K, reserved 1048576K
}
Event: 12.511 GC heap after
{Heap after GC invocations=6 (full 0):
 garbage-first heap   total 57344K, used 21680K [0x0000000080000000, 0x0000000100000000)
  region size 1024K, 1 young (1024K), 1 survivors (1024K)
 Metaspace       used 21232K, committed 21504K, reserved 1114112K
  class space    used 2494K, committed 2624K, reserved 1048576K
}
Event: 15.011 GC heap before
{Heap before GC invocations=7 (full 0):
 garbage-first heap   total 57344K, used 44208K [0x0000000080000000, 0x0000000100000000)
  region size 1024K, 24 young (24576K), 1 survivors (1024K)
 Metaspace       used 25786K, committed 26240K, reserved 1114112K
  class space    used 3168K, committed 3392K, reserved 1048576K
}
Event: 15.015 GC heap after
{Heap after GC invocations=8 (full 0):
 garbage-first heap   total 57344K, used 22462K [0x0000000080000000, 0x0000000100000000)
  region size 1024K, 2 young (2048K), 2 survivors (2048K)
 Metaspace       used 25786K, committed 26240K, reserved 1114112K
  class space    used 3168K, committed 3392K, reserved 1048576K
}
Event: 16.904 GC heap before
{Heap before GC invocations=8 (full 0):
 garbage-first heap   total 57344K, used 47038K [0x0000000080000000, 0x0000000100000000)
  region size 1024K, 26 young (26624K), 2 survivors (2048K)
 Metaspace       used 29303K, committed 29888K, reserved 1114112K
  class space    used 3788K, committed 4032K, reserved 1048576K
}
Event: 16.909 GC heap after
{Heap after GC invocations=9 (full 0):
 garbage-first heap   total 57344K, used 23546K [0x0000000080000000, 0x0000000100000000)
  region size 1024K, 3 young (3072K), 3 survivors (3072K)
 Metaspace       used 29303K, committed 29888K, reserved 1114112K
  class space    used 3788K, committed 4032K, reserved 1048576K
}
Event: 17.671 GC heap before
{Heap before GC invocations=9 (full 0):
 garbage-first heap   total 57344K, used 48122K [0x0000000080000000, 0x0000000100000000)
  region size 1024K, 27 young (27648K), 3 survivors (3072K)
 Metaspace       used 32595K, committed 33280K, reserved 1114112K
  class space    used 4343K, committed 4672K, reserved 1048576K
}
Event: 17.679 GC heap after
{Heap after GC invocations=10 (full 0):
 garbage-first heap   total 57344K, used 25333K [0x0000000080000000, 0x0000000100000000)
  region size 1024K, 4 young (4096K), 4 survivors (4096K)
 Metaspace       used 32595K, committed 33280K, reserved 1114112K
  class space    used 4343K, committed 4672K, reserved 1048576K
}
Event: 24.654 GC heap before
{Heap before GC invocations=10 (full 0):
 garbage-first heap   total 57344K, used 36597K [0x0000000080000000, 0x0000000100000000)
  region size 1024K, 16 young (16384K), 4 survivors (4096K)
 Metaspace       used 34509K, committed 35328K, reserved 1114112K
  class space    used 4678K, committed 5120K, reserved 1048576K
}
Event: 24.661 GC heap after
{Heap after GC invocations=11 (full 0):
 garbage-first heap   total 57344K, used 26624K [0x0000000080000000, 0x0000000100000000)
  region size 1024K, 3 young (3072K), 3 survivors (3072K)
 Metaspace       used 34509K, committed 35328K, reserved 1114112K
  class space    used 4678K, committed 5120K, reserved 1048576K
}
Event: 24.751 GC heap before
{Heap before GC invocations=11 (full 0):
 garbage-first heap   total 57344K, used 33792K [0x0000000080000000, 0x0000000100000000)
  region size 1024K, 5 young (5120K), 3 survivors (3072K)
 Metaspace       used 34544K, committed 35456K, reserved 1114112K
  class space    used 4685K, committed 5120K, reserved 1048576K
}
Event: 24.757 GC heap after
{Heap after GC invocations=12 (full 0):
 garbage-first heap   total 57344K, used 33506K [0x0000000080000000, 0x0000000100000000)
  region size 1024K, 2 young (2048K), 2 survivors (2048K)
 Metaspace       used 34544K, committed 35456K, reserved 1114112K
  class space    used 4685K, committed 5120K, reserved 1048576K
}

Dll operation events (3 events):
Event: 0.029 Loaded shared library C:\Program Files\Android\Android Studio2\jbr\bin\java.dll
Event: 0.041 Loaded shared library C:\Program Files\Android\Android Studio2\jbr\bin\zip.dll
Event: 3.096 Loaded shared library C:\Program Files\Android\Android Studio2\jbr\bin\verify.dll

Deoptimization events (20 events):
Event: 24.727 Thread 0x000001f9e77401e0 DEOPT PACKING pc=0x000001f9d3642edf sp=0x00000066fcafb0a0
Event: 24.727 Thread 0x000001f9e77401e0 DEOPT UNPACKING pc=0x000001f9daae4e42 sp=0x00000066fcafa528 mode 0
Event: 24.733 Thread 0x000001f9e77401e0 Uncommon trap: trap_request=0xffffffc6 fr.pc=0x000001f9db1685a8 relative=0x0000000000004c68
Event: 24.733 Thread 0x000001f9e77401e0 Uncommon trap: reason=bimorphic_or_optimized_type_check action=maybe_recompile pc=0x000001f9db1685a8 method=java.lang.ClassLoader.loadClass(Ljava/lang/String;Z)Ljava/lang/Class; @ 38 c2
Event: 24.733 Thread 0x000001f9e77401e0 DEOPT PACKING pc=0x000001f9db1685a8 sp=0x00000066fcafa1d0
Event: 24.733 Thread 0x000001f9e77401e0 DEOPT UNPACKING pc=0x000001f9daae46a2 sp=0x00000066fcafa200 mode 2
Event: 24.734 Thread 0x000001f9e77401e0 Uncommon trap: trap_request=0xffffffc6 fr.pc=0x000001f9db1685a8 relative=0x0000000000004c68
Event: 24.734 Thread 0x000001f9e77401e0 Uncommon trap: reason=bimorphic_or_optimized_type_check action=maybe_recompile pc=0x000001f9db1685a8 method=java.lang.ClassLoader.loadClass(Ljava/lang/String;Z)Ljava/lang/Class; @ 38 c2
Event: 24.734 Thread 0x000001f9e77401e0 DEOPT PACKING pc=0x000001f9db1685a8 sp=0x00000066fcafa410
Event: 24.734 Thread 0x000001f9e77401e0 DEOPT UNPACKING pc=0x000001f9daae46a2 sp=0x00000066fcafa440 mode 2
Event: 24.734 Thread 0x000001f9e77401e0 Uncommon trap: trap_request=0xffffffc6 fr.pc=0x000001f9db1685a8 relative=0x0000000000004c68
Event: 24.734 Thread 0x000001f9e77401e0 Uncommon trap: reason=bimorphic_or_optimized_type_check action=maybe_recompile pc=0x000001f9db1685a8 method=java.lang.ClassLoader.loadClass(Ljava/lang/String;Z)Ljava/lang/Class; @ 38 c2
Event: 24.734 Thread 0x000001f9e77401e0 DEOPT PACKING pc=0x000001f9db1685a8 sp=0x00000066fcafb490
Event: 24.734 Thread 0x000001f9e77401e0 DEOPT UNPACKING pc=0x000001f9daae46a2 sp=0x00000066fcafb4c0 mode 2
Event: 24.737 Thread 0x000001f9e77401e0 Uncommon trap: trap_request=0xffffff45 fr.pc=0x000001f9db195384 relative=0x0000000000006744
Event: 24.737 Thread 0x000001f9e77401e0 Uncommon trap: reason=unstable_if action=reinterpret pc=0x000001f9db195384 method=java.net.URLClassLoader.getAndVerifyPackage(Ljava/lang/String;Ljava/util/jar/Manifest;Ljava/net/URL;)Ljava/lang/Package; @ 62 c2
Event: 24.738 Thread 0x000001f9e77401e0 DEOPT PACKING pc=0x000001f9db195384 sp=0x00000066fcafb830
Event: 24.738 Thread 0x000001f9e77401e0 DEOPT UNPACKING pc=0x000001f9daae46a2 sp=0x00000066fcafb5c8 mode 2
Event: 24.795 Thread 0x000001f9e77401e0 DEOPT PACKING pc=0x000001f9d3642edf sp=0x00000066fcafa9b0
Event: 24.795 Thread 0x000001f9e77401e0 DEOPT UNPACKING pc=0x000001f9daae4e42 sp=0x00000066fcaf9e38 mode 0

Classes loaded (20 events):
Event: 17.894 Loading class java/util/concurrent/CancellationException
Event: 17.894 Loading class java/util/concurrent/CancellationException done
Event: 17.931 Loading class java/util/concurrent/LinkedBlockingDeque$Itr
Event: 17.932 Loading class java/util/concurrent/LinkedBlockingDeque$AbstractItr
Event: 17.932 Loading class java/util/concurrent/LinkedBlockingDeque$AbstractItr done
Event: 17.932 Loading class java/util/concurrent/LinkedBlockingDeque$Itr done
Event: 17.939 Loading class java/util/LinkedList$ListItr
Event: 17.939 Loading class java/util/LinkedList$ListItr done
Event: 17.945 Loading class java/util/concurrent/locks/AbstractQueuedSynchronizer$SharedNode
Event: 17.945 Loading class java/util/concurrent/locks/AbstractQueuedSynchronizer$SharedNode done
Event: 17.958 Loading class java/io/InterruptedIOException
Event: 17.959 Loading class java/io/InterruptedIOException done
Event: 17.969 Loading class java/util/ArrayDeque$DeqSpliterator
Event: 17.969 Loading class java/util/ArrayDeque$DeqSpliterator done
Event: 17.999 Loading class java/nio/charset/CharacterCodingException
Event: 17.999 Loading class java/nio/charset/CharacterCodingException done
Event: 18.000 Loading class java/lang/Short$ShortCache
Event: 18.001 Loading class java/lang/Short$ShortCache done
Event: 24.633 Loading class sun/nio/fs/WindowsPath$1
Event: 24.634 Loading class sun/nio/fs/WindowsPath$1 done

Classes unloaded (0 events):
No events

Classes redefined (0 events):
No events

Internal exceptions (20 events):
Event: 16.917 Thread 0x000001f9e77401e0 Exception <a 'java/lang/NoSuchMethodError'{0x000000008374df18}: 'java.lang.Object java.lang.invoke.DirectMethodHandle$Holder.invokeSpecial(java.lang.Object, java.lang.Object, java.lang.Object, java.lang.Object, java.lang.Object, java.lang.Object, java.lang.Object, java.lang.Object, java.lang.Object, java.lang.Object, java.lang.Object, java.lang.Object, java.lang.Object, java.lang.Object, java.lang.Object, java.lang.Object, java.lang.Object, java.lang.Object, java.lang.Object, java.lang.Object, java.lang.Ob
Event: 17.167 Thread 0x000001f9e77401e0 Exception <a 'java/lang/NoSuchMethodError'{0x0000000082f845f8}: 'java.lang.Object java.lang.invoke.DirectMethodHandle$Holder.newInvokeSpecial(java.lang.Object, java.lang.Object, java.lang.Object, java.lang.Object, java.lang.Object, java.lang.Object, java.lang.Object)'> (0x0000000082f845f8) 
thrown [s\src\hotspot\share\interpreter\linkResolver.cpp, line 784]
Event: 17.226 Thread 0x000001f9e77401e0 Exception <a 'java/lang/NoSuchMethodError'{0x0000000082d580e0}: 'java.lang.Object java.lang.invoke.DirectMethodHandle$Holder.invokeVirtual(java.lang.Object, java.lang.Object, java.lang.Object, java.lang.Object, java.lang.Object, java.lang.Object, java.lang.Object, java.lang.Object, java.lang.Object, java.lang.Object, java.lang.Object)'> (0x0000000082d580e0) 
thrown [s\src\hotspot\share\interpreter\linkResolver.cpp, line 784]
Event: 17.440 Thread 0x000001f9e77401e0 Exception <a 'java/lang/NoSuchMethodError'{0x0000000082612bb8}: 'java.lang.Object java.lang.invoke.DirectMethodHandle$Holder.invokeVirtual(java.lang.Object, java.lang.Object, java.lang.Object, java.lang.Object, java.lang.Object, java.lang.Object, java.lang.Object, java.lang.Object, java.lang.Object, java.lang.Object)'> (0x0000000082612bb8) 
thrown [s\src\hotspot\share\interpreter\linkResolver.cpp, line 784]
Event: 17.501 Thread 0x000001f9e77401e0 Exception <a 'java/lang/NoSuchMethodError'{0x000000008251d8b0}: 'java.lang.Object java.lang.invoke.DelegatingMethodHandle$Holder.reinvoke_L(java.lang.Object, java.lang.Object, java.lang.Object, java.lang.Object, java.lang.Object, java.lang.Object, java.lang.Object, java.lang.Object, java.lang.Object, java.lang.Object, java.lang.Object, java.lang.Object, java.lang.Object, java.lang.Object, java.lang.Object, java.lang.Object, java.lang.Object, java.lang.Object, java.lang.Object, java.lang.Object, java.lang.O
Event: 17.501 Thread 0x000001f9e77401e0 Exception <a 'java/lang/NoSuchMethodError'{0x0000000082528ea0}: 'java.lang.Object java.lang.invoke.DirectMethodHandle$Holder.invokeSpecial(java.lang.Object, java.lang.Object, java.lang.Object, java.lang.Object, java.lang.Object, java.lang.Object, java.lang.Object, java.lang.Object, java.lang.Object, java.lang.Object, java.lang.Object, java.lang.Object, java.lang.Object, java.lang.Object, java.lang.Object, java.lang.Object, java.lang.Object, java.lang.Object, java.lang.Object, java.lang.Object, java.lang.Ob
Event: 17.502 Thread 0x000001f9e77401e0 Exception <a 'java/lang/NoSuchMethodError'{0x000000008252e698}: 'java.lang.Object java.lang.invoke.Invokers$Holder.invoker(java.lang.Object, java.lang.Object, java.lang.Object, java.lang.Object, java.lang.Object, java.lang.Object, java.lang.Object, java.lang.Object, java.lang.Object, java.lang.Object, java.lang.Object, java.lang.Object, java.lang.Object, java.lang.Object, java.lang.Object, java.lang.Object, java.lang.Object, java.lang.Object, java.lang.Object, java.lang.Object, java.lang.Object, java.lang.
Event: 17.502 Thread 0x000001f9e77401e0 Exception <a 'java/lang/NoSuchMethodError'{0x0000000082534870}: 'java.lang.Object java.lang.invoke.DelegatingMethodHandle$Holder.delegate(java.lang.Object, java.lang.Object, java.lang.Object, java.lang.Object, java.lang.Object, java.lang.Object, java.lang.Object, java.lang.Object, java.lang.Object, java.lang.Object, java.lang.Object, java.lang.Object, java.lang.Object, java.lang.Object, java.lang.Object, java.lang.Object, java.lang.Object, java.lang.Object, java.lang.Object, java.lang.Object, java.lang.Obj
Event: 17.544 Thread 0x000001f9e77401e0 Exception <a 'java/lang/NoSuchMethodError'{0x0000000082346c00}: 'java.lang.Object java.lang.invoke.DirectMethodHandle$Holder.invokeStaticInit(java.lang.Object, java.lang.Object, java.lang.Object, java.lang.Object)'> (0x0000000082346c00) 
thrown [s\src\hotspot\share\interpreter\linkResolver.cpp, line 784]
Event: 17.582 Thread 0x000001f9e77401e0 Exception <a 'java/lang/NoSuchMethodError'{0x00000000822e5540}: 'void java.lang.invoke.DirectMethodHandle$Holder.invokeStatic(java.lang.Object, java.lang.Object, java.lang.Object, java.lang.Object)'> (0x00000000822e5540) 
thrown [s\src\hotspot\share\interpreter\linkResolver.cpp, line 784]
Event: 17.797 Thread 0x000001f9e77401e0 Exception <a 'java/lang/NoSuchMethodError'{0x000000008367fe48}: 'java.lang.Object java.lang.invoke.DirectMethodHandle$Holder.newInvokeSpecial(java.lang.Object, java.lang.Object, java.lang.Object, java.lang.Object, java.lang.Object, java.lang.Object, java.lang.Object, java.lang.Object, java.lang.Object, java.lang.Object)'> (0x000000008367fe48) 
thrown [s\src\hotspot\share\interpreter\linkResolver.cpp, line 784]
Event: 17.963 Thread 0x000001f9e77401e0 Exception <a 'java/lang/NoSuchMethodError'{0x00000000831c59e0}: 'int java.lang.invoke.DirectMethodHandle$Holder.invokeVirtual(java.lang.Object, java.lang.Object)'> (0x00000000831c59e0) 
thrown [s\src\hotspot\share\interpreter\linkResolver.cpp, line 784]
Event: 18.039 Thread 0x000001f9e77401e0 Exception <a 'java/lang/NoSuchMethodError'{0x0000000082f03ac8}: 'java.lang.Object java.lang.invoke.DirectMethodHandle$Holder.newInvokeSpecial(java.lang.Object, java.lang.Object, long)'> (0x0000000082f03ac8) 
thrown [s\src\hotspot\share\interpreter\linkResolver.cpp, line 784]
Event: 18.041 Thread 0x000001f9e77401e0 Exception <a 'java/lang/NoSuchMethodError'{0x0000000082f07bd0}: 'java.lang.Object java.lang.invoke.Invokers$Holder.linkToTargetMethod(java.lang.Object, long, java.lang.Object)'> (0x0000000082f07bd0) 
thrown [s\src\hotspot\share\interpreter\linkResolver.cpp, line 784]
Event: 20.517 Thread 0x000001f9e77401e0 Exception <a 'java/lang/NoSuchMethodError'{0x0000000082e9cc08}: 'int java.lang.invoke.DirectMethodHandle$Holder.invokeInterface(java.lang.Object, java.lang.Object)'> (0x0000000082e9cc08) 
thrown [s\src\hotspot\share\interpreter\linkResolver.cpp, line 784]
Event: 20.522 Thread 0x000001f9e77401e0 Exception <a 'java/lang/NoSuchMethodError'{0x0000000082ec0e70}: 'java.lang.Object java.lang.invoke.DirectMethodHandle$Holder.invokeStatic(java.lang.Object, java.lang.Object, int, java.lang.Object)'> (0x0000000082ec0e70) 
thrown [s\src\hotspot\share\interpreter\linkResolver.cpp, line 784]
Event: 20.522 Thread 0x000001f9e77401e0 Exception <a 'java/lang/NoSuchMethodError'{0x0000000082ec7ce8}: 'java.lang.Object java.lang.invoke.DirectMethodHandle$Holder.newInvokeSpecial(java.lang.Object, java.lang.Object, int, java.lang.Object)'> (0x0000000082ec7ce8) 
thrown [s\src\hotspot\share\interpreter\linkResolver.cpp, line 784]
Event: 20.523 Thread 0x000001f9e77401e0 Exception <a 'java/lang/NoSuchMethodError'{0x0000000082ecbf00}: 'java.lang.Object java.lang.invoke.DirectMethodHandle$Holder.invokeSpecial(java.lang.Object, java.lang.Object, java.lang.Object, int, java.lang.Object)'> (0x0000000082ecbf00) 
thrown [s\src\hotspot\share\interpreter\linkResolver.cpp, line 784]
Event: 24.736 Thread 0x000001f9e77401e0 Exception <a 'java/lang/NoSuchMethodError'{0x00000000837cfa10}: static Lorg/gradle/tooling/internal/consumer/connection/InternalPhasedActionAdapter;.<clinit>()V> (0x00000000837cfa10) 
thrown [s\src\hotspot\share\prims\jni.cpp, line 1126]
Event: 24.746 Thread 0x000001f9e77401e0 Exception <a 'java/lang/NoSuchMethodError'{0x0000000083600870}: static Lorg/gradle/tooling/internal/consumer/connection/InternalBuildActionAdapter;.<clinit>()V> (0x0000000083600870) 
thrown [s\src\hotspot\share\prims\jni.cpp, line 1126]

ZGC Phase Switch (0 events):
No events

VM Operations (20 events):
Event: 17.671 Executing VM operation: G1CollectForAllocation (G1 Evacuation Pause)
Event: 17.679 Executing VM operation: G1CollectForAllocation (G1 Evacuation Pause) done
Event: 18.068 Executing VM operation: HandshakeAllThreads (Deoptimize)
Event: 18.068 Executing VM operation: HandshakeAllThreads (Deoptimize) done
Event: 19.063 Executing VM operation: Cleanup
Event: 19.064 Executing VM operation: Cleanup done
Event: 21.071 Executing VM operation: Cleanup
Event: 21.071 Executing VM operation: Cleanup done
Event: 23.075 Executing VM operation: Cleanup
Event: 23.075 Executing VM operation: Cleanup done
Event: 24.084 Executing VM operation: Cleanup
Event: 24.084 Executing VM operation: Cleanup done
Event: 24.653 Executing VM operation: G1TryInitiateConcMark (G1 Humongous Allocation)
Event: 24.661 Executing VM operation: G1TryInitiateConcMark (G1 Humongous Allocation) done
Event: 24.751 Executing VM operation: G1TryInitiateConcMark (G1 Humongous Allocation)
Event: 24.757 Executing VM operation: G1TryInitiateConcMark (G1 Humongous Allocation) done
Event: 24.797 Executing VM operation: G1PauseRemark
Event: 24.805 Executing VM operation: G1PauseRemark done
Event: 24.823 Executing VM operation: G1PauseCleanup
Event: 24.823 Executing VM operation: G1PauseCleanup done

Events (20 events):
Event: 24.804 Thread 0x000001f9e727f0e0 flushing nmethod 0x000001f9db068290
Event: 24.804 Thread 0x000001f9e727f0e0 flushing nmethod 0x000001f9db067790
Event: 24.804 Thread 0x000001f9e727f0e0 flushing nmethod 0x000001f9db066890
Event: 24.804 Thread 0x000001f9e727f0e0 flushing nmethod 0x000001f9db06ca10
Event: 24.804 Thread 0x000001f9e727f0e0 flushing nmethod 0x000001f9db06b910
Event: 24.804 Thread 0x000001f9e727f0e0 flushing nmethod 0x000001f9db069910
Event: 24.804 Thread 0x000001f9e727f0e0 flushing nmethod 0x000001f9db05ae10
Event: 24.804 Thread 0x000001f9e727f0e0 flushing nmethod 0x000001f9db04d190
Event: 24.804 Thread 0x000001f9e727f0e0 flushing nmethod 0x000001f9db05ef90
Event: 24.804 Thread 0x000001f9e727f0e0 flushing nmethod 0x000001f9db059710
Event: 24.804 Thread 0x000001f9e727f0e0 flushing nmethod 0x000001f9db058d10
Event: 24.804 Thread 0x000001f9e727f0e0 flushing nmethod 0x000001f9db03d810
Event: 24.804 Thread 0x000001f9e727f0e0 flushing nmethod 0x000001f9db03c290
Event: 24.804 Thread 0x000001f9e727f0e0 flushing nmethod 0x000001f9db056c10
Event: 24.804 Thread 0x000001f9e727f0e0 flushing nmethod 0x000001f9db04f190
Event: 24.804 Thread 0x000001f9e727f0e0 flushing nmethod 0x000001f9db055d90
Event: 24.804 Thread 0x000001f9e727f0e0 flushing nmethod 0x000001f9db04e410
Event: 24.804 Thread 0x000001f9e727f0e0 flushing nmethod 0x000001f9db04a290
Event: 24.804 Thread 0x000001f9e727f0e0 flushing nmethod 0x000001f9db038190
Event: 24.804 Thread 0x000001f9e727f0e0 flushing nmethod 0x000001f9db037890


Dynamic libraries:
0x00007ff6b4080000 - 0x00007ff6b408a000 	C:\Program Files\Android\Android Studio2\jbr\bin\java.exe
0x00007ff81b170000 - 0x00007ff81b387000 	C:\WINDOWS\SYSTEM32\ntdll.dll
0x00007ff819b60000 - 0x00007ff819c24000 	C:\WINDOWS\System32\KERNEL32.DLL
0x00007ff818780000 - 0x00007ff818b2d000 	C:\WINDOWS\System32\KERNELBASE.dll
0x000000005fa50000 - 0x000000005fd7e000 	C:\Program Files\Norton Security\NortonData\22.23.6.5\Definitions\IPSDefs\20241011.001\IPSEng64.dll
0x00007ff81a940000 - 0x00007ff81a9f2000 	C:\WINDOWS\System32\ADVAPI32.dll
0x00007ff8197c0000 - 0x00007ff819867000 	C:\WINDOWS\System32\msvcrt.dll
0x00007ff81ae90000 - 0x00007ff81af39000 	C:\WINDOWS\System32\sechost.dll
0x00007ff818750000 - 0x00007ff818778000 	C:\WINDOWS\System32\bcrypt.dll
0x00007ff81a700000 - 0x00007ff81a814000 	C:\WINDOWS\System32\RPCRT4.dll
0x00007ff819ec0000 - 0x00007ff819ec8000 	C:\WINDOWS\System32\PSAPI.DLL
0x00007ff818c60000 - 0x00007ff818d71000 	C:\WINDOWS\System32\ucrtbase.dll
0x00007ffffe9d0000 - 0x00007ffffe9eb000 	C:\Program Files\Android\Android Studio2\jbr\bin\VCRUNTIME140.dll
0x00007ffffb710000 - 0x00007ffffb728000 	C:\Program Files\Android\Android Studio2\jbr\bin\jli.dll
0x00007ff819910000 - 0x00007ff819abe000 	C:\WINDOWS\System32\USER32.dll
0x00007ff8185b0000 - 0x00007ff8185d6000 	C:\WINDOWS\System32\win32u.dll
0x00007ff81af40000 - 0x00007ff81af69000 	C:\WINDOWS\System32\GDI32.dll
0x00007ffffbfd0000 - 0x00007ffffc263000 	C:\WINDOWS\WinSxS\amd64_microsoft.windows.common-controls_6595b64144ccf1df_6.0.22621.3672_none_2713b9d173822955\COMCTL32.dll
0x00007ff818d80000 - 0x00007ff818e99000 	C:\WINDOWS\System32\gdi32full.dll
0x00007ff818510000 - 0x00007ff8185aa000 	C:\WINDOWS\System32\msvcp_win.dll
0x00007ff819ac0000 - 0x00007ff819af1000 	C:\WINDOWS\System32\IMM32.DLL
0x00007ff812490000 - 0x00007ff81249c000 	C:\Program Files\Android\Android Studio2\jbr\bin\vcruntime140_1.dll
0x00007fffe2210000 - 0x00007fffe229d000 	C:\Program Files\Android\Android Studio2\jbr\bin\msvcp140.dll
0x00007fff8f1c0000 - 0x00007fff8fe3d000 	C:\Program Files\Android\Android Studio2\jbr\bin\server\jvm.dll
0x00007ff819e40000 - 0x00007ff819eb1000 	C:\WINDOWS\System32\WS2_32.dll
0x00007ff818360000 - 0x00007ff8183ad000 	C:\WINDOWS\SYSTEM32\POWRPROF.dll
0x00007ff811220000 - 0x00007ff811254000 	C:\WINDOWS\SYSTEM32\WINMM.dll
0x00007ff80f350000 - 0x00007ff80f35a000 	C:\WINDOWS\SYSTEM32\VERSION.dll
0x00007ff818340000 - 0x00007ff818353000 	C:\WINDOWS\SYSTEM32\UMPDC.dll
0x00007ff8174e0000 - 0x00007ff8174f8000 	C:\WINDOWS\SYSTEM32\kernel.appcore.dll
0x00007ff80a070000 - 0x00007ff80a07a000 	C:\Program Files\Android\Android Studio2\jbr\bin\jimage.dll
0x00007ff80fd20000 - 0x00007ff80ff52000 	C:\WINDOWS\SYSTEM32\DBGHELP.DLL
0x00007ff81ab00000 - 0x00007ff81ae8e000 	C:\WINDOWS\System32\combase.dll
0x00007ff81a590000 - 0x00007ff81a667000 	C:\WINDOWS\System32\OLEAUT32.dll
0x00007ff80f510000 - 0x00007ff80f542000 	C:\WINDOWS\SYSTEM32\dbgcore.DLL
0x00007ff818490000 - 0x00007ff81850b000 	C:\WINDOWS\System32\bcryptPrimitives.dll
0x00007ffff86d0000 - 0x00007ffff86de000 	C:\Program Files\Android\Android Studio2\jbr\bin\instrument.dll
0x00007ffffd8d0000 - 0x00007ffffd8ef000 	C:\Program Files\Android\Android Studio2\jbr\bin\java.dll
0x00007ffffd860000 - 0x00007ffffd878000 	C:\Program Files\Android\Android Studio2\jbr\bin\zip.dll
0x00007ff818ea0000 - 0x00007ff819707000 	C:\WINDOWS\System32\SHELL32.dll
0x00007ff816410000 - 0x00007ff816d0f000 	C:\WINDOWS\SYSTEM32\windows.storage.dll
0x00007ff8162d0000 - 0x00007ff81640f000 	C:\WINDOWS\SYSTEM32\wintypes.dll
0x00007ff81aa00000 - 0x00007ff81aaf9000 	C:\WINDOWS\System32\SHCORE.dll
0x00007ff819ed0000 - 0x00007ff819f2e000 	C:\WINDOWS\System32\shlwapi.dll
0x00007ff8183c0000 - 0x00007ff8183e7000 	C:\WINDOWS\SYSTEM32\profapi.dll
0x00007ffffe470000 - 0x00007ffffe480000 	C:\Program Files\Android\Android Studio2\jbr\bin\net.dll
0x00007ff812020000 - 0x00007ff812156000 	C:\WINDOWS\SYSTEM32\WINHTTP.dll
0x00007ff817950000 - 0x00007ff8179b9000 	C:\WINDOWS\system32\mswsock.dll
0x00007ffffd830000 - 0x00007ffffd846000 	C:\Program Files\Android\Android Studio2\jbr\bin\nio.dll
0x00007ffffc8e0000 - 0x00007ffffc8f0000 	C:\Program Files\Android\Android Studio2\jbr\bin\verify.dll
0x00007ffffd9b0000 - 0x00007ffffd9d7000 	C:\Users\Akira\.gradle\native\c067742578af261105cb4f569cf0c3c89f3d7b1fecec35dd04571415982c5e48\windows-amd64\native-platform.dll
0x00007fffe1a30000 - 0x00007fffe1b74000 	C:\Users\Akira\.gradle\native\100fb08df4bc3b14c8652ba06237920a3bd2aa13389f12d3474272988ae205f9\windows-amd64\native-platform-file-events.dll
0x00007ffffd9a0000 - 0x00007ffffd9a9000 	C:\Program Files\Android\Android Studio2\jbr\bin\management.dll
0x00007ffffd960000 - 0x00007ffffd96b000 	C:\Program Files\Android\Android Studio2\jbr\bin\management_ext.dll
0x00007ff817bb0000 - 0x00007ff817bcb000 	C:\WINDOWS\SYSTEM32\CRYPTSP.dll
0x00007ff817440000 - 0x00007ff817475000 	C:\WINDOWS\system32\rsaenh.dll
0x00007ff817a40000 - 0x00007ff817a68000 	C:\WINDOWS\SYSTEM32\USERENV.dll
0x00007ff817ba0000 - 0x00007ff817bac000 	C:\WINDOWS\SYSTEM32\CRYPTBASE.dll
0x00007ff816f70000 - 0x00007ff816f9d000 	C:\WINDOWS\SYSTEM32\IPHLPAPI.DLL
0x00007ff819e30000 - 0x00007ff819e39000 	C:\WINDOWS\System32\NSI.dll
0x00007ffffe070000 - 0x00007ffffe079000 	C:\Program Files\Android\Android Studio2\jbr\bin\extnet.dll
0x00007fffe44f0000 - 0x00007fffe44f8000 	C:\WINDOWS\system32\wshunix.dll

dbghelp: loaded successfully - version: 4.0.5 - missing functions: none
symbol engine: initialized successfully - sym options: 0x614 - pdb path: .;C:\Program Files\Android\Android Studio2\jbr\bin;C:\WINDOWS\SYSTEM32;C:\Program Files\Norton Security\NortonData\22.23.6.5\Definitions\IPSDefs\20241011.001;C:\WINDOWS\WinSxS\amd64_microsoft.windows.common-controls_6595b64144ccf1df_6.0.22621.3672_none_2713b9d173822955;C:\Program Files\Android\Android Studio2\jbr\bin\server;C:\Users\Akira\.gradle\native\c067742578af261105cb4f569cf0c3c89f3d7b1fecec35dd04571415982c5e48\windows-amd64;C:\Users\Akira\.gradle\native\100fb08df4bc3b14c8652ba06237920a3bd2aa13389f12d3474272988ae205f9\windows-amd64

VM Arguments:
jvm_args: --add-opens=java.base/java.util=ALL-UNNAMED --add-opens=java.base/java.lang=ALL-UNNAMED --add-opens=java.base/java.lang.invoke=ALL-UNNAMED --add-opens=java.prefs/java.util.prefs=ALL-UNNAMED --add-exports=jdk.compiler/com.sun.tools.javac.api=ALL-UNNAMED --add-exports=jdk.compiler/com.sun.tools.javac.util=ALL-UNNAMED --add-opens=java.base/java.nio.charset=ALL-UNNAMED --add-opens=java.base/java.net=ALL-UNNAMED --add-opens=java.base/java.util.concurrent.atomic=ALL-UNNAMED -Xmx2048m -Dfile.encoding=UTF-8 -Duser.country=US -Duser.language=en -Duser.variant -javaagent:C:\Users\Akira\.gradle\wrapper\dists\gradle-8.9-bin\90cnw93cvbtalezasaz0blq0a\gradle-8.9\lib\agents\gradle-instrumentation-agent-8.9.jar 
java_command: org.gradle.launcher.daemon.bootstrap.GradleDaemon 8.9
java_class_path (initial): C:\Users\Akira\.gradle\wrapper\dists\gradle-8.9-bin\90cnw93cvbtalezasaz0blq0a\gradle-8.9\lib\gradle-daemon-main-8.9.jar
Launcher Type: SUN_STANDARD

[Global flags]
     intx CICompilerCount                          = 3                                         {product} {ergonomic}
     uint ConcGCThreads                            = 1                                         {product} {ergonomic}
     uint G1ConcRefinementThreads                  = 4                                         {product} {ergonomic}
   size_t G1HeapRegionSize                         = 1048576                                   {product} {ergonomic}
    uintx GCDrainStackTargetSize                   = 64                                        {product} {ergonomic}
   size_t InitialHeapSize                          = 58720256                                  {product} {ergonomic}
   size_t MarkStackSize                            = 4194304                                   {product} {ergonomic}
   size_t MaxHeapSize                              = 2147483648                                {product} {command line}
   size_t MaxNewSize                               = 1287651328                                {product} {ergonomic}
   size_t MinHeapDeltaBytes                        = 1048576                                   {product} {ergonomic}
   size_t MinHeapSize                              = 8388608                                   {product} {ergonomic}
    uintx NonNMethodCodeHeapSize                   = 5832780                                {pd product} {ergonomic}
    uintx NonProfiledCodeHeapSize                  = 122912730                              {pd product} {ergonomic}
    uintx ProfiledCodeHeapSize                     = 122912730                              {pd product} {ergonomic}
    uintx ReservedCodeCacheSize                    = 251658240                              {pd product} {ergonomic}
     bool SegmentedCodeCache                       = true                                      {product} {ergonomic}
   size_t SoftMaxHeapSize                          = 2147483648                             {manageable} {ergonomic}
     bool UseCompressedOops                        = true                           {product lp64_product} {ergonomic}
     bool UseG1GC                                  = true                                      {product} {ergonomic}
     bool UseLargePagesIndividualAllocation        = false                                  {pd product} {ergonomic}

Logging:
Log output configuration:
 #0: stdout all=warning uptime,level,tags foldmultilines=false
 #1: stderr all=off uptime,level,tags foldmultilines=false

Environment Variables:
PATH=C:\app\Akira\product\21c\dbhomeXE\bin;C:\WINDOWS\system32;C:\WINDOWS;C:\WINDOWS\System32\Wbem;C:\WINDOWS\System32\WindowsPowerShell\v1.0\;C:\WINDOWS\System32\OpenSSH\;C:\Program Files\HP\HP One Agent;C:\Program Files\Git\cmd;C:\Users\Akira\AppData\Local\Microsoft\WindowsApps;C:\Users\Akira\AppData\Local\Programs\Microsoft VS Code\bin;C:\ProgramData\Akira\GitHubDesktop\bin;C:\Users\Akira\AppData\Local\GitHubDesktop\bin
USERNAME=Akira
OS=Windows_NT
PROCESSOR_IDENTIFIER=AMD64 Family 23 Model 24 Stepping 1, AuthenticAMD
TMP=C:\Users\Akira\AppData\Local\Temp
TEMP=C:\Users\Akira\AppData\Local\Temp




Periodic native trim disabled

JNI global refs:
JNI global refs: 24, weak refs: 0

JNI global refs memory usage: 835, weak refs: 833

Process memory usage:
Resident Set Size: 175372K (4% of 3587736K total physical memory with 154556K free physical memory)

OOME stack traces (most recent first):
Classloader memory used:
Loader bootstrap                                                                       : 17241K
Loader org.gradle.internal.classloader.VisitableURLClassLoader                         : 14864K
Loader org.gradle.initialization.MixInLegacyTypesClassLoader                           : 2057K
Loader jdk.internal.loader.ClassLoaders$AppClassLoader                                 : 230K
Loader org.gradle.internal.classloader.VisitableURLClassLoader                         : 185K
Loader jdk.internal.loader.ClassLoaders$PlatformClassLoader                            : 114K
Loader jdk.internal.reflect.DelegatingClassLoader                                      : 75632B

Classes loaded by more than one classloader:
Class org.gradle.internal.classloader.FilteringClassLoader                            : loaded 2 times (x 102B)
Class org.gradle.internal.classloader.ClassLoaderHierarchy                            : loaded 2 times (x 67B)
Class org.gradle.api.internal.classpath.ManifestUtil                                  : loaded 2 times (x 68B)
Class org.gradle.internal.classloader.DefaultClassLoaderFactory                       : loaded 2 times (x 79B)
Class org.gradle.internal.classloader.ClassLoaderVisitor                              : loaded 2 times (x 73B)
Class org.gradle.api.internal.classpath.EffectiveClassPath                            : loaded 2 times (x 87B)
Class org.gradle.api.internal.DefaultClassPathProvider                                : loaded 2 times (x 73B)
Class [Lorg.gradle.api.internal.ClassPathProvider;                                    : loaded 2 times (x 66B)
Class org.gradle.api.internal.ClassPathProvider                                       : loaded 2 times (x 67B)
Class org.gradle.internal.service.UnknownServiceException                             : loaded 2 times (x 80B)
Class org.gradle.internal.classpath.TransformedClassPath                              : loaded 2 times (x 93B)
Class org.gradle.internal.service.ServiceLocator                                      : loaded 2 times (x 67B)
Class org.gradle.internal.InternalTransformer                                         : loaded 2 times (x 67B)
Class org.gradle.internal.classloader.ClasspathUtil$1                                 : loaded 2 times (x 73B)
Class org.gradle.api.internal.classpath.DefaultModuleRegistry$DefaultModule           : loaded 2 times (x 83B)
Class kotlin.Function                                                                 : loaded 2 times (x 67B)
Class org.gradle.api.internal.classpath.Module                                        : loaded 2 times (x 67B)
Class org.gradle.api.internal.classpath.UnknownModuleException                        : loaded 2 times (x 79B)
Class org.gradle.api.internal.DefaultClassPathRegistry                                : loaded 2 times (x 73B)
Class org.gradle.api.internal.ClassPathRegistry                                       : loaded 2 times (x 67B)
Class org.gradle.internal.classpath.DefaultClassPath$ImmutableUniqueList              : loaded 2 times (x 196B)
Class org.gradle.internal.classpath.ClassPath                                         : loaded 2 times (x 67B)
Class org.gradle.api.UncheckedIOException                                             : loaded 2 times (x 79B)
Class org.gradle.internal.installation.GradleInstallation$1                           : loaded 2 times (x 72B)
Class org.gradle.api.internal.classpath.ModuleRegistry                                : loaded 2 times (x 67B)
Class org.gradle.api.internal.classpath.DefaultModuleRegistry                         : loaded 2 times (x 80B)
Class org.gradle.internal.service.ServiceLookupException                              : loaded 2 times (x 79B)
Class org.gradle.internal.classloader.ClassLoaderFactory                              : loaded 2 times (x 67B)
Class org.gradle.internal.service.CachingServiceLocator                               : loaded 2 times (x 79B)
Class org.gradle.internal.classloader.ClasspathUtil                                   : loaded 2 times (x 68B)
Class org.gradle.api.specs.Spec                                                       : loaded 2 times (x 67B)
Class org.gradle.internal.classloader.VisitableURLClassLoader$InstrumentingVisitableURLClassLoader: loaded 2 times (x 120B)
Class org.gradle.internal.classloader.VisitableURLClassLoader$Spec                    : loaded 2 times (x 71B)
Class org.gradle.internal.classpath.DefaultClassPath                                  : loaded 2 times (x 87B)
Class org.gradle.internal.classloader.ClassLoaderSpec                                 : loaded 2 times (x 68B)
Class org.gradle.internal.classloader.VisitableURLClassLoader                         : loaded 2 times (x 114B)
Class org.gradle.internal.Cast                                                        : loaded 2 times (x 68B)
Class org.gradle.api.Action                                                           : loaded 2 times (x 67B)
Class org.gradle.internal.agents.InstrumentingClassLoader                             : loaded 2 times (x 67B)
Class org.gradle.internal.classpath.DefaultClassPath$ImmutableUniqueList$Builder      : loaded 2 times (x 72B)
Class org.gradle.api.GradleException                                                  : loaded 2 times (x 79B)
Class org.gradle.internal.IoActions                                                   : loaded 2 times (x 68B)
Class org.gradle.internal.classloader.SystemClassLoaderSpec                           : loaded 2 times (x 68B)
Class org.gradle.internal.installation.CurrentGradleInstallationLocator               : loaded 2 times (x 68B)
Class org.gradle.internal.service.DefaultServiceLocator                               : loaded 2 times (x 80B)
Class org.gradle.util.GradleVersion                                                   : loaded 2 times (x 80B)
Class org.gradle.internal.installation.CurrentGradleInstallation                      : loaded 2 times (x 70B)
Class org.gradle.util.internal.GUtil                                                  : loaded 2 times (x 68B)
Class org.gradle.internal.installation.GradleInstallation                             : loaded 2 times (x 72B)

---------------  S Y S T E M  ---------------

OS:
 Windows 11 , 64 bit Build 22621 (10.0.22621.3958)
OS uptime: 20 days 23:47 hours

CPU: total 4 (initial active 4) (4 cores per cpu, 2 threads per core) family 23 model 24 stepping 1 microcode 0x0, cx8, cmov, fxsr, ht, mmx, 3dnowpref, sse, sse2, sse3, ssse3, sse4a, sse4.1, sse4.2, popcnt, lzcnt, tsc, tscinvbit, avx, avx2, aes, clmul, bmi1, bmi2, adx, sha, fma, vzeroupper, clflush, clflushopt, rdtscp, f16c
Processor Information for all 4 processors :
  Max Mhz: 2600, Current Mhz: 2600, Mhz Limit: 2600

Memory: 4k page, system-wide physical 3503M (151M free)
TotalPageFile size 14255M (AvailPageFile size 5M)
current process WorkingSet (physical memory assigned to process): 171M, peak: 172M
current process commit charge ("private bytes"): 217M, peak: 218M

vm_info: OpenJDK 64-Bit Server VM (21.0.3+-12282718-b509.11) for windows-amd64 JRE (21.0.3+-12282718-b509.11), built on 2024-08-27T17:34:15Z by "builder" with MS VC++ 16.10 / 16.11 (VS2019)

END.
