#
# There is insufficient memory for the Java Runtime Environment to continue.
# Native memory allocation (mmap) failed to map 19922944 bytes. Error detail: G1 virtual space
# Possible reasons:
#   The system is out of physical RAM or swap space
#   This process is running with CompressedOops enabled, and the Java Heap may be blocking the growth of the native heap
# Possible solutions:
#   Reduce memory load on the system
#   Increase physical memory or swap space
#   Check if swap backing store is full
#   Decrease Java heap size (-Xmx/-Xms)
#   Decrease number of Java threads
#   Decrease Java thread stack sizes (-Xss)
#   Set larger code cache with -XX:ReservedCodeCacheSize=
#   JVM is running with Unscaled Compressed Oops mode in which the Java heap is
#     placed in the first 4GB address space. The Java Heap base address is the
#     maximum limit for the native heap growth. Please use -XX:HeapBaseMinAddress
#     to set the Java Heap base and to place the Java Heap above 4GB virtual address.
# This output file may be truncated or incomplete.
#
#  Out of Memory Error (os_windows.cpp:3815), pid=4688, tid=17416
#
# JRE version: OpenJDK Runtime Environment (21.0.3) (build 21.0.3+-12282718-b509.11)
# Java VM: OpenJDK 64-Bit Server VM (21.0.3+-12282718-b509.11, mixed mode, tiered, compressed oops, compressed class ptrs, g1 gc, windows-amd64)
# No core dump will be written. Minidumps are not enabled by default on client versions of Windows
#

---------------  S U M M A R Y ------------

Command Line: --add-opens=java.base/java.util=ALL-UNNAMED --add-opens=java.base/java.lang=ALL-UNNAMED --add-opens=java.base/java.lang.invoke=ALL-UNNAMED --add-opens=java.prefs/java.util.prefs=ALL-UNNAMED --add-exports=jdk.compiler/com.sun.tools.javac.api=ALL-UNNAMED --add-exports=jdk.compiler/com.sun.tools.javac.util=ALL-UNNAMED --add-opens=java.base/java.nio.charset=ALL-UNNAMED --add-opens=java.base/java.net=ALL-UNNAMED --add-opens=java.base/java.util.concurrent.atomic=ALL-UNNAMED -Xmx2048m -Dfile.encoding=UTF-8 -Duser.country=US -Duser.language=en -Duser.variant -javaagent:C:\Users\Akira\.gradle\wrapper\dists\gradle-8.9-bin\90cnw93cvbtalezasaz0blq0a\gradle-8.9\lib\agents\gradle-instrumentation-agent-8.9.jar org.gradle.launcher.daemon.bootstrap.GradleDaemon 8.9

Host: AMD Ryzen 3 3250U with Radeon Graphics         , 4 cores, 3G,  Windows 11 , 64 bit Build 22621 (10.0.22621.3958)
Time: Sat Oct 12 13:53:28 2024 Eastern Daylight Time elapsed time: 17.908930 seconds (0d 0h 0m 17s)

---------------  T H R E A D  ---------------

Current thread (0x0000027218e0fe40):  VMThread "VM Thread"          [id=17416, stack(0x00000081a2400000,0x00000081a2500000) (1024K)]

Stack: [0x00000081a2400000,0x00000081a2500000]
Native frames: (J=compiled Java code, j=interpreted, Vv=VM code, C=native code)
V  [jvm.dll+0x6cafb9]
V  [jvm.dll+0x858523]
V  [jvm.dll+0x85aa7e]
V  [jvm.dll+0x85b163]
V  [jvm.dll+0x27d356]
V  [jvm.dll+0x6c7865]
V  [jvm.dll+0x6bbd3a]
V  [jvm.dll+0x35199b]
V  [jvm.dll+0x3595d6]
V  [jvm.dll+0x3aa826]
V  [jvm.dll+0x3aaaf8]
V  [jvm.dll+0x3240bc]
V  [jvm.dll+0x324147]
V  [jvm.dll+0x36a00c]
V  [jvm.dll+0x36879e]
V  [jvm.dll+0x3237c1]
V  [jvm.dll+0x3681c8]
V  [jvm.dll+0x860ac8]
V  [jvm.dll+0x861bc4]
V  [jvm.dll+0x862100]
V  [jvm.dll+0x862393]
V  [jvm.dll+0x800d78]
V  [jvm.dll+0x6c98cd]
C  [ucrtbase.dll+0x29333]
C  [KERNEL32.DLL+0x1257d]
C  [ntdll.dll+0x5af28]

VM_Operation (0x00000081a38f5950): G1TryInitiateConcMark, mode: safepoint, requested by thread 0x000002721d3ae040


---------------  P R O C E S S  ---------------

Threads class SMR info:
_java_thread_list=0x0000027221a5ec60, length=40, elements={
0x000002727fc71940, 0x000002721d049de0, 0x000002721d04c4a0, 0x000002721d04e390,
0x000002721d05e2f0, 0x000002721d060970, 0x000002721d0613d0, 0x000002721d064910,
0x000002721d078140, 0x000002721d10bb30, 0x000002721d3d0240, 0x000002721eacd4a0,
0x000002721ef3efa0, 0x000002721d251620, 0x000002721e167e80, 0x000002721e7d5bd0,
0x000002721e7d2da0, 0x000002721d3ae040, 0x000002721d3a87d0, 0x000002721d3a8e60,
0x000002721d3a94f0, 0x000002721d3a6070, 0x000002721d3a7ab0, 0x000002721d3a6700,
0x000002721d3a7420, 0x000002721d3a8140, 0x000002722106bc00, 0x000002722106b570,
0x000002722106a850, 0x000002722106c290, 0x000002722106e9f0, 0x000002722106dcd0,
0x000002722106f710, 0x0000027221070430, 0x0000027221070ac0, 0x0000027221069b30,
0x000002722106c920, 0x000002722106aee0, 0x000002722106cfb0, 0x000002722106d640
}

Java Threads: ( => current thread )
  0x000002727fc71940 JavaThread "main"                              [_thread_blocked, id=2016, stack(0x00000081a1d00000,0x00000081a1e00000) (1024K)]
  0x000002721d049de0 JavaThread "Reference Handler"          daemon [_thread_blocked, id=22260, stack(0x00000081a2500000,0x00000081a2600000) (1024K)]
  0x000002721d04c4a0 JavaThread "Finalizer"                  daemon [_thread_blocked, id=13008, stack(0x00000081a2600000,0x00000081a2700000) (1024K)]
  0x000002721d04e390 JavaThread "Signal Dispatcher"          daemon [_thread_blocked, id=16504, stack(0x00000081a2700000,0x00000081a2800000) (1024K)]
  0x000002721d05e2f0 JavaThread "Attach Listener"            daemon [_thread_blocked, id=23168, stack(0x00000081a2800000,0x00000081a2900000) (1024K)]
  0x000002721d060970 JavaThread "Service Thread"             daemon [_thread_blocked, id=18264, stack(0x00000081a2900000,0x00000081a2a00000) (1024K)]
  0x000002721d0613d0 JavaThread "Monitor Deflation Thread"   daemon [_thread_blocked, id=21156, stack(0x00000081a2a00000,0x00000081a2b00000) (1024K)]
  0x000002721d064910 JavaThread "C2 CompilerThread0"         daemon [_thread_blocked, id=6248, stack(0x00000081a2b00000,0x00000081a2c00000) (1024K)]
  0x000002721d078140 JavaThread "C1 CompilerThread0"         daemon [_thread_blocked, id=12248, stack(0x00000081a2c00000,0x00000081a2d00000) (1024K)]
  0x000002721d10bb30 JavaThread "Common-Cleaner"             daemon [_thread_blocked, id=23256, stack(0x00000081a2d00000,0x00000081a2e00000) (1024K)]
  0x000002721d3d0240 JavaThread "Notification Thread"        daemon [_thread_blocked, id=17452, stack(0x00000081a2e00000,0x00000081a2f00000) (1024K)]
  0x000002721eacd4a0 JavaThread "Daemon health stats"               [_thread_blocked, id=24536, stack(0x00000081a3200000,0x00000081a3300000) (1024K)]
  0x000002721ef3efa0 JavaThread "Incoming local TCP Connector on port 57423"        [_thread_in_native, id=14468, stack(0x00000081a3300000,0x00000081a3400000) (1024K)]
  0x000002721d251620 JavaThread "Daemon periodic checks"            [_thread_blocked, id=4120, stack(0x00000081a3400000,0x00000081a3500000) (1024K)]
  0x000002721e167e80 JavaThread "Daemon"                            [_thread_blocked, id=12232, stack(0x00000081a3500000,0x00000081a3600000) (1024K)]
  0x000002721e7d5bd0 JavaThread "Handler for socket connection from /127.0.0.1:57423 to /127.0.0.1:57424"        [_thread_in_native, id=10172, stack(0x00000081a3600000,0x00000081a3700000) (1024K)]
  0x000002721e7d2da0 JavaThread "Cancel handler"                    [_thread_blocked, id=19540, stack(0x00000081a3700000,0x00000081a3800000) (1024K)]
  0x000002721d3ae040 JavaThread "Daemon worker"                     [_thread_blocked, id=21424, stack(0x00000081a3800000,0x00000081a3900000) (1024K)]
  0x000002721d3a87d0 JavaThread "Asynchronous log dispatcher for DefaultDaemonConnection: socket connection from /127.0.0.1:57423 to /127.0.0.1:57424"        [_thread_blocked, id=23196, stack(0x00000081a3900000,0x00000081a3a00000) (1024K)]
  0x000002721d3a8e60 JavaThread "Stdin handler"                     [_thread_blocked, id=19908, stack(0x00000081a3a00000,0x00000081a3b00000) (1024K)]
  0x000002721d3a94f0 JavaThread "Daemon client event forwarder"        [_thread_blocked, id=17312, stack(0x00000081a3b00000,0x00000081a3c00000) (1024K)]
  0x000002721d3a6070 JavaThread "Cache worker for journal cache (C:\Users\Akira\.gradle\caches\journal-1)"        [_thread_blocked, id=11012, stack(0x00000081a3c00000,0x00000081a3d00000) (1024K)]
  0x000002721d3a7ab0 JavaThread "File lock request listener"        [_thread_in_native, id=23588, stack(0x00000081a3d00000,0x00000081a3e00000) (1024K)]
  0x000002721d3a6700 JavaThread "Cache worker for file hash cache (C:\Users\Akira\.gradle\caches\8.9\fileHashes)"        [_thread_blocked, id=2692, stack(0x00000081a3e00000,0x00000081a3f00000) (1024K)]
  0x000002721d3a7420 JavaThread "Cache worker for file hash cache (C:\Users\Akira\AndroidStudioProjects\HappyBirthday\.gradle\8.9\fileHashes)"        [_thread_blocked, id=14496, stack(0x00000081a3f00000,0x00000081a4000000) (1024K)]
  0x000002721d3a8140 JavaThread "Cache worker for Build Output Cleanup Cache (C:\Users\Akira\AndroidStudioProjects\HappyBirthday\.gradle\buildOutputCleanup)"        [_thread_blocked, id=21348, stack(0x00000081a4000000,0x00000081a4100000) (1024K)]
  0x000002722106bc00 JavaThread "File watcher server"        daemon [_thread_in_native, id=4676, stack(0x00000081a4100000,0x00000081a4200000) (1024K)]
  0x000002722106b570 JavaThread "File watcher consumer"      daemon [_thread_blocked, id=7996, stack(0x00000081a4200000,0x00000081a4300000) (1024K)]
  0x000002722106a850 JavaThread "jar transforms"                    [_thread_blocked, id=7696, stack(0x00000081a4300000,0x00000081a4400000) (1024K)]
  0x000002722106c290 JavaThread "jar transforms Thread 2"           [_thread_blocked, id=23980, stack(0x00000081a4400000,0x00000081a4500000) (1024K)]
  0x000002722106e9f0 JavaThread "jar transforms Thread 3"           [_thread_blocked, id=880, stack(0x00000081a4500000,0x00000081a4600000) (1024K)]
  0x000002722106dcd0 JavaThread "jar transforms Thread 4"           [_thread_blocked, id=22176, stack(0x00000081a4600000,0x00000081a4700000) (1024K)]
  0x000002722106f710 JavaThread "Cache worker for checksums cache (C:\Users\Akira\AndroidStudioProjects\HappyBirthday\.gradle\8.9\checksums)"        [_thread_blocked, id=20500, stack(0x00000081a4700000,0x00000081a4800000) (1024K)]
  0x0000027221070430 JavaThread "Cache worker for file content cache (C:\Users\Akira\.gradle\caches\8.9\fileContent)"        [_thread_blocked, id=2856, stack(0x00000081a4800000,0x00000081a4900000) (1024K)]
  0x0000027221070ac0 JavaThread "Cache worker for cache directory md-rule (C:\Users\Akira\.gradle\caches\8.9\md-rule)"        [_thread_blocked, id=15716, stack(0x00000081a4900000,0x00000081a4a00000) (1024K)]
  0x0000027221069b30 JavaThread "Cache worker for cache directory md-supplier (C:\Users\Akira\.gradle\caches\8.9\md-supplier)"        [_thread_blocked, id=24724, stack(0x00000081a4a00000,0x00000081a4b00000) (1024K)]
  0x000002722106c920 JavaThread "Unconstrained build operations"        [_thread_blocked, id=1980, stack(0x00000081a4b00000,0x00000081a4c00000) (1024K)]
  0x000002722106aee0 JavaThread "Unconstrained build operations Thread 2"        [_thread_blocked, id=21232, stack(0x00000081a4c00000,0x00000081a4d00000) (1024K)]
  0x000002722106cfb0 JavaThread "Unconstrained build operations Thread 3"        [_thread_blocked, id=4892, stack(0x00000081a4d00000,0x00000081a4e00000) (1024K)]
  0x000002722106d640 JavaThread "Unconstrained build operations Thread 4"        [_thread_blocked, id=2876, stack(0x00000081a4e00000,0x00000081a4f00000) (1024K)]
Total: 40

Other Threads:
=>0x0000027218e0fe40 VMThread "VM Thread"                           [id=17416, stack(0x00000081a2400000,0x00000081a2500000) (1024K)]
  0x0000027218da9da0 WatcherThread "VM Periodic Task Thread"        [id=6728, stack(0x00000081a2300000,0x00000081a2400000) (1024K)]
  0x000002720205f1a0 WorkerThread "GC Thread#0"                     [id=18548, stack(0x00000081a1e00000,0x00000081a1f00000) (1024K)]
  0x000002721d64f970 WorkerThread "GC Thread#1"                     [id=4004, stack(0x00000081a2f00000,0x00000081a3000000) (1024K)]
  0x000002721d65e9d0 WorkerThread "GC Thread#2"                     [id=16916, stack(0x00000081a3000000,0x00000081a3100000) (1024K)]
  0x000002721e0a0850 WorkerThread "GC Thread#3"                     [id=9512, stack(0x00000081a3100000,0x00000081a3200000) (1024K)]
  0x0000027202071190 ConcurrentGCThread "G1 Main Marker"            [id=19228, stack(0x00000081a1f00000,0x00000081a2000000) (1024K)]
  0x0000027202071f50 WorkerThread "G1 Conc#0"                       [id=19096, stack(0x00000081a2000000,0x00000081a2100000) (1024K)]
  0x000002720209ea40 ConcurrentGCThread "G1 Refine#0"               [id=15868, stack(0x00000081a2100000,0x00000081a2200000) (1024K)]
  0x0000027218c73180 ConcurrentGCThread "G1 Service"                [id=21984, stack(0x00000081a2200000,0x00000081a2300000) (1024K)]
Total: 10

Threads with active compile tasks:
Total: 0

VM state: at safepoint (normal execution)

VM Mutex/Monitor currently owned by a thread:  ([mutex/lock_event])
[0x00007fff8fd620c8] Threads_lock - owner thread: 0x0000027218e0fe40
[0x00007fff8fd621c8] Heap_lock - owner thread: 0x000002721d3ae040

Heap address: 0x0000000080000000, size: 2048 MB, Compressed Oops mode: 32-bit

CDS archive(s) not mapped
Compressed class space mapped at: 0x0000000100000000-0x0000000140000000, reserved size: 1073741824
Narrow klass base: 0x0000000000000000, Narrow klass shift: 3, Narrow klass range: 0x140000000

GC Precious Log:
 CardTable entry size: 512
 Card Set container configuration: InlinePtr #cards 5 size 8 Array Of Cards #cards 12 size 40 Howl #buckets 4 coarsen threshold 1843 Howl Bitmap #cards 512 size 80 coarsen threshold 460 Card regions per heap region 1 cards per card region 2048
 CPUs: 4 total, 4 available
 Memory: 3503M
 Large Page Support: Disabled
 NUMA Support: Disabled
 Compressed Oops: Enabled (32-bit)
 Heap Region Size: 1M
 Heap Min Capacity: 8M
 Heap Initial Capacity: 56M
 Heap Max Capacity: 2G
 Pre-touch: Disabled
 Parallel Workers: 4
 Concurrent Workers: 1
 Concurrent Refinement Workers: 4
 Periodic GC: Disabled

Heap:
 garbage-first heap   total 97280K, used 58244K [0x0000000080000000, 0x0000000100000000)
  region size 1024K, 3 young (3072K), 3 survivors (3072K)
 Metaspace       used 61658K, committed 63104K, reserved 1114112K
  class space    used 8502K, committed 9216K, reserved 1048576K

Heap Regions: E=young(eden), S=young(survivor), O=old, HS=humongous(starts), HC=humongous(continues), CS=collection set, F=free, TAMS=top-at-mark-start, PB=parsable bottom
|   0|0x0000000080000000, 0x0000000080100000, 0x0000000080100000|100%|HS|  |TAMS 0x0000000080100000| PB 0x0000000080000000| Complete 
|   1|0x0000000080100000, 0x0000000080200000, 0x0000000080200000|100%|HC|  |TAMS 0x0000000080200000| PB 0x0000000080100000| Complete 
|   2|0x0000000080200000, 0x0000000080300000, 0x0000000080300000|100%|HC|  |TAMS 0x0000000080300000| PB 0x0000000080200000| Complete 
|   3|0x0000000080300000, 0x0000000080400000, 0x0000000080400000|100%|HC|  |TAMS 0x0000000080400000| PB 0x0000000080300000| Complete 
|   4|0x0000000080400000, 0x0000000080500000, 0x0000000080500000|100%| O|  |TAMS 0x0000000080500000| PB 0x0000000080400000| Untracked 
|   5|0x0000000080500000, 0x0000000080600000, 0x0000000080600000|100%| O|  |TAMS 0x0000000080600000| PB 0x0000000080500000| Untracked 
|   6|0x0000000080600000, 0x0000000080700000, 0x0000000080700000|100%| O|  |TAMS 0x0000000080700000| PB 0x0000000080600000| Untracked 
|   7|0x0000000080700000, 0x0000000080800000, 0x0000000080800000|100%| O|  |TAMS 0x0000000080800000| PB 0x0000000080700000| Untracked 
|   8|0x0000000080800000, 0x0000000080900000, 0x0000000080900000|100%| O|  |TAMS 0x0000000080900000| PB 0x0000000080800000| Untracked 
|   9|0x0000000080900000, 0x0000000080a00000, 0x0000000080a00000|100%| O|  |TAMS 0x0000000080a00000| PB 0x0000000080900000| Untracked 
|  10|0x0000000080a00000, 0x0000000080b00000, 0x0000000080b00000|100%| O|  |TAMS 0x0000000080b00000| PB 0x0000000080a00000| Untracked 
|  11|0x0000000080b00000, 0x0000000080c00000, 0x0000000080c00000|100%| O|  |TAMS 0x0000000080c00000| PB 0x0000000080b00000| Untracked 
|  12|0x0000000080c00000, 0x0000000080d00000, 0x0000000080d00000|100%|HS|  |TAMS 0x0000000080d00000| PB 0x0000000080c00000| Complete 
|  13|0x0000000080d00000, 0x0000000080e00000, 0x0000000080e00000|100%| O|  |TAMS 0x0000000080e00000| PB 0x0000000080d00000| Untracked 
|  14|0x0000000080e00000, 0x0000000080f00000, 0x0000000080f00000|100%| O|  |TAMS 0x0000000080f00000| PB 0x0000000080e00000| Untracked 
|  15|0x0000000080f00000, 0x0000000081000000, 0x0000000081000000|100%| O|  |TAMS 0x0000000081000000| PB 0x0000000080f00000| Untracked 
|  16|0x0000000081000000, 0x0000000081100000, 0x0000000081100000|100%| O|  |TAMS 0x0000000081100000| PB 0x0000000081000000| Untracked 
|  17|0x0000000081100000, 0x0000000081200000, 0x0000000081200000|100%| O|  |TAMS 0x0000000081200000| PB 0x0000000081100000| Untracked 
|  18|0x0000000081200000, 0x0000000081300000, 0x0000000081300000|100%| O|  |TAMS 0x0000000081300000| PB 0x0000000081200000| Untracked 
|  19|0x0000000081300000, 0x0000000081400000, 0x0000000081400000|100%| O|  |TAMS 0x0000000081400000| PB 0x0000000081300000| Untracked 
|  20|0x0000000081400000, 0x0000000081500000, 0x0000000081500000|100%| O|  |TAMS 0x0000000081500000| PB 0x0000000081400000| Untracked 
|  21|0x0000000081500000, 0x0000000081600000, 0x0000000081600000|100%| O|  |TAMS 0x0000000081600000| PB 0x0000000081500000| Untracked 
|  22|0x0000000081600000, 0x0000000081700000, 0x0000000081700000|100%| O|  |TAMS 0x0000000081700000| PB 0x0000000081600000| Untracked 
|  23|0x0000000081700000, 0x0000000081800000, 0x0000000081800000|100%| O|  |TAMS 0x0000000081800000| PB 0x0000000081700000| Untracked 
|  24|0x0000000081800000, 0x0000000081900000, 0x0000000081900000|100%|HS|  |TAMS 0x0000000081900000| PB 0x0000000081800000| Complete 
|  25|0x0000000081900000, 0x0000000081a00000, 0x0000000081a00000|100%|HC|  |TAMS 0x0000000081a00000| PB 0x0000000081900000| Complete 
|  26|0x0000000081a00000, 0x0000000081b00000, 0x0000000081b00000|100%|HC|  |TAMS 0x0000000081b00000| PB 0x0000000081a00000| Complete 
|  27|0x0000000081b00000, 0x0000000081c00000, 0x0000000081c00000|100%|HC|  |TAMS 0x0000000081c00000| PB 0x0000000081b00000| Complete 
|  28|0x0000000081c00000, 0x0000000081d00000, 0x0000000081d00000|100%|HC|  |TAMS 0x0000000081d00000| PB 0x0000000081c00000| Complete 
|  29|0x0000000081d00000, 0x0000000081e00000, 0x0000000081e00000|100%|HC|  |TAMS 0x0000000081e00000| PB 0x0000000081d00000| Complete 
|  30|0x0000000081e00000, 0x0000000081f00000, 0x0000000081f00000|100%| O|  |TAMS 0x0000000081f00000| PB 0x0000000081e00000| Untracked 
|  31|0x0000000081f00000, 0x0000000082000000, 0x0000000082000000|100%| O|  |TAMS 0x0000000082000000| PB 0x0000000081f00000| Untracked 
|  32|0x0000000082000000, 0x0000000082100000, 0x0000000082100000|100%|HS|  |TAMS 0x0000000082100000| PB 0x0000000082000000| Complete 
|  33|0x0000000082100000, 0x0000000082200000, 0x0000000082200000|100%|HC|  |TAMS 0x0000000082200000| PB 0x0000000082100000| Complete 
|  34|0x0000000082200000, 0x0000000082300000, 0x0000000082300000|100%|HC|  |TAMS 0x0000000082300000| PB 0x0000000082200000| Complete 
|  35|0x0000000082300000, 0x0000000082400000, 0x0000000082400000|100%|HS|  |TAMS 0x0000000082400000| PB 0x0000000082300000| Complete 
|  36|0x0000000082400000, 0x0000000082500000, 0x0000000082500000|100%|HC|  |TAMS 0x0000000082500000| PB 0x0000000082400000| Complete 
|  37|0x0000000082500000, 0x0000000082600000, 0x0000000082600000|100%|HS|  |TAMS 0x0000000082600000| PB 0x0000000082500000| Complete 
|  38|0x0000000082600000, 0x0000000082700000, 0x0000000082700000|100%| O|  |TAMS 0x0000000082700000| PB 0x0000000082600000| Untracked 
|  39|0x0000000082700000, 0x0000000082800000, 0x0000000082800000|100%| O|  |TAMS 0x0000000082800000| PB 0x0000000082700000| Untracked 
|  40|0x0000000082800000, 0x0000000082900000, 0x0000000082900000|100%| O|  |TAMS 0x0000000082900000| PB 0x0000000082800000| Untracked 
|  41|0x0000000082900000, 0x0000000082a00000, 0x0000000082a00000|100%| O|  |TAMS 0x0000000082a00000| PB 0x0000000082900000| Untracked 
|  42|0x0000000082a00000, 0x0000000082b00000, 0x0000000082b00000|100%| O|  |TAMS 0x0000000082b00000| PB 0x0000000082a00000| Untracked 
|  43|0x0000000082b00000, 0x0000000082c00000, 0x0000000082c00000|100%| O|  |TAMS 0x0000000082c00000| PB 0x0000000082b00000| Untracked 
|  44|0x0000000082c00000, 0x0000000082d00000, 0x0000000082d00000|100%| O|  |TAMS 0x0000000082d00000| PB 0x0000000082c00000| Untracked 
|  45|0x0000000082d00000, 0x0000000082e00000, 0x0000000082e00000|100%| O|  |TAMS 0x0000000082e00000| PB 0x0000000082d00000| Untracked 
|  46|0x0000000082e00000, 0x0000000082f00000, 0x0000000082f00000|100%| O|  |TAMS 0x0000000082e00000| PB 0x0000000082e00000| Untracked 
|  47|0x0000000082f00000, 0x0000000083000000, 0x0000000083000000|100%| O|  |TAMS 0x0000000083000000| PB 0x0000000082f00000| Untracked 
|  48|0x0000000083000000, 0x0000000083100000, 0x0000000083100000|100%| O|  |TAMS 0x0000000083100000| PB 0x0000000083000000| Untracked 
|  49|0x0000000083100000, 0x0000000083200000, 0x0000000083200000|100%| O|  |TAMS 0x0000000083200000| PB 0x0000000083100000| Untracked 
|  50|0x0000000083200000, 0x0000000083300000, 0x0000000083300000|100%| O|  |TAMS 0x0000000083300000| PB 0x0000000083200000| Untracked 
|  51|0x0000000083300000, 0x0000000083400000, 0x0000000083400000|100%| O|  |TAMS 0x0000000083327b28| PB 0x0000000083300000| Untracked 
|  52|0x0000000083400000, 0x0000000083500000, 0x0000000083500000|100%| O|  |TAMS 0x0000000083500000| PB 0x0000000083400000| Untracked 
|  53|0x0000000083500000, 0x0000000083600000, 0x0000000083600000|100%| O|  |TAMS 0x0000000083600000| PB 0x0000000083500000| Untracked 
|  54|0x0000000083600000, 0x000000008361e7e0, 0x0000000083700000| 11%| O|  |TAMS 0x0000000083600000| PB 0x0000000083600000| Untracked 
|  55|0x0000000083700000, 0x0000000083700000, 0x0000000083800000|  0%| F|  |TAMS 0x0000000083700000| PB 0x0000000083700000| Untracked 
|  56|0x0000000083800000, 0x0000000083800000, 0x0000000083900000|  0%| F|  |TAMS 0x0000000083800000| PB 0x0000000083800000| Untracked 
|  57|0x0000000083900000, 0x0000000083900000, 0x0000000083a00000|  0%| F|  |TAMS 0x0000000083900000| PB 0x0000000083900000| Untracked 
|  58|0x0000000083a00000, 0x0000000083a00000, 0x0000000083b00000|  0%| F|  |TAMS 0x0000000083a00000| PB 0x0000000083a00000| Untracked 
|  59|0x0000000083b00000, 0x0000000083b00000, 0x0000000083c00000|  0%| F|  |TAMS 0x0000000083b00000| PB 0x0000000083b00000| Untracked 
|  60|0x0000000083c00000, 0x0000000083c00000, 0x0000000083d00000|  0%| F|  |TAMS 0x0000000083c00000| PB 0x0000000083c00000| Untracked 
|  61|0x0000000083d00000, 0x0000000083d00000, 0x0000000083e00000|  0%| F|  |TAMS 0x0000000083d00000| PB 0x0000000083d00000| Untracked 
|  62|0x0000000083e00000, 0x0000000083e00000, 0x0000000083f00000|  0%| F|  |TAMS 0x0000000083e00000| PB 0x0000000083e00000| Untracked 
|  63|0x0000000083f00000, 0x0000000083f00000, 0x0000000084000000|  0%| F|  |TAMS 0x0000000083f00000| PB 0x0000000083f00000| Untracked 
|  64|0x0000000084000000, 0x0000000084000000, 0x0000000084100000|  0%| F|  |TAMS 0x0000000084000000| PB 0x0000000084000000| Untracked 
|  65|0x0000000084100000, 0x0000000084100000, 0x0000000084200000|  0%| F|  |TAMS 0x0000000084100000| PB 0x0000000084100000| Untracked 
|  66|0x0000000084200000, 0x0000000084200000, 0x0000000084300000|  0%| F|  |TAMS 0x0000000084200000| PB 0x0000000084200000| Untracked 
|  67|0x0000000084300000, 0x0000000084300000, 0x0000000084400000|  0%| F|  |TAMS 0x0000000084300000| PB 0x0000000084300000| Untracked 
|  68|0x0000000084400000, 0x0000000084400000, 0x0000000084500000|  0%| F|  |TAMS 0x0000000084400000| PB 0x0000000084400000| Untracked 
|  69|0x0000000084500000, 0x0000000084500000, 0x0000000084600000|  0%| F|  |TAMS 0x0000000084500000| PB 0x0000000084500000| Untracked 
|  70|0x0000000084600000, 0x0000000084600000, 0x0000000084700000|  0%| F|  |TAMS 0x0000000084600000| PB 0x0000000084600000| Untracked 
|  71|0x0000000084700000, 0x0000000084700000, 0x0000000084800000|  0%| F|  |TAMS 0x0000000084700000| PB 0x0000000084700000| Untracked 
|  72|0x0000000084800000, 0x0000000084800000, 0x0000000084900000|  0%| F|  |TAMS 0x0000000084800000| PB 0x0000000084800000| Untracked 
|  73|0x0000000084900000, 0x0000000084900000, 0x0000000084a00000|  0%| F|  |TAMS 0x0000000084900000| PB 0x0000000084900000| Untracked 
|  74|0x0000000084a00000, 0x0000000084a00000, 0x0000000084b00000|  0%| F|  |TAMS 0x0000000084a00000| PB 0x0000000084a00000| Untracked 
|  75|0x0000000084b00000, 0x0000000084b00000, 0x0000000084c00000|  0%| F|  |TAMS 0x0000000084b00000| PB 0x0000000084b00000| Untracked 
|  76|0x0000000084c00000, 0x0000000084c00000, 0x0000000084d00000|  0%| F|  |TAMS 0x0000000084c00000| PB 0x0000000084c00000| Untracked 
|  77|0x0000000084d00000, 0x0000000084d00000, 0x0000000084e00000|  0%| F|  |TAMS 0x0000000084d00000| PB 0x0000000084d00000| Untracked 
|  78|0x0000000084e00000, 0x0000000084e00000, 0x0000000084f00000|  0%| F|  |TAMS 0x0000000084e00000| PB 0x0000000084e00000| Untracked 
|  79|0x0000000084f00000, 0x0000000084f00000, 0x0000000085000000|  0%| F|  |TAMS 0x0000000084f00000| PB 0x0000000084f00000| Untracked 
|  80|0x0000000085000000, 0x0000000085000000, 0x0000000085100000|  0%| F|  |TAMS 0x0000000085000000| PB 0x0000000085000000| Untracked 
|  81|0x0000000085100000, 0x0000000085100000, 0x0000000085200000|  0%| F|  |TAMS 0x0000000085100000| PB 0x0000000085100000| Untracked 
|  82|0x0000000085200000, 0x0000000085200000, 0x0000000085300000|  0%| F|  |TAMS 0x0000000085200000| PB 0x0000000085200000| Untracked 
|  83|0x0000000085300000, 0x0000000085300000, 0x0000000085400000|  0%| F|  |TAMS 0x0000000085300000| PB 0x0000000085300000| Untracked 
|  84|0x0000000085400000, 0x0000000085400000, 0x0000000085500000|  0%| F|  |TAMS 0x0000000085400000| PB 0x0000000085400000| Untracked 
|  85|0x0000000085500000, 0x0000000085500000, 0x0000000085600000|  0%| F|  |TAMS 0x0000000085500000| PB 0x0000000085500000| Untracked 
|  86|0x0000000085600000, 0x0000000085600000, 0x0000000085700000|  0%| F|  |TAMS 0x0000000085600000| PB 0x0000000085600000| Untracked 
|  87|0x0000000085700000, 0x0000000085700000, 0x0000000085800000|  0%| F|  |TAMS 0x0000000085700000| PB 0x0000000085700000| Untracked 
|  88|0x0000000085800000, 0x00000000858c2b28, 0x0000000085900000| 76%| S|CS|TAMS 0x0000000085800000| PB 0x0000000085800000| Complete 
|  89|0x0000000085900000, 0x0000000085a00000, 0x0000000085a00000|100%| S|CS|TAMS 0x0000000085900000| PB 0x0000000085900000| Complete 
|  90|0x0000000085a00000, 0x0000000085b00000, 0x0000000085b00000|100%| S|CS|TAMS 0x0000000085a00000| PB 0x0000000085a00000| Complete 
|  91|0x0000000085b00000, 0x0000000085b00000, 0x0000000085c00000|  0%| F|  |TAMS 0x0000000085b00000| PB 0x0000000085b00000| Untracked 
|  92|0x0000000085c00000, 0x0000000085c00000, 0x0000000085d00000|  0%| F|  |TAMS 0x0000000085c00000| PB 0x0000000085c00000| Untracked 
|  93|0x0000000085d00000, 0x0000000085d00000, 0x0000000085e00000|  0%| F|  |TAMS 0x0000000085d00000| PB 0x0000000085d00000| Untracked 
|  94|0x0000000085e00000, 0x0000000085e00000, 0x0000000085f00000|  0%| F|  |TAMS 0x0000000085e00000| PB 0x0000000085e00000| Untracked 

Card table byte_map: [0x0000027214520000,0x0000027214920000] _byte_map_base: 0x0000027214120000

Marking Bits: (CMBitMap*) 0x00000272020608b0
 Bits: [0x0000027214920000, 0x0000027216920000)

Polling page: 0x00000272017a0000

Metaspace:

Usage:
  Non-class:     51.91 MB used.
      Class:      8.30 MB used.
       Both:     60.21 MB used.

Virtual space:
  Non-class space:       64.00 MB reserved,      52.62 MB ( 82%) committed,  1 nodes.
      Class space:        1.00 GB reserved,       9.00 MB ( <1%) committed,  1 nodes.
             Both:        1.06 GB reserved,      61.62 MB (  6%) committed. 

Chunk freelists:
   Non-Class:  10.56 MB
       Class:  6.95 MB
        Both:  17.51 MB

MaxMetaspaceSize: unlimited
CompressedClassSpaceSize: 1.00 GB
Initial GC threshold: 21.00 MB
Current GC threshold: 91.88 MB
CDS: off
 - commit_granule_bytes: 65536.
 - commit_granule_words: 8192.
 - virtual_space_node_default_size: 8388608.
 - enlarge_chunks_in_place: 1.
 - use_allocation_guard: 0.


Internal statistics:

num_allocs_failed_limit: 3.
num_arena_births: 2668.
num_arena_deaths: 0.
num_vsnodes_births: 2.
num_vsnodes_deaths: 0.
num_space_committed: 986.
num_space_uncommitted: 0.
num_chunks_returned_to_freelist: 3.
num_chunks_taken_from_freelist: 5066.
num_chunk_merges: 3.
num_chunk_splits: 3268.
num_chunks_enlarged: 2081.
num_inconsistent_stats: 0.

CodeHeap 'non-profiled nmethods': size=120000Kb used=2594Kb max_used=2594Kb free=117406Kb
 bounds [0x000002720cbf0000, 0x000002720ce80000, 0x0000027214120000]
CodeHeap 'profiled nmethods': size=120000Kb used=9986Kb max_used=9986Kb free=110013Kb
 bounds [0x0000027205120000, 0x0000027205af0000, 0x000002720c650000]
CodeHeap 'non-nmethods': size=5760Kb used=2716Kb max_used=2736Kb free=3043Kb
 bounds [0x000002720c650000, 0x000002720c910000, 0x000002720cbf0000]
 total_blobs=6135 nmethods=5270 adapters=768
 compilation: enabled
              stopped_count=0, restarted_count=0
 full_count=0

Compilation events (20 events):
Event: 17.872 Thread 0x000002721d078140 6019       3       org.gradle.internal.file.RandomAccessFileInputStream::read (11 bytes)
Event: 17.872 Thread 0x000002721d078140 nmethod 6019 0x0000027205adc410 code [0x0000027205adc5c0, 0x0000027205adc770]
Event: 17.872 Thread 0x000002721d078140 6020       3       org.gradle.cache.internal.btree.FreeListBlockStore::read (12 bytes)
Event: 17.873 Thread 0x000002721d078140 nmethod 6020 0x0000027205adc890 code [0x0000027205adca40, 0x0000027205adcc10]
Event: 17.873 Thread 0x000002721d078140 6021       3       com.google.common.cache.LongAdder::add (108 bytes)
Event: 17.873 Thread 0x000002721d078140 nmethod 6021 0x0000027205adcd10 code [0x0000027205adcf20, 0x0000027205add5d0]
Event: 17.873 Thread 0x000002721d078140 6022       3       com.google.common.cache.Striped64::casBase (13 bytes)
Event: 17.874 Thread 0x000002721d078140 nmethod 6022 0x0000027205add810 code [0x0000027205add9c0, 0x0000027205addb58]
Event: 17.874 Thread 0x000002721d078140 6023       3       org.gradle.internal.hash.Hashing$MessageDigestHasher::putHash (6 bytes)
Event: 17.874 Thread 0x000002721d078140 nmethod 6023 0x0000027205addc10 code [0x0000027205adddc0, 0x0000027205addf98]
Event: 17.874 Thread 0x000002721d078140 6024       3       org.gradle.internal.hash.HashCode$HashCode128::appendToHasher (21 bytes)
Event: 17.875 Thread 0x000002721d078140 nmethod 6024 0x0000027205ade090 code [0x0000027205ade340, 0x0000027205adef68]
Event: 17.875 Thread 0x000002721d078140 6025       1       org.gradle.cache.internal.btree.BTreePersistentIndexedCache::access$400 (5 bytes)
Event: 17.875 Thread 0x000002721d078140 nmethod 6025 0x000002720ce78210 code [0x000002720ce783a0, 0x000002720ce78450]
Event: 17.875 Thread 0x000002721d078140 6026       1       org.gradle.cache.internal.btree.BTreePersistentIndexedCache::access$2100 (5 bytes)
Event: 17.875 Thread 0x000002721d078140 nmethod 6026 0x000002720ce78510 code [0x000002720ce786a0, 0x000002720ce78750]
Event: 17.878 Thread 0x000002721d078140 6027       3       java.security.AccessControlContext::combine (205 bytes)
Event: 17.878 Thread 0x000002721d078140 nmethod 6027 0x0000027205adf410 code [0x0000027205adf660, 0x0000027205ae0180]
Event: 17.881 Thread 0x000002721d078140 6028       3       org.gradle.internal.logging.events.OutputEvent::<init> (5 bytes)
Event: 17.881 Thread 0x000002721d078140 nmethod 6028 0x0000027205ae0490 code [0x0000027205ae0640, 0x0000027205ae07a8]

GC Heap History (20 events):
Event: 11.066 GC heap after
{Heap after GC invocations=15 (full 0):
 garbage-first heap   total 70656K, used 43320K [0x0000000080000000, 0x0000000100000000)
  region size 1024K, 1 young (1024K), 1 survivors (1024K)
 Metaspace       used 37057K, committed 37952K, reserved 1114112K
  class space    used 5075K, committed 5504K, reserved 1048576K
}
Event: 11.699 GC heap before
{Heap before GC invocations=15 (full 0):
 garbage-first heap   total 70656K, used 57656K [0x0000000080000000, 0x0000000100000000)
  region size 1024K, 15 young (15360K), 1 survivors (1024K)
 Metaspace       used 38828K, committed 39808K, reserved 1114112K
  class space    used 5382K, committed 5888K, reserved 1048576K
}
Event: 11.704 GC heap after
{Heap after GC invocations=16 (full 0):
 garbage-first heap   total 84992K, used 44233K [0x0000000080000000, 0x0000000100000000)
  region size 1024K, 2 young (2048K), 2 survivors (2048K)
 Metaspace       used 38828K, committed 39808K, reserved 1114112K
  class space    used 5382K, committed 5888K, reserved 1048576K
}
Event: 12.437 GC heap before
{Heap before GC invocations=17 (full 0):
 garbage-first heap   total 84992K, used 64713K [0x0000000080000000, 0x0000000100000000)
  region size 1024K, 23 young (23552K), 2 survivors (2048K)
 Metaspace       used 41745K, committed 43008K, reserved 1114112K
  class space    used 5857K, committed 6464K, reserved 1048576K
}
Event: 12.442 GC heap after
{Heap after GC invocations=18 (full 0):
 garbage-first heap   total 84992K, used 45188K [0x0000000080000000, 0x0000000100000000)
  region size 1024K, 3 young (3072K), 3 survivors (3072K)
 Metaspace       used 41745K, committed 43008K, reserved 1114112K
  class space    used 5857K, committed 6464K, reserved 1048576K
}
Event: 13.289 GC heap before
{Heap before GC invocations=18 (full 0):
 garbage-first heap   total 84992K, used 68740K [0x0000000080000000, 0x0000000100000000)
  region size 1024K, 26 young (26624K), 3 survivors (3072K)
 Metaspace       used 47102K, committed 48320K, reserved 1114112K
  class space    used 6474K, committed 7040K, reserved 1048576K
}
Event: 13.298 GC heap after
{Heap after GC invocations=19 (full 0):
 garbage-first heap   total 84992K, used 47562K [0x0000000080000000, 0x0000000100000000)
  region size 1024K, 4 young (4096K), 4 survivors (4096K)
 Metaspace       used 47102K, committed 48320K, reserved 1114112K
  class space    used 6474K, committed 7040K, reserved 1048576K
}
Event: 13.865 GC heap before
{Heap before GC invocations=19 (full 0):
 garbage-first heap   total 84992K, used 69066K [0x0000000080000000, 0x0000000100000000)
  region size 1024K, 26 young (26624K), 4 survivors (4096K)
 Metaspace       used 48818K, committed 50112K, reserved 1114112K
  class space    used 6651K, committed 7296K, reserved 1048576K
}
Event: 13.879 GC heap after
{Heap after GC invocations=20 (full 0):
 garbage-first heap   total 84992K, used 50738K [0x0000000080000000, 0x0000000100000000)
  region size 1024K, 3 young (3072K), 3 survivors (3072K)
 Metaspace       used 48818K, committed 50112K, reserved 1114112K
  class space    used 6651K, committed 7296K, reserved 1048576K
}
Event: 14.814 GC heap before
{Heap before GC invocations=21 (full 0):
 garbage-first heap   total 87040K, used 76338K [0x0000000080000000, 0x0000000100000000)
  region size 1024K, 24 young (24576K), 3 survivors (3072K)
 Metaspace       used 51391K, committed 52672K, reserved 1114112K
  class space    used 6913K, committed 7552K, reserved 1048576K
}
Event: 14.822 GC heap after
{Heap after GC invocations=22 (full 0):
 garbage-first heap   total 87040K, used 52160K [0x0000000080000000, 0x0000000100000000)
  region size 1024K, 3 young (3072K), 3 survivors (3072K)
 Metaspace       used 51391K, committed 52672K, reserved 1114112K
  class space    used 6913K, committed 7552K, reserved 1048576K
}
Event: 15.475 GC heap before
{Heap before GC invocations=22 (full 0):
 garbage-first heap   total 87040K, used 73664K [0x0000000080000000, 0x0000000100000000)
  region size 1024K, 25 young (25600K), 3 survivors (3072K)
 Metaspace       used 53767K, committed 54976K, reserved 1114112K
  class space    used 7335K, committed 7936K, reserved 1048576K
}
Event: 15.482 GC heap after
{Heap after GC invocations=23 (full 0):
 garbage-first heap   total 87040K, used 53312K [0x0000000080000000, 0x0000000100000000)
  region size 1024K, 2 young (2048K), 2 survivors (2048K)
 Metaspace       used 53767K, committed 54976K, reserved 1114112K
  class space    used 7335K, committed 7936K, reserved 1048576K
}
Event: 15.864 GC heap before
{Heap before GC invocations=23 (full 0):
 garbage-first heap   total 87040K, used 75840K [0x0000000080000000, 0x0000000100000000)
  region size 1024K, 24 young (24576K), 2 survivors (2048K)
 Metaspace       used 54778K, committed 56000K, reserved 1114112K
  class space    used 7451K, committed 8064K, reserved 1048576K
}
Event: 15.869 GC heap after
{Heap after GC invocations=24 (full 0):
 garbage-first heap   total 87040K, used 53996K [0x0000000080000000, 0x0000000100000000)
  region size 1024K, 3 young (3072K), 3 survivors (3072K)
 Metaspace       used 54778K, committed 56000K, reserved 1114112K
  class space    used 7451K, committed 8064K, reserved 1048576K
}
Event: 16.903 GC heap before
{Heap before GC invocations=25 (full 0):
 garbage-first heap   total 97280K, used 76524K [0x0000000080000000, 0x0000000100000000)
  region size 1024K, 25 young (25600K), 3 survivors (3072K)
 Metaspace       used 58109K, committed 59520K, reserved 1114112K
  class space    used 7897K, committed 8640K, reserved 1048576K
}
Event: 16.910 GC heap after
{Heap after GC invocations=26 (full 0):
 garbage-first heap   total 97280K, used 56046K [0x0000000080000000, 0x0000000100000000)
  region size 1024K, 3 young (3072K), 3 survivors (3072K)
 Metaspace       used 58109K, committed 59520K, reserved 1114112K
  class space    used 7897K, committed 8640K, reserved 1048576K
}
Event: 17.725 GC heap before
{Heap before GC invocations=26 (full 0):
 garbage-first heap   total 97280K, used 85742K [0x0000000080000000, 0x0000000100000000)
  region size 1024K, 32 young (32768K), 3 survivors (3072K)
 Metaspace       used 61514K, committed 62976K, reserved 1114112K
  class space    used 8486K, committed 9216K, reserved 1048576K
}
Event: 17.734 GC heap after
{Heap after GC invocations=27 (full 0):
 garbage-first heap   total 97280K, used 57090K [0x0000000080000000, 0x0000000100000000)
  region size 1024K, 4 young (4096K), 4 survivors (4096K)
 Metaspace       used 61514K, committed 62976K, reserved 1114112K
  class space    used 8486K, committed 9216K, reserved 1048576K
}
Event: 17.892 GC heap before
{Heap before GC invocations=27 (full 0):
 garbage-first heap   total 97280K, used 59138K [0x0000000080000000, 0x0000000100000000)
  region size 1024K, 8 young (8192K), 4 survivors (4096K)
 Metaspace       used 61658K, committed 63104K, reserved 1114112K
  class space    used 8502K, committed 9216K, reserved 1048576K
}

Dll operation events (3 events):
Event: 0.026 Loaded shared library C:\Program Files\Android\Android Studio2\jbr\bin\java.dll
Event: 0.037 Loaded shared library C:\Program Files\Android\Android Studio2\jbr\bin\zip.dll
Event: 2.886 Loaded shared library C:\Program Files\Android\Android Studio2\jbr\bin\verify.dll

Deoptimization events (20 events):
Event: 17.740 Thread 0x000002722106cfb0 Uncommon trap: trap_request=0xffffff45 fr.pc=0x000002720cd2dfb8 relative=0x0000000000000278
Event: 17.740 Thread 0x000002722106cfb0 Uncommon trap: reason=unstable_if action=reinterpret pc=0x000002720cd2dfb8 method=java.util.concurrent.ConcurrentHashMap.get(Ljava/lang/Object;)Ljava/lang/Object; @ 86 c2
Event: 17.740 Thread 0x000002722106cfb0 DEOPT PACKING pc=0x000002720cd2dfb8 sp=0x00000081a4dfdca0
Event: 17.740 Thread 0x000002722106cfb0 DEOPT UNPACKING pc=0x000002720c6a46a2 sp=0x00000081a4dfdc18 mode 2
Event: 17.767 Thread 0x000002722106cfb0 Uncommon trap: trap_request=0xffffff45 fr.pc=0x000002720cd6af6c relative=0x000000000000112c
Event: 17.767 Thread 0x000002722106cfb0 Uncommon trap: reason=unstable_if action=reinterpret pc=0x000002720cd6af6c method=java.util.concurrent.ConcurrentHashMap.computeIfAbsent(Ljava/lang/Object;Ljava/util/function/Function;)Ljava/lang/Object; @ 279 c2
Event: 17.767 Thread 0x000002722106cfb0 DEOPT PACKING pc=0x000002720cd6af6c sp=0x00000081a4dfdce0
Event: 17.767 Thread 0x000002722106cfb0 DEOPT UNPACKING pc=0x000002720c6a46a2 sp=0x00000081a4dfdc68 mode 2
Event: 17.767 Thread 0x000002722106cfb0 Uncommon trap: trap_request=0xffffff45 fr.pc=0x000002720cd294b4 relative=0x0000000000000bb4
Event: 17.767 Thread 0x000002722106cfb0 Uncommon trap: reason=unstable_if action=reinterpret pc=0x000002720cd294b4 method=java.util.concurrent.ConcurrentHashMap.addCount(JI)V @ 34 c2
Event: 17.767 Thread 0x000002722106cfb0 DEOPT PACKING pc=0x000002720cd294b4 sp=0x00000081a4dfd820
Event: 17.767 Thread 0x000002722106cfb0 DEOPT UNPACKING pc=0x000002720c6a46a2 sp=0x00000081a4dfd6f0 mode 2
Event: 17.767 Thread 0x000002722106cfb0 Uncommon trap: trap_request=0xffffff45 fr.pc=0x000002720ccafa08 relative=0x0000000000000148
Event: 17.767 Thread 0x000002722106cfb0 Uncommon trap: reason=unstable_if action=reinterpret pc=0x000002720ccafa08 method=java.util.concurrent.ConcurrentHashMap.addCount(JI)V @ 7 c2
Event: 17.767 Thread 0x000002722106cfb0 DEOPT PACKING pc=0x000002720ccafa08 sp=0x00000081a4dfd7a0
Event: 17.767 Thread 0x000002722106cfb0 DEOPT UNPACKING pc=0x000002720c6a46a2 sp=0x00000081a4dfd6e0 mode 2
Event: 17.864 Thread 0x000002721d3ae040 Uncommon trap: trap_request=0xffffffde fr.pc=0x000002720cd38788 relative=0x00000000000002c8
Event: 17.864 Thread 0x000002721d3ae040 Uncommon trap: reason=class_check action=maybe_recompile pc=0x000002720cd38788 method=java.util.Collections$SetFromMap.remove(Ljava/lang/Object;)Z @ 5 c2
Event: 17.864 Thread 0x000002721d3ae040 DEOPT PACKING pc=0x000002720cd38788 sp=0x00000081a38f86b0
Event: 17.864 Thread 0x000002721d3ae040 DEOPT UNPACKING pc=0x000002720c6a46a2 sp=0x00000081a38f8698 mode 2

Classes loaded (20 events):
Event: 17.504 Loading class java/io/DeleteOnExitHook$1
Event: 17.504 Loading class java/io/DeleteOnExitHook$1 done
Event: 17.579 Loading class java/util/stream/DistinctOps
Event: 17.580 Loading class java/util/stream/DistinctOps done
Event: 17.580 Loading class java/util/stream/DistinctOps$1
Event: 17.580 Loading class java/util/stream/ReferencePipeline$StatefulOp
Event: 17.581 Loading class java/util/stream/ReferencePipeline$StatefulOp done
Event: 17.581 Loading class java/util/stream/DistinctOps$1 done
Event: 17.582 Loading class java/util/stream/DistinctOps$1$2
Event: 17.582 Loading class java/util/stream/DistinctOps$1$2 done
Event: 17.608 Loading class sun/reflect/ReflectionFactory
Event: 17.608 Loading class sun/reflect/ReflectionFactory done
Event: 17.608 Loading class sun/reflect/ReflectionFactory$1
Event: 17.608 Loading class sun/reflect/ReflectionFactory$1 done
Event: 17.867 Loading class java/util/stream/SortedOps$OfRef
Event: 17.867 Loading class java/util/stream/SortedOps$OfRef done
Event: 17.867 Loading class java/util/stream/SortedOps$SizedRefSortingSink
Event: 17.867 Loading class java/util/stream/SortedOps$AbstractRefSortingSink
Event: 17.868 Loading class java/util/stream/SortedOps$AbstractRefSortingSink done
Event: 17.868 Loading class java/util/stream/SortedOps$SizedRefSortingSink done

Classes unloaded (0 events):
No events

Classes redefined (0 events):
No events

Internal exceptions (20 events):
Event: 17.038 Thread 0x000002721d3ae040 Exception <a 'java/lang/NoSuchMethodError'{0x0000000085a73870}: 'java.lang.Object java.lang.invoke.DirectMethodHandle$Holder.invokeSpecial(java.lang.Object, java.lang.Object, java.lang.Object, java.lang.Object, java.lang.Object, java.lang.Object, long)'> (0x0000000085a73870) 
thrown [s\src\hotspot\share\interpreter\linkResolver.cpp, line 784]
Event: 17.038 Thread 0x000002721d3ae040 Exception <a 'java/lang/NoSuchMethodError'{0x0000000085a78410}: 'java.lang.Object java.lang.invoke.Invokers$Holder.linkToTargetMethod(java.lang.Object, java.lang.Object, java.lang.Object, java.lang.Object, long, java.lang.Object)'> (0x0000000085a78410) 
thrown [s\src\hotspot\share\interpreter\linkResolver.cpp, line 784]
Event: 17.046 Thread 0x000002721d3ae040 Exception <a 'java/lang/NoSuchMethodError'{0x0000000085ac0f70}: 'java.lang.Object java.lang.invoke.DirectMethodHandle$Holder.newInvokeSpecial(java.lang.Object, java.lang.Object, java.lang.Object, long)'> (0x0000000085ac0f70) 
thrown [s\src\hotspot\share\interpreter\linkResolver.cpp, line 784]
Event: 17.046 Thread 0x000002721d3ae040 Exception <a 'java/lang/NoSuchMethodError'{0x0000000085ac6000}: 'java.lang.Object java.lang.invoke.DirectMethodHandle$Holder.invokeSpecial(java.lang.Object, java.lang.Object, java.lang.Object, java.lang.Object, long)'> (0x0000000085ac6000) 
thrown [s\src\hotspot\share\interpreter\linkResolver.cpp, line 784]
Event: 17.047 Thread 0x000002721d3ae040 Exception <a 'java/lang/NoSuchMethodError'{0x0000000085aca780}: 'java.lang.Object java.lang.invoke.Invokers$Holder.linkToTargetMethod(java.lang.Object, java.lang.Object, long, java.lang.Object)'> (0x0000000085aca780) 
thrown [s\src\hotspot\share\interpreter\linkResolver.cpp, line 784]
Event: 17.108 Thread 0x000002721d3ae040 Exception <a 'java/lang/NoSuchMethodError'{0x00000000857019c0}: 'java.lang.Object java.lang.invoke.DirectMethodHandle$Holder.newInvokeSpecial(java.lang.Object, java.lang.Object, java.lang.Object, java.lang.Object, java.lang.Object, java.lang.Object, java.lang.Object, java.lang.Object, java.lang.Object, java.lang.Object, java.lang.Object, java.lang.Object, java.lang.Object, java.lang.Object, java.lang.Object, java.lang.Object, java.lang.Object, java.lang.Object, java.lang.Object, java.lang.Object, java.lang
Event: 17.109 Thread 0x000002721d3ae040 Exception <a 'java/lang/NoSuchMethodError'{0x0000000085709a90}: 'java.lang.Object java.lang.invoke.DirectMethodHandle$Holder.invokeSpecial(java.lang.Object, java.lang.Object, java.lang.Object, java.lang.Object, java.lang.Object, java.lang.Object, java.lang.Object, java.lang.Object, java.lang.Object, java.lang.Object, java.lang.Object, java.lang.Object, java.lang.Object, java.lang.Object, java.lang.Object, java.lang.Object, java.lang.Object, java.lang.Object, java.lang.Object, java.lang.Object, java.lang.Ob
Event: 17.109 Thread 0x000002721d3ae040 Exception <a 'java/lang/NoSuchMethodError'{0x00000000857102e0}: 'java.lang.Object java.lang.invoke.DelegatingMethodHandle$Holder.reinvoke_L(java.lang.Object, java.lang.Object, java.lang.Object, java.lang.Object, java.lang.Object, java.lang.Object, java.lang.Object, java.lang.Object, java.lang.Object, java.lang.Object, java.lang.Object, java.lang.Object, java.lang.Object, java.lang.Object, java.lang.Object, java.lang.Object, java.lang.Object, java.lang.Object, java.lang.Object, java.lang.Object, java.lang.O
Event: 17.172 Thread 0x000002721d3ae040 Implicit null exception at 0x000002720cd231fc to 0x000002720cd232ac
Event: 17.182 Thread 0x000002721d3ae040 Exception <a 'java/lang/ClassNotFoundException'{0x0000000085482480}: org/gradle/api/internal/artifacts/dsl/dependencies/DefaultDependencyHandler_DecoratedBeanInfo> (0x0000000085482480) 
thrown [s\src\hotspot\share\classfile\systemDictionary.cpp, line 312]
Event: 17.183 Thread 0x000002721d3ae040 Exception <a 'java/lang/ClassNotFoundException'{0x0000000085497f00}: org/gradle/api/internal/artifacts/dsl/dependencies/DefaultDependencyHandlerBeanInfo> (0x0000000085497f00) 
thrown [s\src\hotspot\share\classfile\systemDictionary.cpp, line 312]
Event: 17.184 Thread 0x000002721d3ae040 Exception <a 'java/lang/ClassNotFoundException'{0x00000000854ad3e0}: org/gradle/api/internal/artifacts/dsl/dependencies/DefaultDependencyHandlerCustomizer> (0x00000000854ad3e0) 
thrown [s\src\hotspot\share\classfile\systemDictionary.cpp, line 312]
Event: 17.189 Thread 0x000002721d3ae040 Exception <a 'java/lang/ClassNotFoundException'{0x00000000854f7190}: org/gradle/api/internal/artifacts/dsl/dependencies/DefaultDependencyHandler_DecoratedCustomizer> (0x00000000854f7190) 
thrown [s\src\hotspot\share\classfile\systemDictionary.cpp, line 312]
Event: 17.193 Thread 0x000002721d3ae040 Exception <a 'java/lang/ClassNotFoundException'{0x000000008533dd20}: sync_studio_tooling5_cmg6a88xkp786zotkvrwjn49w$_run_closure1BeanInfo> (0x000000008533dd20) 
thrown [s\src\hotspot\share\classfile\systemDictionary.cpp, line 312]
Event: 17.194 Thread 0x000002721d3ae040 Exception <a 'java/lang/ClassNotFoundException'{0x0000000085345288}: sync_studio_tooling5_cmg6a88xkp786zotkvrwjn49w$_run_closure1Customizer> (0x0000000085345288) 
thrown [s\src\hotspot\share\classfile\systemDictionary.cpp, line 312]
Event: 17.266 Thread 0x000002721d3ae040 Exception <a 'java/lang/NoSuchMethodError'{0x000000008500b7f0}: 'java.lang.Object java.lang.invoke.DirectMethodHandle$Holder.newInvokeSpecial(java.lang.Object, int, java.lang.Object)'> (0x000000008500b7f0) 
thrown [s\src\hotspot\share\interpreter\linkResolver.cpp, line 784]
Event: 17.465 Thread 0x000002721d3ae040 Exception <a 'java/lang/NoSuchMethodError'{0x0000000084ad1c28}: 'java.lang.Object java.lang.invoke.DirectMethodHandle$Holder.invokeSpecial(java.lang.Object, java.lang.Object, long, java.lang.Object, java.lang.Object)'> (0x0000000084ad1c28) 
thrown [s\src\hotspot\share\interpreter\linkResolver.cpp, line 784]
Event: 17.614 Thread 0x000002721d3ae040 Exception <a 'java/lang/NoSuchMethodError'{0x0000000084247d10}: 'java.lang.Object java.lang.invoke.DirectMethodHandle$Holder.newInvokeSpecial(java.lang.Object, java.lang.Object, java.lang.Object, java.lang.Object, int, java.lang.Object)'> (0x0000000084247d10) 
thrown [s\src\hotspot\share\interpreter\linkResolver.cpp, line 784]
Event: 17.615 Thread 0x000002721d3ae040 Exception <a 'java/lang/NoSuchMethodError'{0x00000000842506c0}: 'java.lang.Object java.lang.invoke.Invokers$Holder.linkToTargetMethod(java.lang.Object, java.lang.Object, java.lang.Object, int, java.lang.Object, java.lang.Object)'> (0x00000000842506c0) 
thrown [s\src\hotspot\share\interpreter\linkResolver.cpp, line 784]
Event: 17.721 Thread 0x000002721d3ae040 Exception <a 'java/lang/NoSuchMethodError'{0x0000000083fe6260}: 'java.lang.Object java.lang.invoke.DirectMethodHandle$Holder.invokeSpecialIFC(java.lang.Object, java.lang.Object, java.lang.Object)'> (0x0000000083fe6260) 
thrown [s\src\hotspot\share\interpreter\linkResolver.cpp, line 784]

ZGC Phase Switch (0 events):
No events

VM Operations (20 events):
Event: 15.992 Executing VM operation: G1PauseCleanup done
Event: 16.004 Executing VM operation: HandshakeAllThreads (Deoptimize)
Event: 16.004 Executing VM operation: HandshakeAllThreads (Deoptimize) done
Event: 16.097 Executing VM operation: HandshakeAllThreads (Deoptimize)
Event: 16.097 Executing VM operation: HandshakeAllThreads (Deoptimize) done
Event: 16.290 Executing VM operation: HandshakeAllThreads (Deoptimize)
Event: 16.290 Executing VM operation: HandshakeAllThreads (Deoptimize) done
Event: 16.857 Executing VM operation: HandshakeAllThreads (Deoptimize)
Event: 16.857 Executing VM operation: HandshakeAllThreads (Deoptimize) done
Event: 16.903 Executing VM operation: G1CollectForAllocation (G1 Evacuation Pause)
Event: 16.910 Executing VM operation: G1CollectForAllocation (G1 Evacuation Pause) done
Event: 16.960 Executing VM operation: HandshakeAllThreads (Deoptimize)
Event: 16.960 Executing VM operation: HandshakeAllThreads (Deoptimize) done
Event: 17.582 Executing VM operation: HandshakeAllThreads (Deoptimize)
Event: 17.582 Executing VM operation: HandshakeAllThreads (Deoptimize) done
Event: 17.673 Executing VM operation: ICBufferFull
Event: 17.674 Executing VM operation: ICBufferFull done
Event: 17.725 Executing VM operation: G1CollectForAllocation (G1 Evacuation Pause)
Event: 17.740 Executing VM operation: G1CollectForAllocation (G1 Evacuation Pause) done
Event: 17.892 Executing VM operation: G1TryInitiateConcMark (G1 Humongous Allocation)

Events (20 events):
Event: 15.961 Thread 0x0000027218e0fe40 flushing nmethod 0x0000027205189290
Event: 15.961 Thread 0x0000027218e0fe40 flushing nmethod 0x0000027205169e90
Event: 15.961 Thread 0x0000027218e0fe40 flushing nmethod 0x000002720cd95890
Event: 15.961 Thread 0x0000027218e0fe40 flushing nmethod 0x000002720cd84310
Event: 15.961 Thread 0x0000027218e0fe40 flushing nmethod 0x000002720cd7c190
Event: 15.961 Thread 0x0000027218e0fe40 flushing nmethod 0x000002720cd3e510
Event: 15.961 Thread 0x0000027218e0fe40 flushing nmethod 0x000002720cd75a10
Event: 15.961 Thread 0x0000027218e0fe40 flushing nmethod 0x000002720cd53e10
Event: 15.961 Thread 0x0000027218e0fe40 flushing nmethod 0x000002720ccf2b90
Event: 15.961 Thread 0x0000027218e0fe40 flushing nmethod 0x000002720cd01010
Event: 15.961 Thread 0x0000027218e0fe40 flushing nmethod 0x000002720cc4d590
Event: 15.961 Thread 0x0000027218e0fe40 flushing nmethod 0x000002720ccad790
Event: 15.961 Thread 0x0000027218e0fe40 flushing nmethod 0x000002720cc6e610
Event: 15.961 Thread 0x0000027218e0fe40 flushing nmethod 0x000002720cc77310
Event: 15.961 Thread 0x0000027218e0fe40 flushing nmethod 0x000002720cc1a110
Event: 15.961 Thread 0x0000027218e0fe40 flushing nmethod 0x000002720cbf0010
Event: 17.650 Thread 0x000002722106c920 Thread added: 0x000002722106c920
Event: 17.651 Thread 0x000002722106aee0 Thread added: 0x000002722106aee0
Event: 17.723 Thread 0x000002722106cfb0 Thread added: 0x000002722106cfb0
Event: 17.724 Thread 0x000002722106d640 Thread added: 0x000002722106d640


Dynamic libraries:
0x00007ff79faf0000 - 0x00007ff79fafa000 	C:\Program Files\Android\Android Studio2\jbr\bin\java.exe
0x00007ff81b170000 - 0x00007ff81b387000 	C:\WINDOWS\SYSTEM32\ntdll.dll
0x00007ff819b60000 - 0x00007ff819c24000 	C:\WINDOWS\System32\KERNEL32.DLL
0x00007ff818780000 - 0x00007ff818b2d000 	C:\WINDOWS\System32\KERNELBASE.dll
0x000000005fa50000 - 0x000000005fd7e000 	C:\Program Files\Norton Security\NortonData\22.23.6.5\Definitions\IPSDefs\20241011.001\IPSEng64.dll
0x00007ff81a940000 - 0x00007ff81a9f2000 	C:\WINDOWS\System32\ADVAPI32.dll
0x00007ff8197c0000 - 0x00007ff819867000 	C:\WINDOWS\System32\msvcrt.dll
0x00007ff81ae90000 - 0x00007ff81af39000 	C:\WINDOWS\System32\sechost.dll
0x00007ff818750000 - 0x00007ff818778000 	C:\WINDOWS\System32\bcrypt.dll
0x00007ff81a700000 - 0x00007ff81a814000 	C:\WINDOWS\System32\RPCRT4.dll
0x00007ff819ec0000 - 0x00007ff819ec8000 	C:\WINDOWS\System32\PSAPI.DLL
0x00007ff818c60000 - 0x00007ff818d71000 	C:\WINDOWS\System32\ucrtbase.dll
0x00007ffffe9d0000 - 0x00007ffffe9eb000 	C:\Program Files\Android\Android Studio2\jbr\bin\VCRUNTIME140.dll
0x00007ffffb720000 - 0x00007ffffb738000 	C:\Program Files\Android\Android Studio2\jbr\bin\jli.dll
0x00007ff819910000 - 0x00007ff819abe000 	C:\WINDOWS\System32\USER32.dll
0x00007ff8185b0000 - 0x00007ff8185d6000 	C:\WINDOWS\System32\win32u.dll
0x00007ff81af40000 - 0x00007ff81af69000 	C:\WINDOWS\System32\GDI32.dll
0x00007ffffbfd0000 - 0x00007ffffc263000 	C:\WINDOWS\WinSxS\amd64_microsoft.windows.common-controls_6595b64144ccf1df_6.0.22621.3672_none_2713b9d173822955\COMCTL32.dll
0x00007ff818d80000 - 0x00007ff818e99000 	C:\WINDOWS\System32\gdi32full.dll
0x00007ff818510000 - 0x00007ff8185aa000 	C:\WINDOWS\System32\msvcp_win.dll
0x00007ff819ac0000 - 0x00007ff819af1000 	C:\WINDOWS\System32\IMM32.DLL
0x00007ff812490000 - 0x00007ff81249c000 	C:\Program Files\Android\Android Studio2\jbr\bin\vcruntime140_1.dll
0x00007fffea850000 - 0x00007fffea8dd000 	C:\Program Files\Android\Android Studio2\jbr\bin\msvcp140.dll
0x00007fff8f1c0000 - 0x00007fff8fe3d000 	C:\Program Files\Android\Android Studio2\jbr\bin\server\jvm.dll
0x00007ff819e40000 - 0x00007ff819eb1000 	C:\WINDOWS\System32\WS2_32.dll
0x00007ff818360000 - 0x00007ff8183ad000 	C:\WINDOWS\SYSTEM32\POWRPROF.dll
0x00007ff811220000 - 0x00007ff811254000 	C:\WINDOWS\SYSTEM32\WINMM.dll
0x00007ff80f350000 - 0x00007ff80f35a000 	C:\WINDOWS\SYSTEM32\VERSION.dll
0x00007ff818340000 - 0x00007ff818353000 	C:\WINDOWS\SYSTEM32\UMPDC.dll
0x00007ff8174e0000 - 0x00007ff8174f8000 	C:\WINDOWS\SYSTEM32\kernel.appcore.dll
0x00007ff80a070000 - 0x00007ff80a07a000 	C:\Program Files\Android\Android Studio2\jbr\bin\jimage.dll
0x00007ff80fd20000 - 0x00007ff80ff52000 	C:\WINDOWS\SYSTEM32\DBGHELP.DLL
0x00007ff81ab00000 - 0x00007ff81ae8e000 	C:\WINDOWS\System32\combase.dll
0x00007ff81a590000 - 0x00007ff81a667000 	C:\WINDOWS\System32\OLEAUT32.dll
0x00007ff80f510000 - 0x00007ff80f542000 	C:\WINDOWS\SYSTEM32\dbgcore.DLL
0x00007ff818490000 - 0x00007ff81850b000 	C:\WINDOWS\System32\bcryptPrimitives.dll
0x00007ffffb710000 - 0x00007ffffb71e000 	C:\Program Files\Android\Android Studio2\jbr\bin\instrument.dll
0x00007ffffd8d0000 - 0x00007ffffd8ef000 	C:\Program Files\Android\Android Studio2\jbr\bin\java.dll
0x00007ffffd860000 - 0x00007ffffd878000 	C:\Program Files\Android\Android Studio2\jbr\bin\zip.dll
0x00007ff818ea0000 - 0x00007ff819707000 	C:\WINDOWS\System32\SHELL32.dll
0x00007ff816410000 - 0x00007ff816d0f000 	C:\WINDOWS\SYSTEM32\windows.storage.dll
0x00007ff8162d0000 - 0x00007ff81640f000 	C:\WINDOWS\SYSTEM32\wintypes.dll
0x00007ff81aa00000 - 0x00007ff81aaf9000 	C:\WINDOWS\System32\SHCORE.dll
0x00007ff819ed0000 - 0x00007ff819f2e000 	C:\WINDOWS\System32\shlwapi.dll
0x00007ff8183c0000 - 0x00007ff8183e7000 	C:\WINDOWS\SYSTEM32\profapi.dll
0x00007ffffe470000 - 0x00007ffffe480000 	C:\Program Files\Android\Android Studio2\jbr\bin\net.dll
0x00007ff812020000 - 0x00007ff812156000 	C:\WINDOWS\SYSTEM32\WINHTTP.dll
0x00007ff817950000 - 0x00007ff8179b9000 	C:\WINDOWS\system32\mswsock.dll
0x00007ffffd830000 - 0x00007ffffd846000 	C:\Program Files\Android\Android Studio2\jbr\bin\nio.dll
0x00007ffffc8e0000 - 0x00007ffffc8f0000 	C:\Program Files\Android\Android Studio2\jbr\bin\verify.dll
0x00007ffffd9b0000 - 0x00007ffffd9d7000 	C:\Users\Akira\.gradle\native\c067742578af261105cb4f569cf0c3c89f3d7b1fecec35dd04571415982c5e48\windows-amd64\native-platform.dll
0x00007fffe1a30000 - 0x00007fffe1b74000 	C:\Users\Akira\.gradle\native\100fb08df4bc3b14c8652ba06237920a3bd2aa13389f12d3474272988ae205f9\windows-amd64\native-platform-file-events.dll
0x00007ffffd9a0000 - 0x00007ffffd9a9000 	C:\Program Files\Android\Android Studio2\jbr\bin\management.dll
0x00007ffffd960000 - 0x00007ffffd96b000 	C:\Program Files\Android\Android Studio2\jbr\bin\management_ext.dll
0x00007ff817bb0000 - 0x00007ff817bcb000 	C:\WINDOWS\SYSTEM32\CRYPTSP.dll
0x00007ff817440000 - 0x00007ff817475000 	C:\WINDOWS\system32\rsaenh.dll
0x00007ff817a40000 - 0x00007ff817a68000 	C:\WINDOWS\SYSTEM32\USERENV.dll
0x00007ff817ba0000 - 0x00007ff817bac000 	C:\WINDOWS\SYSTEM32\CRYPTBASE.dll
0x00007ff816f70000 - 0x00007ff816f9d000 	C:\WINDOWS\SYSTEM32\IPHLPAPI.DLL
0x00007ff819e30000 - 0x00007ff819e39000 	C:\WINDOWS\System32\NSI.dll
0x00007ffffe070000 - 0x00007ffffe079000 	C:\Program Files\Android\Android Studio2\jbr\bin\extnet.dll
0x00007fffe44f0000 - 0x00007fffe44f8000 	C:\WINDOWS\system32\wshunix.dll

dbghelp: loaded successfully - version: 4.0.5 - missing functions: none
symbol engine: initialized successfully - sym options: 0x614 - pdb path: .;C:\Program Files\Android\Android Studio2\jbr\bin;C:\WINDOWS\SYSTEM32;C:\Program Files\Norton Security\NortonData\22.23.6.5\Definitions\IPSDefs\20241011.001;C:\WINDOWS\WinSxS\amd64_microsoft.windows.common-controls_6595b64144ccf1df_6.0.22621.3672_none_2713b9d173822955;C:\Program Files\Android\Android Studio2\jbr\bin\server;C:\Users\Akira\.gradle\native\c067742578af261105cb4f569cf0c3c89f3d7b1fecec35dd04571415982c5e48\windows-amd64;C:\Users\Akira\.gradle\native\100fb08df4bc3b14c8652ba06237920a3bd2aa13389f12d3474272988ae205f9\windows-amd64

VM Arguments:
jvm_args: --add-opens=java.base/java.util=ALL-UNNAMED --add-opens=java.base/java.lang=ALL-UNNAMED --add-opens=java.base/java.lang.invoke=ALL-UNNAMED --add-opens=java.prefs/java.util.prefs=ALL-UNNAMED --add-exports=jdk.compiler/com.sun.tools.javac.api=ALL-UNNAMED --add-exports=jdk.compiler/com.sun.tools.javac.util=ALL-UNNAMED --add-opens=java.base/java.nio.charset=ALL-UNNAMED --add-opens=java.base/java.net=ALL-UNNAMED --add-opens=java.base/java.util.concurrent.atomic=ALL-UNNAMED -Xmx2048m -Dfile.encoding=UTF-8 -Duser.country=US -Duser.language=en -Duser.variant -javaagent:C:\Users\Akira\.gradle\wrapper\dists\gradle-8.9-bin\90cnw93cvbtalezasaz0blq0a\gradle-8.9\lib\agents\gradle-instrumentation-agent-8.9.jar 
java_command: org.gradle.launcher.daemon.bootstrap.GradleDaemon 8.9
java_class_path (initial): C:\Users\Akira\.gradle\wrapper\dists\gradle-8.9-bin\90cnw93cvbtalezasaz0blq0a\gradle-8.9\lib\gradle-daemon-main-8.9.jar
Launcher Type: SUN_STANDARD

[Global flags]
     intx CICompilerCount                          = 3                                         {product} {ergonomic}
     uint ConcGCThreads                            = 1                                         {product} {ergonomic}
     uint G1ConcRefinementThreads                  = 4                                         {product} {ergonomic}
   size_t G1HeapRegionSize                         = 1048576                                   {product} {ergonomic}
    uintx GCDrainStackTargetSize                   = 64                                        {product} {ergonomic}
   size_t InitialHeapSize                          = 58720256                                  {product} {ergonomic}
   size_t MarkStackSize                            = 4194304                                   {product} {ergonomic}
   size_t MaxHeapSize                              = 2147483648                                {product} {command line}
   size_t MaxNewSize                               = 1287651328                                {product} {ergonomic}
   size_t MinHeapDeltaBytes                        = 1048576                                   {product} {ergonomic}
   size_t MinHeapSize                              = 8388608                                   {product} {ergonomic}
    uintx NonNMethodCodeHeapSize                   = 5832780                                {pd product} {ergonomic}
    uintx NonProfiledCodeHeapSize                  = 122912730                              {pd product} {ergonomic}
    uintx ProfiledCodeHeapSize                     = 122912730                              {pd product} {ergonomic}
    uintx ReservedCodeCacheSize                    = 251658240                              {pd product} {ergonomic}
     bool SegmentedCodeCache                       = true                                      {product} {ergonomic}
   size_t SoftMaxHeapSize                          = 2147483648                             {manageable} {ergonomic}
     bool UseCompressedOops                        = true                           {product lp64_product} {ergonomic}
     bool UseG1GC                                  = true                                      {product} {ergonomic}
     bool UseLargePagesIndividualAllocation        = false                                  {pd product} {ergonomic}

Logging:
Log output configuration:
 #0: stdout all=warning uptime,level,tags foldmultilines=false
 #1: stderr all=off uptime,level,tags foldmultilines=false

Environment Variables:
PATH=C:\app\Akira\product\21c\dbhomeXE\bin;C:\WINDOWS\system32;C:\WINDOWS;C:\WINDOWS\System32\Wbem;C:\WINDOWS\System32\WindowsPowerShell\v1.0\;C:\WINDOWS\System32\OpenSSH\;C:\Program Files\HP\HP One Agent;C:\Program Files\Git\cmd;C:\Users\Akira\AppData\Local\Microsoft\WindowsApps;C:\Users\Akira\AppData\Local\Programs\Microsoft VS Code\bin;C:\ProgramData\Akira\GitHubDesktop\bin;C:\Users\Akira\AppData\Local\GitHubDesktop\bin
USERNAME=Akira
OS=Windows_NT
PROCESSOR_IDENTIFIER=AMD64 Family 23 Model 24 Stepping 1, AuthenticAMD
TMP=C:\Users\Akira\AppData\Local\Temp
TEMP=C:\Users\Akira\AppData\Local\Temp




Periodic native trim disabled

JNI global refs:
JNI global refs: 25, weak refs: 0

JNI global refs memory usage: 835, weak refs: 833

Process memory usage:
Resident Set Size: 246568K (6% of 3587736K total physical memory with 206688K free physical memory)

OOME stack traces (most recent first):
Classloader memory used:
Loader org.gradle.internal.classloader.VisitableURLClassLoader                         : 31372K
Loader bootstrap                                                                       : 22277K
Loader org.gradle.initialization.MixInLegacyTypesClassLoader                           : 6359K
Loader org.gradle.internal.classloader.VisitableURLClassLoader                         : 705K
Loader jdk.internal.loader.ClassLoaders$PlatformClassLoader                            : 506K
Loader jdk.internal.loader.ClassLoaders$AppClassLoader                                 : 230K
Loader jdk.internal.reflect.DelegatingClassLoader                                      : 154K
Loader org.gradle.groovy.scripts.internal.DefaultScriptCompilationHandler$ScriptClassLoader: 35096B
Loader groovy.lang.GroovyClassLoader$InnerLoader                                       : 11968B
Loader org.codehaus.groovy.runtime.callsite.CallSiteClassLoader                        : 7184B

Classes loaded by more than one classloader:
Class org.gradle.api.GradleException                                                  : loaded 3 times (x 79B)
Class org.gradle.internal.classloader.ClassLoaderHierarchy                            : loaded 2 times (x 67B)
Class org.gradle.api.internal.classpath.ManifestUtil                                  : loaded 2 times (x 68B)
Class org.gradle.internal.operations.MultipleBuildOperationFailures                   : loaded 2 times (x 92B)
Class org.gradle.internal.classloader.DefaultClassLoaderFactory                       : loaded 2 times (x 79B)
Class kotlin.collections.AbstractList$Companion                                       : loaded 2 times (x 68B)
Class org.gradle.internal.classloader.ClassLoaderVisitor                              : loaded 2 times (x 73B)
Class org.gradle.api.internal.classpath.EffectiveClassPath                            : loaded 2 times (x 87B)
Class org.gradle.api.internal.DefaultClassPathProvider                                : loaded 2 times (x 73B)
Class [Lorg.gradle.api.internal.ClassPathProvider;                                    : loaded 2 times (x 66B)
Class org.gradle.api.internal.ClassPathProvider                                       : loaded 2 times (x 67B)
Class org.gradle.internal.service.UnknownServiceException                             : loaded 2 times (x 80B)
Class org.gradle.internal.classpath.TransformedClassPath                              : loaded 2 times (x 93B)
Class kotlin.enums.EnumEntriesList                                                    : loaded 2 times (x 220B)
Class org.gradle.internal.service.ServiceLocator                                      : loaded 2 times (x 67B)
Class org.gradle.internal.InternalTransformer                                         : loaded 2 times (x 67B)
Class org.gradle.internal.time.DefaultTimer                                           : loaded 2 times (x 77B)
Class org.gradle.internal.classloader.ClasspathUtil$1                                 : loaded 2 times (x 73B)
Class org.gradle.api.internal.classpath.DefaultModuleRegistry$DefaultModule           : loaded 2 times (x 83B)
Class org.gradle.internal.time.DefaultCountdownTimer                                  : loaded 2 times (x 85B)
Class kotlin.Function                                                                 : loaded 2 times (x 67B)
Class org.gradle.api.internal.classpath.Module                                        : loaded 2 times (x 67B)
Class org.gradle.api.internal.classpath.UnknownModuleException                        : loaded 2 times (x 79B)
Class org.gradle.api.internal.DefaultClassPathRegistry                                : loaded 2 times (x 73B)
Class org.gradle.api.internal.ClassPathRegistry                                       : loaded 2 times (x 67B)
Class org.gradle.internal.classpath.DefaultClassPath$ImmutableUniqueList              : loaded 2 times (x 196B)
Class org.gradle.internal.classpath.ClassPath                                         : loaded 2 times (x 67B)
Class org.gradle.api.UncheckedIOException                                             : loaded 2 times (x 79B)
Class kotlin.UninitializedPropertyAccessException                                     : loaded 2 times (x 79B)
Class org.gradle.internal.installation.GradleInstallation$1                           : loaded 2 times (x 72B)
Class org.gradle.api.internal.classpath.ModuleRegistry                                : loaded 2 times (x 67B)
Class org.gradle.api.internal.classpath.DefaultModuleRegistry                         : loaded 2 times (x 80B)
Class org.gradle.internal.time.MonotonicClock                                         : loaded 2 times (x 74B)
Class org.gradle.internal.service.ServiceLookupException                              : loaded 2 times (x 79B)
Class org.gradle.internal.classloader.ClassLoaderFactory                              : loaded 2 times (x 67B)
Class org.gradle.internal.service.CachingServiceLocator                               : loaded 2 times (x 79B)
Class org.gradle.internal.time.TimeSource                                             : loaded 2 times (x 67B)
Class kotlin.enums.EnumEntries                                                        : loaded 2 times (x 67B)
Class org.gradle.internal.exceptions.ResolutionProvider                               : loaded 2 times (x 67B)
Class org.gradle.internal.classloader.ClasspathUtil                                   : loaded 2 times (x 68B)
Class org.gradle.internal.time.TimeSource$1                                           : loaded 2 times (x 74B)
Class org.gradle.api.specs.Spec                                                       : loaded 2 times (x 67B)
Class org.gradle.internal.time.Clock                                                  : loaded 2 times (x 67B)
Class kotlin.collections.AbstractList                                                 : loaded 2 times (x 194B)
Class kotlin.collections.AbstractCollection                                           : loaded 2 times (x 114B)
Class org.gradle.internal.classloader.VisitableURLClassLoader$InstrumentingVisitableURLClassLoader: loaded 2 times (x 120B)
Class org.gradle.internal.classloader.VisitableURLClassLoader$Spec                    : loaded 2 times (x 71B)
Class org.gradle.internal.classpath.DefaultClassPath                                  : loaded 2 times (x 87B)
Class org.gradle.internal.classloader.ClassLoaderSpec                                 : loaded 2 times (x 68B)
Class org.gradle.internal.classloader.VisitableURLClassLoader                         : loaded 2 times (x 114B)
Class org.gradle.internal.Cast                                                        : loaded 2 times (x 68B)
Class org.gradle.api.Action                                                           : loaded 2 times (x 67B)
Class org.gradle.internal.agents.InstrumentingClassLoader                             : loaded 2 times (x 67B)
Class org.gradle.internal.classpath.DefaultClassPath$ImmutableUniqueList$Builder      : loaded 2 times (x 72B)
Class org.gradle.internal.classloader.FilteringClassLoader                            : loaded 2 times (x 102B)
Class org.gradle.internal.exceptions.NonGradleCauseExceptionsHolder                   : loaded 2 times (x 67B)
Class kotlin.enums.EnumEntriesKt                                                      : loaded 2 times (x 68B)
Class org.gradle.internal.IoActions                                                   : loaded 2 times (x 68B)
Class org.gradle.internal.classloader.SystemClassLoaderSpec                           : loaded 2 times (x 68B)
Class org.gradle.internal.exceptions.MultiCauseException                              : loaded 2 times (x 67B)
Class org.gradle.internal.time.CountdownTimer                                         : loaded 2 times (x 67B)
Class kotlin.jvm.internal.Intrinsics                                                  : loaded 2 times (x 68B)
Class org.gradle.tooling.model.ProjectModel                                           : loaded 2 times (x 67B)
Class kotlin.KotlinNullPointerException                                               : loaded 2 times (x 80B)
Class org.gradle.internal.exceptions.DefaultMultiCauseException                       : loaded 2 times (x 92B)
Class org.gradle.internal.time.Time                                                   : loaded 2 times (x 68B)
Class org.gradle.internal.time.Timer                                                  : loaded 2 times (x 67B)
Class kotlin.jvm.internal.markers.KMappedMarker                                       : loaded 2 times (x 67B)
Class org.gradle.internal.installation.CurrentGradleInstallationLocator               : loaded 2 times (x 68B)
Class org.gradle.internal.service.DefaultServiceLocator                               : loaded 2 times (x 80B)
Class org.gradle.util.GradleVersion                                                   : loaded 2 times (x 80B)
Class org.gradle.internal.installation.CurrentGradleInstallation                      : loaded 2 times (x 70B)
Class org.gradle.util.internal.GUtil                                                  : loaded 2 times (x 68B)
Class org.gradle.internal.installation.GradleInstallation                             : loaded 2 times (x 72B)

---------------  S Y S T E M  ---------------

OS:
 Windows 11 , 64 bit Build 22621 (10.0.22621.3958)
OS uptime: 20 days 23:49 hours

CPU: total 4 (initial active 4) (4 cores per cpu, 2 threads per core) family 23 model 24 stepping 1 microcode 0x0, cx8, cmov, fxsr, ht, mmx, 3dnowpref, sse, sse2, sse3, ssse3, sse4a, sse4.1, sse4.2, popcnt, lzcnt, tsc, tscinvbit, avx, avx2, aes, clmul, bmi1, bmi2, adx, sha, fma, vzeroupper, clflush, clflushopt, rdtscp, f16c
Processor Information for all 4 processors :
  Max Mhz: 2600, Current Mhz: 2600, Mhz Limit: 2600

Memory: 4k page, system-wide physical 3503M (201M free)
TotalPageFile size 14255M (AvailPageFile size 23M)
current process WorkingSet (physical memory assigned to process): 240M, peak: 241M
current process commit charge ("private bytes"): 296M, peak: 316M

vm_info: OpenJDK 64-Bit Server VM (21.0.3+-12282718-b509.11) for windows-amd64 JRE (21.0.3+-12282718-b509.11), built on 2024-08-27T17:34:15Z by "builder" with MS VC++ 16.10 / 16.11 (VS2019)

END.
